This is pdfTeX, Version 3.1415926-2.4-1.40.13 (TeX Live 2012) (format=pdflatex 2012.6.30)  26 FEB 2016 21:31
entering extended mode
 restricted \write18 enabled.
 file:line:error style messages enabled.
 %&-line parsing enabled.
**chapter.tex
(./chapter.tex
LaTeX2e <2011/06/27>
Babel <v3.8m> and hyphenation patterns for english, dumylang, nohyphenation, ge
rman-x-2012-05-30, ngerman-x-2012-05-30, afrikaans, ancientgreek, ibycus, arabi
c, armenian, basque, bulgarian, catalan, pinyin, coptic, croatian, czech, danis
h, dutch, ukenglish, usenglishmax, esperanto, estonian, ethiopic, farsi, finnis
h, french, friulan, galician, german, ngerman, swissgerman, monogreek, greek, h
ungarian, icelandic, assamese, bengali, gujarati, hindi, kannada, malayalam, ma
rathi, oriya, panjabi, tamil, telugu, indonesian, interlingua, irish, italian, 
kurmanji, latin, latvian, lithuanian, mongolian, mongolianlmc, bokmal, nynorsk,
 polish, portuguese, romanian, romansh, russian, sanskrit, serbian, serbianc, s
lovak, slovenian, spanish, swedish, turkish, turkmen, ukrainian, uppersorbian, 
welsh, loaded.
(./packages/mytustyle.cls

LaTeX Warning: You have requested document class `packages/mytustyle',
               but the document class provides `mytustyle'.

Document Class: mytustyle 2010/11/22 v2.2 OCIAM thesis class
(/usr/local/texlive/2012/texmf-dist/tex/latex/base/report.cls
Document Class: report 2007/10/19 v1.4h Standard LaTeX document class
(/usr/local/texlive/2012/texmf-dist/tex/latex/base/size12.clo
File: size12.clo 2007/10/19 v1.4h Standard LaTeX file (size option)
)
\c@part=\count79
\c@chapter=\count80
\c@section=\count81
\c@subsection=\count82
\c@subsubsection=\count83
\c@paragraph=\count84
\c@subparagraph=\count85
\c@figure=\count86
\c@table=\count87
\abovecaptionskip=\skip41
\belowcaptionskip=\skip42
\bibindent=\dimen102
)
(/usr/local/texlive/2012/texmf-dist/tex/latex/graphics/graphicx.sty
Package: graphicx 1999/02/16 v1.0f Enhanced LaTeX Graphics (DPC,SPQR)

(/usr/local/texlive/2012/texmf-dist/tex/latex/graphics/keyval.sty
Package: keyval 1999/03/16 v1.13 key=value parser (DPC)
\KV@toks@=\toks14
)
(/usr/local/texlive/2012/texmf-dist/tex/latex/graphics/graphics.sty
Package: graphics 2009/02/05 v1.0o Standard LaTeX Graphics (DPC,SPQR)

(/usr/local/texlive/2012/texmf-dist/tex/latex/graphics/trig.sty
Package: trig 1999/03/16 v1.09 sin cos tan (DPC)
)
(/usr/local/texlive/2012/texmf-dist/tex/latex/latexconfig/graphics.cfg
File: graphics.cfg 2010/04/23 v1.9 graphics configuration of TeX Live
)
Package graphics Info: Driver file: pdftex.def on input line 91.

(/usr/local/texlive/2012/texmf-dist/tex/latex/pdftex-def/pdftex.def
File: pdftex.def 2011/05/27 v0.06d Graphics/color for pdfTeX

(/usr/local/texlive/2012/texmf-dist/tex/generic/oberdiek/infwarerr.sty
Package: infwarerr 2010/04/08 v1.3 Providing info/warning/error messages (HO)
)
(/usr/local/texlive/2012/texmf-dist/tex/generic/oberdiek/ltxcmds.sty
Package: ltxcmds 2011/11/09 v1.22 LaTeX kernel commands for general use (HO)
)
\Gread@gobject=\count88
))
\Gin@req@height=\dimen103
\Gin@req@width=\dimen104
)
(/usr/local/texlive/2012/texmf-dist/tex/latex/base/ifthen.sty
Package: ifthen 2001/05/26 v1.1c Standard LaTeX ifthen package (DPC)
))
(/usr/local/texlive/2012/texmf-dist/tex/latex/amsfonts/amssymb.sty
Package: amssymb 2009/06/22 v3.00

(/usr/local/texlive/2012/texmf-dist/tex/latex/amsfonts/amsfonts.sty
Package: amsfonts 2009/06/22 v3.00 Basic AMSFonts support
\@emptytoks=\toks15
\symAMSa=\mathgroup4
\symAMSb=\mathgroup5
LaTeX Font Info:    Overwriting math alphabet `\mathfrak' in version `bold'
(Font)                  U/euf/m/n --> U/euf/b/n on input line 96.
))
(/usr/local/texlive/2012/texmf-dist/tex/latex/caption/caption.sty
Package: caption 2012/02/19 v3.2f Customizing captions (AR)

(/usr/local/texlive/2012/texmf-dist/tex/latex/caption/caption3.sty
Package: caption3 2012/01/12 v1.4b caption3 kernel (AR)
\captionmargin=\dimen105
\captionmargin@=\dimen106
\captionwidth=\dimen107
\caption@indent=\dimen108
\caption@parindent=\dimen109
\caption@hangindent=\dimen110
)
\c@ContinuedFloat=\count89
)
(/usr/local/texlive/2012/texmf-dist/tex/latex/was/upgreek.sty
Package: upgreek 2003/02/12 v2.0 (WaS)
Package upgreek Info: Using Euler Roman for upright Greek on input line 31.
\symugrf@m=\mathgroup6
LaTeX Font Info:    Overwriting symbol font `ugrf@m' in version `bold'
(Font)                  U/eur/m/n --> U/eur/b/n on input line 38.
)
(/usr/local/texlive/2012/texmf-dist/tex/latex/subfig/subfig.sty
Package: subfig 2005/06/28 ver: 1.3 subfig package
\c@KVtest=\count90
\sf@farskip=\skip43
\sf@captopadj=\dimen111
\sf@capskip=\skip44
\sf@nearskip=\skip45
\c@subfigure=\count91
\c@subfigure@save=\count92
\c@lofdepth=\count93
\c@subtable=\count94
\c@subtable@save=\count95
\c@lotdepth=\count96
\sf@top=\skip46
\sf@bottom=\skip47
)
(/usr/local/texlive/2012/texmf-dist/tex/latex/enumitem/enumitem.sty
Package: enumitem 2011/09/28 v3.5.2 Customized lists
\labelindent=\skip48
\enit@outerparindent=\dimen112
\enit@toks=\toks16
\enit@inbox=\box26
\enitdp@description=\count97
)
(./packages/fancyhdr.sty
\fancy@headwidth=\skip49
\f@ncyO@elh=\skip50
\f@ncyO@erh=\skip51
\f@ncyO@olh=\skip52
\f@ncyO@orh=\skip53
\f@ncyO@elf=\skip54
\f@ncyO@erf=\skip55
\f@ncyO@olf=\skip56
\f@ncyO@orf=\skip57
)
(/usr/local/texlive/2012/texmf-dist/tex/latex/lineno/lineno.sty
Package: lineno 2005/11/02 line numbers on paragraphs v4.41
\linenopenalty=\count98
\output=\toks17
\linenoprevgraf=\count99
\linenumbersep=\dimen113
\linenumberwidth=\dimen114
\c@linenumber=\count100
\c@pagewiselinenumber=\count101
\c@LN@truepage=\count102
\c@internallinenumber=\count103
\c@internallinenumbers=\count104
\quotelinenumbersep=\dimen115
\bframerule=\dimen116
\bframesep=\dimen117
\bframebox=\box27
LaTeX Info: Redefining \\ on input line 3056.
) (./chapter.aux

LaTeX Warning: Label `sec:radlimit' multiply defined.

)
\openout1 = `chapter.aux'.

LaTeX Font Info:    Checking defaults for OML/cmm/m/it on input line 32.
LaTeX Font Info:    ... okay on input line 32.
LaTeX Font Info:    Checking defaults for T1/cmr/m/n on input line 32.
LaTeX Font Info:    ... okay on input line 32.
LaTeX Font Info:    Checking defaults for OT1/cmr/m/n on input line 32.
LaTeX Font Info:    ... okay on input line 32.
LaTeX Font Info:    Checking defaults for OMS/cmsy/m/n on input line 32.
LaTeX Font Info:    ... okay on input line 32.
LaTeX Font Info:    Checking defaults for OMX/cmex/m/n on input line 32.
LaTeX Font Info:    ... okay on input line 32.
LaTeX Font Info:    Checking defaults for U/cmr/m/n on input line 32.
LaTeX Font Info:    ... okay on input line 32.
 (/usr/local/texlive/2012/texmf-dist/tex/context/base/supp-pdf.mkii
[Loading MPS to PDF converter (version 2006.09.02).]
\scratchcounter=\count105
\scratchdimen=\dimen118
\scratchbox=\box28
\nofMPsegments=\count106
\nofMParguments=\count107
\everyMPshowfont=\toks18
\MPscratchCnt=\count108
\MPscratchDim=\dimen119
\MPnumerator=\count109
\makeMPintoPDFobject=\count110
\everyMPtoPDFconversion=\toks19
) (/usr/local/texlive/2012/texmf-dist/tex/generic/oberdiek/pdftexcmds.sty
Package: pdftexcmds 2011/11/29 v0.20 Utility functions of pdfTeX for LuaTeX (HO
)

(/usr/local/texlive/2012/texmf-dist/tex/generic/oberdiek/ifluatex.sty
Package: ifluatex 2010/03/01 v1.3 Provides the ifluatex switch (HO)
Package ifluatex Info: LuaTeX not detected.
)
(/usr/local/texlive/2012/texmf-dist/tex/generic/oberdiek/ifpdf.sty
Package: ifpdf 2011/01/30 v2.3 Provides the ifpdf switch (HO)
Package ifpdf Info: pdfTeX in PDF mode is detected.
)
Package pdftexcmds Info: LuaTeX not detected.
Package pdftexcmds Info: \pdf@primitive is available.
Package pdftexcmds Info: \pdf@ifprimitive is available.
Package pdftexcmds Info: \pdfdraftmode found.
)
(/usr/local/texlive/2012/texmf-dist/tex/latex/oberdiek/epstopdf-base.sty
Package: epstopdf-base 2010/02/09 v2.5 Base part for package epstopdf

(/usr/local/texlive/2012/texmf-dist/tex/latex/oberdiek/grfext.sty
Package: grfext 2010/08/19 v1.1 Manage graphics extensions (HO)

(/usr/local/texlive/2012/texmf-dist/tex/generic/oberdiek/kvdefinekeys.sty
Package: kvdefinekeys 2011/04/07 v1.3 Define keys (HO)
))
(/usr/local/texlive/2012/texmf-dist/tex/latex/oberdiek/kvoptions.sty
Package: kvoptions 2011/06/30 v3.11 Key value format for package options (HO)

(/usr/local/texlive/2012/texmf-dist/tex/generic/oberdiek/kvsetkeys.sty
Package: kvsetkeys 2012/04/25 v1.16 Key value parser (HO)

(/usr/local/texlive/2012/texmf-dist/tex/generic/oberdiek/etexcmds.sty
Package: etexcmds 2011/02/16 v1.5 Avoid name clashes with e-TeX commands (HO)
Package etexcmds Info: Could not find \expanded.
(etexcmds)             That can mean that you are not using pdfTeX 1.50 or
(etexcmds)             that some package has redefined \expanded.
(etexcmds)             In the latter case, load this package earlier.
)))
Package grfext Info: Graphics extension search list:
(grfext)             [.png,.pdf,.jpg,.mps,.jpeg,.jbig2,.jb2,.PNG,.PDF,.JPG,.JPE
G,.JBIG2,.JB2,.eps]
(grfext)             \AppendGraphicsExtensions on input line 452.

(/usr/local/texlive/2012/texmf-dist/tex/latex/latexconfig/epstopdf-sys.cfg
File: epstopdf-sys.cfg 2010/07/13 v1.3 Configuration of (r)epstopdf for TeX Liv
e
))
Package caption Info: Begin \AtBeginDocument code.
Package caption Info: subfig package v1.3 is loaded.
Package caption Info: End \AtBeginDocument code.

(./chapter.toc
LaTeX Font Info:    Try loading font information for U+msa on input line 2.
 (/usr/local/texlive/2012/texmf-dist/tex/latex/amsfonts/umsa.fd
File: umsa.fd 2009/06/22 v3.00 AMS symbols A
)
LaTeX Font Info:    Try loading font information for U+msb on input line 2.

(/usr/local/texlive/2012/texmf-dist/tex/latex/amsfonts/umsb.fd
File: umsb.fd 2009/06/22 v3.00 AMS symbols B
))
\tf@toc=\write3
\openout3 = `chapter.toc'.

 [1


{/usr/local/texlive/2012/texmf-var/fonts/map/pdftex/updmap/pdftex.map}]
Chapter 1.
[2

] <plots/ro-chain.pdf, id=14, 217.81375pt x 60.225pt>
File: plots/ro-chain.pdf Graphic file (type pdf)

<use plots/ro-chain.pdf>
Package pdftex.def Info: plots/ro-chain.pdf used on input line 88.
(pdftex.def)             Requested size: 346.89731pt x 95.91624pt.


Package Fancyhdr Warning: \headheight is too small (12.0pt): 
 Make it at least 27.05003pt.
 We now make it that large for the rest of the document.
 This may cause the page layout to be inconsistent, however.

[3 <./plots/ro-chain.pdf>] <pics/setup/Cx.png, id=45, 903.375pt x 501.875pt>
File: pics/setup/Cx.png Graphic file (type png)

<use pics/setup/Cx.png>
Package pdftex.def Info: pics/setup/Cx.png used on input line 101.
(pdftex.def)             Requested size: 195.12767pt x 108.39879pt.
 <pics/setup/C2.png, id=46, 903.375pt x 503.8825pt>
File: pics/setup/C2.png Graphic file (type png)

<use pics/setup/C2.png>
Package pdftex.def Info: pics/setup/C2.png used on input line 102.
(pdftex.def)             Requested size: 195.12767pt x 108.83238pt.
 [4 <./pics/setup/Cx.png> <./pics/setup/C2.png>]
<pics/setup/diamond4.jpeg, id=55, 1421.31pt x 657.45625pt>
File: pics/setup/diamond4.jpeg Graphic file (type jpg)

<use pics/setup/diamond4.jpeg>
Package pdftex.def Info: pics/setup/diamond4.jpeg used on input line 127.
(pdftex.def)             Requested size: 346.89731pt x 160.46123pt.

Overfull \hbox (18.981pt too wide) in paragraph at lines 135--147
 [] 
 []

[5 <./pics/setup/diamond4.jpeg>] [6]
<pics/setup/carrier2.jpg, id=65, 1638.12pt x 1228.59pt>
File: pics/setup/carrier2.jpg Graphic file (type jpg)

<use pics/setup/carrier2.jpg>
Package pdftex.def Info: pics/setup/carrier2.jpg used on input line 177.
(pdftex.def)             Requested size: 195.12767pt x 146.33713pt.

<pics/setup/carriersource2.jpg, id=66, 1638.12pt x 1228.59pt>
File: pics/setup/carriersource2.jpg Graphic file (type jpg)

<use pics/setup/carriersource2.jpg>
Package pdftex.def Info: pics/setup/carriersource2.jpg used on input line 178.
(pdftex.def)             Requested size: 195.12767pt x 146.33713pt.
 [7] [8 <./pics/setup/carrier2.jpg> <./pics/setup/carriersource2.jpg>]
<scripts/plots/samplePulses/alpha.pdf, id=74, 569.12625pt x 410.53375pt>
File: scripts/plots/samplePulses/alpha.pdf Graphic file (type pdf)

<use scripts/plots/samplePulses/alpha.pdf>
Package pdftex.def Info: scripts/plots/samplePulses/alpha.pdf used on input lin
e 222.
(pdftex.def)             Requested size: 195.12767pt x 140.75104pt.

<scripts/plots/samplePulses/alphadist.pdf, id=75, 569.12625pt x 410.53375pt>
File: scripts/plots/samplePulses/alphadist.pdf Graphic file (type pdf)

<use scripts/plots/samplePulses/alphadist.pdf>
Package pdftex.def Info: scripts/plots/samplePulses/alphadist.pdf used on input
 line 223.
(pdftex.def)             Requested size: 195.12767pt x 140.75104pt.

<scripts/plots/samplePulses/beta.pdf, id=76, 569.12625pt x 410.53375pt>
File: scripts/plots/samplePulses/beta.pdf Graphic file (type pdf)

<use scripts/plots/samplePulses/beta.pdf>
Package pdftex.def Info: scripts/plots/samplePulses/beta.pdf used on input line
 224.
(pdftex.def)             Requested size: 195.12767pt x 140.75104pt.

<scripts/plots/samplePulses/betadist.pdf, id=77, 569.12625pt x 410.53375pt>
File: scripts/plots/samplePulses/betadist.pdf Graphic file (type pdf)

<use scripts/plots/samplePulses/betadist.pdf>
Package pdftex.def Info: scripts/plots/samplePulses/betadist.pdf used on input 
line 225.
(pdftex.def)             Requested size: 195.12767pt x 140.75104pt.

<scripts/plots/samplePulses/gamma.pdf, id=78, 569.12625pt x 410.53375pt>
File: scripts/plots/samplePulses/gamma.pdf Graphic file (type pdf)

<use scripts/plots/samplePulses/gamma.pdf>
Package pdftex.def Info: scripts/plots/samplePulses/gamma.pdf used on input lin
e 226.
(pdftex.def)             Requested size: 195.12767pt x 140.75104pt.

<scripts/plots/samplePulses/gammadist.pdf, id=79, 569.12625pt x 410.53375pt>
File: scripts/plots/samplePulses/gammadist.pdf Graphic file (type pdf)

<use scripts/plots/samplePulses/gammadist.pdf>
Package pdftex.def Info: scripts/plots/samplePulses/gammadist.pdf used on input
 line 227.
(pdftex.def)             Requested size: 195.12767pt x 140.75104pt.
 [9] [10 <./scripts/plots/samplePulses/alpha.pdf, page is rotated 90 degrees> <
./scripts/plots/samplePulses/alphadist.pdf, page is rotated 90 degrees> <./scri
pts/plots/samplePulses/beta.pdf, page is rotated 90 degrees> <./scripts/plots/s
amplePulses/betadist.pdf, page is rotated 90 degrees> <./scripts/plots/samplePu
lses/gamma.pdf, page is rotated 90 degrees> <./scripts/plots/samplePulses/gamma
dist.pdf, page is rotated 90 degrees>] [11] <scripts/plots/dpa1.pdf, id=348, 56
9.12625pt x 410.53375pt>
File: scripts/plots/dpa1.pdf Graphic file (type pdf)

<use scripts/plots/dpa1.pdf>
Package pdftex.def Info: scripts/plots/dpa1.pdf used on input line 270.
(pdftex.def)             Requested size: 346.89731pt x 250.24356pt.
 [12] [13 <./scripts/plots/dpa1.pdf, page is rotated 90 degrees>]

LaTeX Warning: Reference `tab:semicompare' on page 14 undefined on input line 2
92.

<scripts/plots/ccd.pdf, id=399, 569.12625pt x 410.53375pt>
File: scripts/plots/ccd.pdf Graphic file (type pdf)

<use scripts/plots/ccd.pdf>
Package pdftex.def Info: scripts/plots/ccd.pdf used on input line 312.
(pdftex.def)             Requested size: 346.89731pt x 250.24356pt.

<scripts/plots/radfactor1.pdf, id=400, 569.12625pt x 410.53375pt>
File: scripts/plots/radfactor1.pdf Graphic file (type pdf)

<use scripts/plots/radfactor1.pdf>
Package pdftex.def Info: scripts/plots/radfactor1.pdf used on input line 313.
(pdftex.def)             Requested size: 346.89731pt x 250.24356pt.
 [14]
Overfull \vbox (12.50719pt too high) has occurred while \output is active []


[15 <./scripts/plots/ccd.pdf, page is rotated 90 degrees> <./scripts/plots/radf
actor1.pdf, page is rotated 90 degrees>] [16]
<plots/ccdpriming.pdf, id=497, 569.12625pt x 381.425pt>
File: plots/ccdpriming.pdf Graphic file (type pdf)

<use plots/ccdpriming.pdf>
Package pdftex.def Info: plots/ccdpriming.pdf used on input line 359.
(pdftex.def)             Requested size: 346.89731pt x 232.50012pt.
 [17 <./plots/ccdpriming.pdf, page is rotated 90 degrees>] <scripts/plots/amplv
stimecx4.pdf, id=544, 569.12625pt x 381.425pt>
File: scripts/plots/amplvstimecx4.pdf Graphic file (type pdf)

<use scripts/plots/amplvstimecx4.pdf>
Package pdftex.def Info: scripts/plots/amplvstimecx4.pdf used on input line 374
.
(pdftex.def)             Requested size: 346.89731pt x 232.50012pt.
 [18 <./scripts/plots/amplvstimecx4.pdf, page is rotated 90 degrees>]
<scripts/plots/plotLifetime/holes0.pdf, id=591, 569.12625pt x 410.53375pt>
File: scripts/plots/plotLifetime/holes0.pdf Graphic file (type pdf)

<use scripts/plots/plotLifetime/holes0.pdf>
Package pdftex.def Info: scripts/plots/plotLifetime/holes0.pdf used on input li
ne 390.
(pdftex.def)             Requested size: 195.12767pt x 140.75104pt.

<scripts/plots/plotLifetime/elecs0.pdf, id=592, 569.12625pt x 410.53375pt>
File: scripts/plots/plotLifetime/elecs0.pdf Graphic file (type pdf)

<use scripts/plots/plotLifetime/elecs0.pdf>
Package pdftex.def Info: scripts/plots/plotLifetime/elecs0.pdf used on input li
ne 391.
(pdftex.def)             Requested size: 195.12767pt x 140.75104pt.

<scripts/plots/plotLifetime/holes15.pdf, id=593, 569.12625pt x 410.53375pt>
File: scripts/plots/plotLifetime/holes15.pdf Graphic file (type pdf)

<use scripts/plots/plotLifetime/holes15.pdf>
Package pdftex.def Info: scripts/plots/plotLifetime/holes15.pdf used on input l
ine 392.
(pdftex.def)             Requested size: 195.12767pt x 140.75104pt.

<scripts/plots/plotLifetime/elecs15.pdf, id=594, 569.12625pt x 410.53375pt>
File: scripts/plots/plotLifetime/elecs15.pdf Graphic file (type pdf)

<use scripts/plots/plotLifetime/elecs15.pdf>
Package pdftex.def Info: scripts/plots/plotLifetime/elecs15.pdf used on input l
ine 393.
(pdftex.def)             Requested size: 195.12767pt x 140.75104pt.

<scripts/plots/plotLifetime/holes30.pdf, id=595, 569.12625pt x 410.53375pt>
File: scripts/plots/plotLifetime/holes30.pdf Graphic file (type pdf)

<use scripts/plots/plotLifetime/holes30.pdf>
Package pdftex.def Info: scripts/plots/plotLifetime/holes30.pdf used on input l
ine 394.
(pdftex.def)             Requested size: 195.12767pt x 140.75104pt.

<scripts/plots/plotLifetime/elecs30.pdf, id=596, 569.12625pt x 410.53375pt>
File: scripts/plots/plotLifetime/elecs30.pdf Graphic file (type pdf)

<use scripts/plots/plotLifetime/elecs30.pdf>
Package pdftex.def Info: scripts/plots/plotLifetime/elecs30.pdf used on input l
ine 395.
(pdftex.def)             Requested size: 195.12767pt x 140.75104pt.
 [19 <./scripts/plots/plotLifetime/holes0.pdf, page is rotated 90 degrees> <./s
cripts/plots/plotLifetime/elecs0.pdf, page is rotated 90 degrees> <./scripts/pl
ots/plotLifetime/holes15.pdf, page is rotated 90 degrees> <./scripts/plots/plot
Lifetime/elecs15.pdf, page is rotated 90 degrees> <./scripts/plots/plotLifetime
/holes30.pdf, page is rotated 90 degrees> <./scripts/plots/plotLifetime/elecs30
.pdf, page is rotated 90 degrees>]
<scripts/plots/plotLifetime/corrlifetime.pdf, id=860, 569.12625pt x 410.53375pt
>
File: scripts/plots/plotLifetime/corrlifetime.pdf Graphic file (type pdf)
 <use scripts/plots/plotLifetime/corrlifetime.pdf>
Package pdftex.def Info: scripts/plots/plotLifetime/corrlifetime.pdf used on in
put line 416.
(pdftex.def)             Requested size: 346.89731pt x 250.24356pt.
 [20 <./scripts/plots/plotLifetime/corrlifetime.pdf, page is rotated 90 degrees
>]
<scripts/plots/plotLifetime/formCorrelation.pdf, id=907, 569.12625pt x 410.5337
5pt>
File: scripts/plots/plotLifetime/formCorrelation.pdf Graphic file (type pdf)
 <use scripts/plots/plotLifetime/formCorrelation.pdf>
Package pdftex.def Info: scripts/plots/plotLifetime/formCorrelation.pdf used on
 input line 457.
(pdftex.def)             Requested size: 346.89731pt x 250.24356pt.
 [21]
Overfull \hbox (45.8329pt too wide) in paragraph at lines 493--497
[]\OT1/cmr/m/n/12 ]). This means that the lat-tice within the ion-i-sa-tion vol
-ume (ap-prox-i-mately $\OMS/cmsy/m/n/12 ^^X$\OT1/cmr/m/n/12 15 $\U/eur/m/n/12 
^^V$\OT1/cmr/m/n/12 m$\OMS/cmsy/m/n/12 ^^B ^^X$\OT1/cmr/m/n/12 2 nm
 []

[22 <./scripts/plots/plotLifetime/formCorrelation.pdf, page is rotated 90 degre
es>]
<scripts/plots/pulsesVolt/varVolt_S52_elecs_260k.pdf, id=958, 569.12625pt x 410
.53375pt>
File: scripts/plots/pulsesVolt/varVolt_S52_elecs_260k.pdf Graphic file (type pd
f)
 <use scripts/plots/pulsesVolt/varVolt_S52_elecs_260k.pdf>
Package pdftex.def Info: scripts/plots/pulsesVolt/varVolt_S52_elecs_260k.pdf us
ed on input line 511.
(pdftex.def)             Requested size: 203.80193pt x 147.009pt.

<scripts/plots/pulsesVolt/varVolt_S52_holes_260k.pdf, id=959, 569.12625pt x 410
.53375pt>
File: scripts/plots/pulsesVolt/varVolt_S52_holes_260k.pdf Graphic file (type pd
f)
 <use scripts/plots/pulsesVolt/varVolt_S52_holes_260k.pdf>
Package pdftex.def Info: scripts/plots/pulsesVolt/varVolt_S52_holes_260k.pdf us
ed on input line 512.
(pdftex.def)             Requested size: 203.80193pt x 147.009pt.

Overfull \hbox (5.81714pt too wide) in paragraph at lines 510--514
[][] 
 []

<scripts/plots/pulses/S37_elecs.pdf, id=960, 569.12625pt x 410.53375pt>
File: scripts/plots/pulses/S37_elecs.pdf Graphic file (type pdf)

<use scripts/plots/pulses/S37_elecs.pdf>
Package pdftex.def Info: scripts/plots/pulses/S37_elecs.pdf used on input line 
524.
(pdftex.def)             Requested size: 203.80193pt x 147.009pt.

<scripts/plots/pulses/S37_holes.pdf, id=961, 569.12625pt x 410.53375pt>
File: scripts/plots/pulses/S37_holes.pdf Graphic file (type pdf)

<use scripts/plots/pulses/S37_holes.pdf>
Package pdftex.def Info: scripts/plots/pulses/S37_holes.pdf used on input line 
525.
(pdftex.def)             Requested size: 203.80193pt x 147.009pt.

<scripts/plots/pulses/S79_elecs.pdf, id=962, 569.12625pt x 410.53375pt>
File: scripts/plots/pulses/S79_elecs.pdf Graphic file (type pdf)

<use scripts/plots/pulses/S79_elecs.pdf>
Package pdftex.def Info: scripts/plots/pulses/S79_elecs.pdf used on input line 
526.
(pdftex.def)             Requested size: 203.80193pt x 147.009pt.

<scripts/plots/pulses/S79_holes.pdf, id=963, 569.12625pt x 410.53375pt>
File: scripts/plots/pulses/S79_holes.pdf Graphic file (type pdf)

<use scripts/plots/pulses/S79_holes.pdf>
Package pdftex.def Info: scripts/plots/pulses/S79_holes.pdf used on input line 
527.
(pdftex.def)             Requested size: 203.80193pt x 147.009pt.

<scripts/plots/pulses/S52_elecs.pdf, id=964, 569.12625pt x 410.53375pt>
File: scripts/plots/pulses/S52_elecs.pdf Graphic file (type pdf)

<use scripts/plots/pulses/S52_elecs.pdf>
Package pdftex.def Info: scripts/plots/pulses/S52_elecs.pdf used on input line 
528.
(pdftex.def)             Requested size: 203.80193pt x 147.009pt.

<scripts/plots/pulses/S52_holes.pdf, id=965, 569.12625pt x 410.53375pt>
File: scripts/plots/pulses/S52_holes.pdf Graphic file (type pdf)

<use scripts/plots/pulses/S52_holes.pdf>
Package pdftex.def Info: scripts/plots/pulses/S52_holes.pdf used on input line 
529.
(pdftex.def)             Requested size: 203.80193pt x 147.009pt.

Overfull \hbox (5.81714pt too wide) in paragraph at lines 523--531
[][] 
 []

[23 <./scripts/plots/pulsesVolt/varVolt_S52_elecs_260k.pdf, page is rotated 90 
degrees> <./scripts/plots/pulsesVolt/varVolt_S52_holes_260k.pdf, page is rotate
d 90 degrees>] [24 <./scripts/plots/pulses/S37_elecs.pdf, page is rotated 90 de
grees> <./scripts/plots/pulses/S37_holes.pdf, page is rotated 90 degrees> <./sc
ripts/plots/pulses/S79_elecs.pdf, page is rotated 90 degrees> <./scripts/plots/
pulses/S79_holes.pdf, page is rotated 90 degrees> <./scripts/plots/pulses/S52_e
lecs.pdf, page is rotated 90 degrees> <./scripts/plots/pulses/S52_holes.pdf, pa
ge is rotated 90 degrees>]

LaTeX Warning: Reference `fig:S52cTminusAfter230' on page 25 undefined on input
 line 545.

[25]
<scripts/plots/pulsesVolt/varVolt_S52_3-63e14_elecs_230k.pdf, id=1321, 569.1262
5pt x 410.53375pt>
File: scripts/plots/pulsesVolt/varVolt_S52_3-63e14_elecs_230k.pdf Graphic file 
(type pdf)

<use scripts/plots/pulsesVolt/varVolt_S52_3-63e14_elecs_230k.pdf>
Package pdftex.def Info: scripts/plots/pulsesVolt/varVolt_S52_3-63e14_elecs_230
k.pdf used on input line 556.
(pdftex.def)             Requested size: 203.80193pt x 147.009pt.

<scripts/plots/pulsesVolt/varVolt_S52_3-63e14_holes_230k.pdf, id=1322, 569.1262
5pt x 410.53375pt>
File: scripts/plots/pulsesVolt/varVolt_S52_3-63e14_holes_230k.pdf Graphic file 
(type pdf)

<use scripts/plots/pulsesVolt/varVolt_S52_3-63e14_holes_230k.pdf>
Package pdftex.def Info: scripts/plots/pulsesVolt/varVolt_S52_3-63e14_holes_230
k.pdf used on input line 557.
(pdftex.def)             Requested size: 203.80193pt x 147.009pt.

<scripts/plots/pulsesVolt/varVolt_S52_3-63e14_elecs_260k.pdf, id=1323, 569.1262
5pt x 410.53375pt>
File: scripts/plots/pulsesVolt/varVolt_S52_3-63e14_elecs_260k.pdf Graphic file 
(type pdf)

<use scripts/plots/pulsesVolt/varVolt_S52_3-63e14_elecs_260k.pdf>
Package pdftex.def Info: scripts/plots/pulsesVolt/varVolt_S52_3-63e14_elecs_260
k.pdf used on input line 558.
(pdftex.def)             Requested size: 203.80193pt x 147.009pt.

<scripts/plots/pulsesVolt/varVolt_S52_3-63e14_holes_260k.pdf, id=1324, 569.1262
5pt x 410.53375pt>
File: scripts/plots/pulsesVolt/varVolt_S52_3-63e14_holes_260k.pdf Graphic file 
(type pdf)

<use scripts/plots/pulsesVolt/varVolt_S52_3-63e14_holes_260k.pdf>
Package pdftex.def Info: scripts/plots/pulsesVolt/varVolt_S52_3-63e14_holes_260
k.pdf used on input line 559.
(pdftex.def)             Requested size: 203.80193pt x 147.009pt.

Overfull \hbox (5.81714pt too wide) in paragraph at lines 555--561
[][] 
 []

File: scripts/plots/pulses/S37_elecs.pdf Graphic file (type pdf)
<use scripts/plots/pulses/S37_elecs.pdf>
Package pdftex.def Info: scripts/plots/pulses/S37_elecs.pdf used on input line 
571.
(pdftex.def)             Requested size: 203.80193pt x 147.009pt.
File: scripts/plots/pulses/S37_holes.pdf Graphic file (type pdf)

<use scripts/plots/pulses/S37_holes.pdf>
Package pdftex.def Info: scripts/plots/pulses/S37_holes.pdf used on input line 
572.
(pdftex.def)             Requested size: 203.80193pt x 147.009pt.

<scripts/plots/pulses/S79_1e14_elecs.pdf, id=1325, 569.12625pt x 410.53375pt>
File: scripts/plots/pulses/S79_1e14_elecs.pdf Graphic file (type pdf)

<use scripts/plots/pulses/S79_1e14_elecs.pdf>
Package pdftex.def Info: scripts/plots/pulses/S79_1e14_elecs.pdf used on input 
line 573.
(pdftex.def)             Requested size: 203.80193pt x 147.009pt.

<scripts/plots/pulses/S79_1e14_holes.pdf, id=1326, 569.12625pt x 410.53375pt>
File: scripts/plots/pulses/S79_1e14_holes.pdf Graphic file (type pdf)

<use scripts/plots/pulses/S79_1e14_holes.pdf>
Package pdftex.def Info: scripts/plots/pulses/S79_1e14_holes.pdf used on input 
line 574.
(pdftex.def)             Requested size: 203.80193pt x 147.009pt.

<scripts/plots/pulses/S52_3-63e14_elecs.pdf, id=1327, 569.12625pt x 410.53375pt
>
File: scripts/plots/pulses/S52_3-63e14_elecs.pdf Graphic file (type pdf)
 <use scripts/plots/pulses/S52_3-63e14_elecs.pdf>
Package pdftex.def Info: scripts/plots/pulses/S52_3-63e14_elecs.pdf used on inp
ut line 575.
(pdftex.def)             Requested size: 203.80193pt x 147.009pt.

<scripts/plots/pulses/S52_3-63e14_holes.pdf, id=1328, 569.12625pt x 410.53375pt
>
File: scripts/plots/pulses/S52_3-63e14_holes.pdf Graphic file (type pdf)
 <use scripts/plots/pulses/S52_3-63e14_holes.pdf>
Package pdftex.def Info: scripts/plots/pulses/S52_3-63e14_holes.pdf used on inp
ut line 576.
(pdftex.def)             Requested size: 203.80193pt x 147.009pt.

Overfull \hbox (5.81714pt too wide) in paragraph at lines 570--578
[][] 
 []

[26 <./scripts/plots/pulsesVolt/varVolt_S52_3-63e14_elecs_230k.pdf, page is rot
ated 90 degrees> <./scripts/plots/pulsesVolt/varVolt_S52_3-63e14_holes_230k.pdf
, page is rotated 90 degrees> <./scripts/plots/pulsesVolt/varVolt_S52_3-63e14_e
lecs_260k.pdf, page is rotated 90 degrees> <./scripts/plots/pulsesVolt/varVolt_
S52_3-63e14_holes_260k.pdf, page is rotated 90 degrees>] [27 <./scripts/plots/p
ulses/S79_1e14_elecs.pdf, page is rotated 90 degrees> <./scripts/plots/pulses/S
79_1e14_holes.pdf, page is rotated 90 degrees> <./scripts/plots/pulses/S52_3-63
e14_elecs.pdf, page is rotated 90 degrees> <./scripts/plots/pulses/S52_3-63e14_
holes.pdf, page is rotated 90 degrees>]
<scripts/plots/charge500V.pdf, id=1681, 569.12625pt x 410.53375pt>
File: scripts/plots/charge500V.pdf Graphic file (type pdf)

<use scripts/plots/charge500V.pdf>
Package pdftex.def Info: scripts/plots/charge500V.pdf used on input line 593.
(pdftex.def)             Requested size: 346.89731pt x 250.24356pt.

<scripts/plots/charge-500V.pdf, id=1682, 569.12625pt x 410.53375pt>
File: scripts/plots/charge-500V.pdf Graphic file (type pdf)

<use scripts/plots/charge-500V.pdf>
Package pdftex.def Info: scripts/plots/charge-500V.pdf used on input line 594.
(pdftex.def)             Requested size: 346.89731pt x 250.24356pt.
 [28] [29 <./scripts/plots/charge500V.pdf, page is rotated 90 degrees> <./scrip
ts/plots/charge-500V.pdf, page is rotated 90 degrees>]
<scripts/plots/taunew/lifetimevstemp.pdf, id=1776, 569.12625pt x 410.53375pt>
File: scripts/plots/taunew/lifetimevstemp.pdf Graphic file (type pdf)

<use scripts/plots/taunew/lifetimevstemp.pdf>
Package pdftex.def Info: scripts/plots/taunew/lifetimevstemp.pdf used on input 
line 628.
(pdftex.def)             Requested size: 346.89731pt x 250.24356pt.

<scripts/plots/taunew/avglifetime.pdf, id=1777, 569.12625pt x 410.53375pt>
File: scripts/plots/taunew/avglifetime.pdf Graphic file (type pdf)

<use scripts/plots/taunew/avglifetime.pdf>
Package pdftex.def Info: scripts/plots/taunew/avglifetime.pdf used on input lin
e 630.
(pdftex.def)             Requested size: 346.89731pt x 250.24356pt.
 [30]

LaTeX Warning: Text page 31 contains only floats.

[31 <./scripts/plots/taunew/lifetimevstemp.pdf, page is rotated 90 degrees> <./
scripts/plots/taunew/avglifetime.pdf, page is rotated 90 degrees>]
(./chapter.bbl [32

]
Missing character: There is no Ã in font cmr12!
Missing character: There is no ¼ in font cmr12!
LaTeX Font Info:    Try loading font information for OMS+cmr on input line 53.

(/usr/local/texlive/2012/texmf-dist/tex/latex/base/omscmr.fd
File: omscmr.fd 1999/05/25 v2.5h Standard LaTeX font definitions
)
LaTeX Font Info:    Font shape `OMS/cmr/m/n' in size <12> not available
(Font)              Font shape `OMS/cmsy/m/n' tried instead on input line 53.
 [33

]
Overfull \hbox (120.2562pt too wide) in paragraph at lines 90--96
\OT1/cmr/m/n/12 https://indico.cern.ch/event/102998/session/22/contribution/463
/attachments/10561/15445/diamond-
 []

) [34] (./chapter.aux)

LaTeX Warning: There were undefined references.


LaTeX Warning: There were multiply-defined labels.

 ) 
Here is how much of TeX's memory you used:
 4125 strings out of 493488
 67424 string characters out of 3141326
 120599 words of memory out of 3000000
 7321 multiletter control sequences out of 15000+200000
 17053 words of font info for 64 fonts, out of 3000000 for 9000
 957 hyphenation exceptions out of 8191
 38i,15n,46p,2064b,425s stack positions out of 5000i,500n,10000p,200000b,50000s
</usr/local/texlive/2012/texmf-dist/fonts/type1/public/amsfonts/cm/cmbx12.pfb
></usr/local/texlive/2012/texmf-dist/fonts/type1/public/amsfonts/cm/cmbxti10.pf
b></usr/local/texlive/2012/texmf-dist/fonts/type1/public/amsfonts/cm/cmmi10.pfb
></usr/local/texlive/2012/texmf-dist/fonts/type1/public/amsfonts/cm/cmmi12.pfb>
</usr/local/texlive/2012/texmf-dist/fonts/type1/public/amsfonts/cm/cmmi6.pfb></
usr/local/texlive/2012/texmf-dist/fonts/type1/public/amsfonts/cm/cmmi8.pfb></us
r/local/texlive/2012/texmf-dist/fonts/type1/public/amsfonts/cm/cmr10.pfb></usr/
local/texlive/2012/texmf-dist/fonts/type1/public/amsfonts/cm/cmr12.pfb></usr/lo
cal/texlive/2012/texmf-dist/fonts/type1/public/amsfonts/cm/cmr6.pfb></usr/local
/texlive/2012/texmf-dist/fonts/type1/public/amsfonts/cm/cmr7.pfb></usr/local/te
xlive/2012/texmf-dist/fonts/type1/public/amsfonts/cm/cmr8.pfb></usr/local/texli
ve/2012/texmf-dist/fonts/type1/public/amsfonts/cm/cmsl12.pfb></usr/local/texliv
e/2012/texmf-dist/fonts/type1/public/amsfonts/cm/cmss8.pfb></usr/local/texlive/
2012/texmf-dist/fonts/type1/public/amsfonts/cm/cmsy10.pfb></usr/local/texlive/2
012/texmf-dist/fonts/type1/public/amsfonts/cm/cmsy6.pfb></usr/local/texlive/201
2/texmf-dist/fonts/type1/public/amsfonts/cm/cmsy7.pfb></usr/local/texlive/2012/
texmf-dist/fonts/type1/public/amsfonts/cm/cmsy8.pfb></usr/local/texlive/2012/te
xmf-dist/fonts/type1/public/amsfonts/cm/cmti12.pfb></usr/local/texlive/2012/tex
mf-dist/fonts/type1/public/amsfonts/euler/eurm10.pfb>
Output written on chapter.pdf (34 pages, 4676858 bytes).
PDF statistics:
 1941 PDF objects out of 2073 (max. 8388607)
 852 compressed objects within 9 object streams
 0 named destinations out of 1000 (max. 500000)
 226 words of extra memory for PDF output out of 10000 (max. 10000000)

