This is pdfTeX, Version 3.1415926-2.4-1.40.13 (TeX Live 2012) (format=pdflatex 2012.6.30)  6 DEC 2015 22:16
entering extended mode
 restricted \write18 enabled.
 file:line:error style messages enabled.
 %&-line parsing enabled.
**chapter.tex
(./chapter.tex
LaTeX2e <2011/06/27>
Babel <v3.8m> and hyphenation patterns for english, dumylang, nohyphenation, ge
rman-x-2012-05-30, ngerman-x-2012-05-30, afrikaans, ancientgreek, ibycus, arabi
c, armenian, basque, bulgarian, catalan, pinyin, coptic, croatian, czech, danis
h, dutch, ukenglish, usenglishmax, esperanto, estonian, ethiopic, farsi, finnis
h, french, friulan, galician, german, ngerman, swissgerman, monogreek, greek, h
ungarian, icelandic, assamese, bengali, gujarati, hindi, kannada, malayalam, ma
rathi, oriya, panjabi, tamil, telugu, indonesian, interlingua, irish, italian, 
kurmanji, latin, latvian, lithuanian, mongolian, mongolianlmc, bokmal, nynorsk,
 polish, portuguese, romanian, romansh, russian, sanskrit, serbian, serbianc, s
lovak, slovenian, spanish, swedish, turkish, turkmen, ukrainian, uppersorbian, 
welsh, loaded.
(./packages/mytustyle.cls

LaTeX Warning: You have requested document class `packages/mytustyle',
               but the document class provides `mytustyle'.

Document Class: mytustyle 2010/11/22 v2.2 OCIAM thesis class
(/usr/local/texlive/2012/texmf-dist/tex/latex/base/report.cls
Document Class: report 2007/10/19 v1.4h Standard LaTeX document class
(/usr/local/texlive/2012/texmf-dist/tex/latex/base/size12.clo
File: size12.clo 2007/10/19 v1.4h Standard LaTeX file (size option)
)
\c@part=\count79
\c@chapter=\count80
\c@section=\count81
\c@subsection=\count82
\c@subsubsection=\count83
\c@paragraph=\count84
\c@subparagraph=\count85
\c@figure=\count86
\c@table=\count87
\abovecaptionskip=\skip41
\belowcaptionskip=\skip42
\bibindent=\dimen102
)
(/usr/local/texlive/2012/texmf-dist/tex/latex/graphics/graphicx.sty
Package: graphicx 1999/02/16 v1.0f Enhanced LaTeX Graphics (DPC,SPQR)

(/usr/local/texlive/2012/texmf-dist/tex/latex/graphics/keyval.sty
Package: keyval 1999/03/16 v1.13 key=value parser (DPC)
\KV@toks@=\toks14
)
(/usr/local/texlive/2012/texmf-dist/tex/latex/graphics/graphics.sty
Package: graphics 2009/02/05 v1.0o Standard LaTeX Graphics (DPC,SPQR)

(/usr/local/texlive/2012/texmf-dist/tex/latex/graphics/trig.sty
Package: trig 1999/03/16 v1.09 sin cos tan (DPC)
)
(/usr/local/texlive/2012/texmf-dist/tex/latex/latexconfig/graphics.cfg
File: graphics.cfg 2010/04/23 v1.9 graphics configuration of TeX Live
)
Package graphics Info: Driver file: pdftex.def on input line 91.

(/usr/local/texlive/2012/texmf-dist/tex/latex/pdftex-def/pdftex.def
File: pdftex.def 2011/05/27 v0.06d Graphics/color for pdfTeX

(/usr/local/texlive/2012/texmf-dist/tex/generic/oberdiek/infwarerr.sty
Package: infwarerr 2010/04/08 v1.3 Providing info/warning/error messages (HO)
)
(/usr/local/texlive/2012/texmf-dist/tex/generic/oberdiek/ltxcmds.sty
Package: ltxcmds 2011/11/09 v1.22 LaTeX kernel commands for general use (HO)
)
\Gread@gobject=\count88
))
\Gin@req@height=\dimen103
\Gin@req@width=\dimen104
)
(/usr/local/texlive/2012/texmf-dist/tex/latex/base/ifthen.sty
Package: ifthen 2001/05/26 v1.1c Standard LaTeX ifthen package (DPC)
))
(/usr/local/texlive/2012/texmf-dist/tex/latex/amsfonts/amssymb.sty
Package: amssymb 2009/06/22 v3.00

(/usr/local/texlive/2012/texmf-dist/tex/latex/amsfonts/amsfonts.sty
Package: amsfonts 2009/06/22 v3.00 Basic AMSFonts support
\@emptytoks=\toks15
\symAMSa=\mathgroup4
\symAMSb=\mathgroup5
LaTeX Font Info:    Overwriting math alphabet `\mathfrak' in version `bold'
(Font)                  U/euf/m/n --> U/euf/b/n on input line 96.
))
(/usr/local/texlive/2012/texmf-dist/tex/latex/caption/caption.sty
Package: caption 2012/02/19 v3.2f Customizing captions (AR)

(/usr/local/texlive/2012/texmf-dist/tex/latex/caption/caption3.sty
Package: caption3 2012/01/12 v1.4b caption3 kernel (AR)
\captionmargin=\dimen105
\captionmargin@=\dimen106
\captionwidth=\dimen107
\caption@indent=\dimen108
\caption@parindent=\dimen109
\caption@hangindent=\dimen110
)
\c@ContinuedFloat=\count89
)
(/usr/local/texlive/2012/texmf-dist/tex/latex/was/upgreek.sty
Package: upgreek 2003/02/12 v2.0 (WaS)
Package upgreek Info: Using Euler Roman for upright Greek on input line 31.
\symugrf@m=\mathgroup6
LaTeX Font Info:    Overwriting symbol font `ugrf@m' in version `bold'
(Font)                  U/eur/m/n --> U/eur/b/n on input line 38.
)
(/usr/local/texlive/2012/texmf-dist/tex/generic/babel/babel.sty
Package: babel 2008/07/08 v3.8m The Babel package

(/usr/local/texlive/2012/texmf-dist/tex/generic/babel/greek.ldf
Language: greek 2005/03/30 v1.3l Greek support from the babel system

(/usr/local/texlive/2012/texmf-dist/tex/generic/babel/babel.def
File: babel.def 2008/07/08 v3.8m Babel common definitions
\babel@savecnt=\count90
\U@D=\dimen111
)
Loading the definitions for the Greek font encoding
(/usr/local/texlive/2012/texmf-dist/tex/generic/babel/lgrenc.def
File: lgrenc.def 2008/06/17 v2.3 Greek Encoding
))
(/usr/local/texlive/2012/texmf-dist/tex/generic/babel/english.ldf
Language: english 2005/03/30 v3.3o English support from the babel system
\l@canadian = a dialect from \language\l@american 
\l@australian = a dialect from \language\l@british 
\l@newzealand = a dialect from \language\l@british 
))
(/usr/local/texlive/2012/texmf-dist/tex/latex/subfig/subfig.sty
Package: subfig 2005/06/28 ver: 1.3 subfig package
\c@KVtest=\count91
\sf@farskip=\skip43
\sf@captopadj=\dimen112
\sf@capskip=\skip44
\sf@nearskip=\skip45
\c@subfigure=\count92
\c@subfigure@save=\count93
\c@lofdepth=\count94
\c@subtable=\count95
\c@subtable@save=\count96
\c@lotdepth=\count97
\sf@top=\skip46
\sf@bottom=\skip47
)
(./packages/fancyhdr.sty
\fancy@headwidth=\skip48
\f@ncyO@elh=\skip49
\f@ncyO@erh=\skip50
\f@ncyO@olh=\skip51
\f@ncyO@orh=\skip52
\f@ncyO@elf=\skip53
\f@ncyO@erf=\skip54
\f@ncyO@olf=\skip55
\f@ncyO@orf=\skip56
)
(/usr/local/texlive/2012/texmf-dist/tex/latex/lineno/lineno.sty
Package: lineno 2005/11/02 line numbers on paragraphs v4.41
\linenopenalty=\count98
\output=\toks16
\linenoprevgraf=\count99
\linenumbersep=\dimen113
\linenumberwidth=\dimen114
\c@linenumber=\count100
\c@pagewiselinenumber=\count101
\c@LN@truepage=\count102
\c@internallinenumber=\count103
\c@internallinenumbers=\count104
\quotelinenumbersep=\dimen115
\bframerule=\dimen116
\bframesep=\dimen117
\bframebox=\box26
LaTeX Info: Redefining \\ on input line 3056.
)
(/usr/local/texlive/2012/texmf-dist/tex/latex/enumitem/enumitem.sty
Package: enumitem 2011/09/28 v3.5.2 Customized lists
\labelindent=\skip57
\enit@outerparindent=\dimen118
\enit@toks=\toks17
\enit@inbox=\box27
\enitdp@description=\count105
)
(./chapter.aux

LaTeX Warning: Label `eq:vsat' multiply defined.


LaTeX Warning: Label `fig:spcchg' multiply defined.

)
\openout1 = `chapter.aux'.

LaTeX Font Info:    Checking defaults for OML/cmm/m/it on input line 19.
LaTeX Font Info:    ... okay on input line 19.
LaTeX Font Info:    Checking defaults for T1/cmr/m/n on input line 19.
LaTeX Font Info:    ... okay on input line 19.
LaTeX Font Info:    Checking defaults for OT1/cmr/m/n on input line 19.
LaTeX Font Info:    ... okay on input line 19.
LaTeX Font Info:    Checking defaults for OMS/cmsy/m/n on input line 19.
LaTeX Font Info:    ... okay on input line 19.
LaTeX Font Info:    Checking defaults for OMX/cmex/m/n on input line 19.
LaTeX Font Info:    ... okay on input line 19.
LaTeX Font Info:    Checking defaults for U/cmr/m/n on input line 19.
LaTeX Font Info:    ... okay on input line 19.
LaTeX Font Info:    Checking defaults for LGR/cmr/m/n on input line 19.
LaTeX Font Info:    Try loading font information for LGR+cmr on input line 19.
 (/usr/local/texlive/2012/texmf-dist/tex/generic/babel/lgrcmr.fd
File: lgrcmr.fd 2008/06/17 v2.3 Greek Computer Modern
)
LaTeX Font Info:    ... okay on input line 19.

(/usr/local/texlive/2012/texmf-dist/tex/context/base/supp-pdf.mkii
[Loading MPS to PDF converter (version 2006.09.02).]
\scratchcounter=\count106
\scratchdimen=\dimen119
\scratchbox=\box28
\nofMPsegments=\count107
\nofMParguments=\count108
\everyMPshowfont=\toks18
\MPscratchCnt=\count109
\MPscratchDim=\dimen120
\MPnumerator=\count110
\makeMPintoPDFobject=\count111
\everyMPtoPDFconversion=\toks19
) (/usr/local/texlive/2012/texmf-dist/tex/generic/oberdiek/pdftexcmds.sty
Package: pdftexcmds 2011/11/29 v0.20 Utility functions of pdfTeX for LuaTeX (HO
)

(/usr/local/texlive/2012/texmf-dist/tex/generic/oberdiek/ifluatex.sty
Package: ifluatex 2010/03/01 v1.3 Provides the ifluatex switch (HO)
Package ifluatex Info: LuaTeX not detected.
)
(/usr/local/texlive/2012/texmf-dist/tex/generic/oberdiek/ifpdf.sty
Package: ifpdf 2011/01/30 v2.3 Provides the ifpdf switch (HO)
Package ifpdf Info: pdfTeX in PDF mode is detected.
)
Package pdftexcmds Info: LuaTeX not detected.
Package pdftexcmds Info: \pdf@primitive is available.
Package pdftexcmds Info: \pdf@ifprimitive is available.
Package pdftexcmds Info: \pdfdraftmode found.
)
(/usr/local/texlive/2012/texmf-dist/tex/latex/oberdiek/epstopdf-base.sty
Package: epstopdf-base 2010/02/09 v2.5 Base part for package epstopdf

(/usr/local/texlive/2012/texmf-dist/tex/latex/oberdiek/grfext.sty
Package: grfext 2010/08/19 v1.1 Manage graphics extensions (HO)

(/usr/local/texlive/2012/texmf-dist/tex/generic/oberdiek/kvdefinekeys.sty
Package: kvdefinekeys 2011/04/07 v1.3 Define keys (HO)
))
(/usr/local/texlive/2012/texmf-dist/tex/latex/oberdiek/kvoptions.sty
Package: kvoptions 2011/06/30 v3.11 Key value format for package options (HO)

(/usr/local/texlive/2012/texmf-dist/tex/generic/oberdiek/kvsetkeys.sty
Package: kvsetkeys 2012/04/25 v1.16 Key value parser (HO)

(/usr/local/texlive/2012/texmf-dist/tex/generic/oberdiek/etexcmds.sty
Package: etexcmds 2011/02/16 v1.5 Avoid name clashes with e-TeX commands (HO)
Package etexcmds Info: Could not find \expanded.
(etexcmds)             That can mean that you are not using pdfTeX 1.50 or
(etexcmds)             that some package has redefined \expanded.
(etexcmds)             In the latter case, load this package earlier.
)))
Package grfext Info: Graphics extension search list:
(grfext)             [.png,.pdf,.jpg,.mps,.jpeg,.jbig2,.jb2,.PNG,.PDF,.JPG,.JPE
G,.JBIG2,.JB2,.eps]
(grfext)             \AppendGraphicsExtensions on input line 452.

(/usr/local/texlive/2012/texmf-dist/tex/latex/latexconfig/epstopdf-sys.cfg
File: epstopdf-sys.cfg 2010/07/13 v1.3 Configuration of (r)epstopdf for TeX Liv
e
))
Package caption Info: Begin \AtBeginDocument code.
Package caption Info: subfig package v1.3 is loaded.
Package caption Info: End \AtBeginDocument code.

(./chapter.toc
LaTeX Font Info:    Try loading font information for U+msa on input line 3.
 (/usr/local/texlive/2012/texmf-dist/tex/latex/amsfonts/umsa.fd
File: umsa.fd 2009/06/22 v3.00 AMS symbols A
)
LaTeX Font Info:    Try loading font information for U+msb on input line 3.

(/usr/local/texlive/2012/texmf-dist/tex/latex/amsfonts/umsb.fd
File: umsb.fd 2009/06/22 v3.00 AMS symbols B
))
\tf@toc=\write3
\openout3 = `chapter.toc'.

 [1


{/usr/local/texlive/2012/texmf-var/fonts/map/pdftex/updmap/pdftex.map}]
Chapter 1.
[2

]
Overfull \hbox (1.90881pt too wide) in paragraph at lines 71--72
\OT1/cmr/m/n/12 There are sev-eral ways the par-ti-cles can in-ter-act with the
 sen-sor: via bremsstrahlung [],
 []


Package Fancyhdr Warning: \headheight is too small (12.0pt): 
 Make it at least 14.49998pt.
 We now make it that large for the rest of the document.
 This may cause the page layout to be inconsistent, however.

[3] <plots/semilattice9.pdf, id=24, 259.46938pt x 252.945pt>
File: plots/semilattice9.pdf Graphic file (type pdf)

<use plots/semilattice9.pdf>
Package pdftex.def Info: plots/semilattice9.pdf used on input line 97.
(pdftex.def)             Requested size: 95.39693pt x 92.99765pt.

Underfull \hbox (badness 10000) in paragraph at lines 97--97
[]\OT1/cmr/m/n/10 (a) |Va-lence bonds
 []


Underfull \hbox (badness 10000) in paragraph at lines 97--97
\OT1/cmr/m/n/10 in the crys-talline
 []


Underfull \hbox (badness 10000) in paragraph at lines 97--97
\OT1/cmr/m/n/10 struc-ture can be
 []

<plots/simpledrift.pdf, id=25, 128.98187pt x 73.77562pt>
File: plots/simpledrift.pdf Graphic file (type pdf)

<use plots/simpledrift.pdf>
Package pdftex.def Info: plots/simpledrift.pdf used on input line 99.
(pdftex.def)             Requested size: 143.09538pt x 81.85585pt.

<plots/simpledrifteq.pdf, id=26, 124.465pt x 66.2475pt>
File: plots/simpledrifteq.pdf Graphic file (type pdf)

<use plots/simpledrifteq.pdf>
Package pdftex.def Info: plots/simpledrifteq.pdf used on input line 100.
(pdftex.def)             Requested size: 143.09538pt x 76.16986pt.

Overfull \hbox (7.71758pt too wide) in paragraph at lines 96--102
[][] 
 []


Overfull \hbox (13.31726pt too wide) in paragraph at lines 110--111
[]\OT1/cmr/m/n/12 The mean en-ergy loss of a par-ti-cle travers-
 []

<pics/bb2.jpg, id=27, 840.13875pt x 526.96875pt>
File: pics/bb2.jpg Graphic file (type jpg)
 <use pics/bb2.jpg>
Package pdftex.def Info: pics/bb2.jpg used on input line 121.
(pdftex.def)             Requested size: 303.53267pt x 190.38403pt.
 [4 <./plots/semilattice9.pdf> <./plots/simpledrift.pdf> <./plots/simpledrifteq
.pdf>]
<plots/chargeind1.pdf, id=94, 115.93312pt x 94.85437pt>
File: plots/chargeind1.pdf Graphic file (type pdf)

<use plots/chargeind1.pdf>
Package pdftex.def Info: plots/chargeind1.pdf used on input line 137.
(pdftex.def)             Requested size: 130.08731pt x 106.44456pt.

Underfull \hbox (badness 1478) in paragraph at lines 137--137
\OT1/cmr/m/n/10 cou-ples with the con-duc-tive
 []

<plots/chargeind2.pdf, id=95, 117.94063pt x 88.83188pt>
File: plots/chargeind2.pdf Graphic file (type pdf)

<use plots/chargeind2.pdf>
Package pdftex.def Info: plots/chargeind2.pdf used on input line 138.
(pdftex.def)             Requested size: 130.08731pt x 97.98238pt.

<plots/chargeind3.pdf, id=96, 117.43875pt x 81.30376pt>
File: plots/chargeind3.pdf Graphic file (type pdf)

<use plots/chargeind3.pdf>
Package pdftex.def Info: plots/chargeind3.pdf used on input line 139.
(pdftex.def)             Requested size: 130.08731pt x 90.06088pt.

Overfull \hbox (4.39182pt too wide) in paragraph at lines 136--141
[][] 
 []

[5 <./pics/bb2.jpg> <./plots/chargeind1.pdf> <./plots/chargeind2.pdf> <./plots/
chargeind3.pdf>] <plots/driftboth.pdf, id=162, 189.20688pt x 139.52126pt>
File: plots/driftboth.pdf Graphic file (type pdf)

<use plots/driftboth.pdf>
Package pdftex.def Info: plots/driftboth.pdf used on input line 196.
(pdftex.def)             Requested size: 346.89731pt x 255.82593pt.
 [6] [7 <./plots/driftboth.pdf>]
<../../scripts/02_pulse_formation/plots/resolution.pdf, id=197, 569.12625pt x 3
64.36125pt>
File: ../../scripts/02_pulse_formation/plots/resolution.pdf Graphic file (type 
pdf)
 <use ../../scripts/02_pulse_formation/plots/resolution.pdf>
Package pdftex.def Info: ../../scripts/02_pulse_formation/plots/resolution.pdf 
used on input line 221.
(pdftex.def)             Requested size: 195.12767pt x 124.92084pt.


LaTeX Warning: Reference `XXXCHAPTER' on page 8 undefined on input line 234.

[8]

LaTeX Warning: Reference `' on page 9 undefined on input line 254.

<plots/spcchg.pdf, id=201, 188.20313pt x 96.36pt>
File: plots/spcchg.pdf Graphic file (type pdf)
 <use plots/spcchg.pdf>
Package pdftex.def Info: plots/spcchg.pdf used on input line 267.
(pdftex.def)             Requested size: 260.17464pt x 133.21951pt.

[9 <../../scripts/02_pulse_formation/plots/resolution.pdf, page is rotated 90 d
egrees>]

LaTeX Warning: Reference `fig:raddamage' on page 10 undefined on input line 275
.

<plots/raddamage.pdf, id=248, 395.4775pt x 187.70125pt>
File: plots/raddamage.pdf Graphic file (type pdf)

<use plots/raddamage.pdf>
Package pdftex.def Info: plots/raddamage.pdf used on input line 286.
(pdftex.def)             Requested size: 260.17464pt x 123.48509pt.
 [10 <./plots/spcchg.pdf>]
<plots/curramp.pdf, id=276, 198.24063pt x 70.2625pt>
File: plots/curramp.pdf Graphic file (type pdf)
 <use plots/curramp.pdf>
Package pdftex.def Info: plots/curramp.pdf used on input line 319.
(pdftex.def)             Requested size: 216.81pt x 76.84618pt.

<plots/chgamp.pdf, id=277, 157.08687pt x 108.90688pt>
File: plots/chgamp.pdf Graphic file (type pdf)
 <use plots/chgamp.pdf>
Package pdftex.def Info: plots/chgamp.pdf used on input line 320.
(pdftex.def)             Requested size: 173.44534pt x 120.25323pt.

[11 <./plots/raddamage.pdf>]
<plots/currrc.pdf, id=297, 156.08313pt x 63.23625pt>
File: plots/currrc.pdf Graphic file (type pdf)
 <use plots/currrc.pdf>
Package pdftex.def Info: plots/currrc.pdf used on input line 334.
(pdftex.def)             Requested size: 195.12767pt x 79.05667pt.

<plots/chgrc.pdf, id=298, 161.10187pt x 64.24pt>
File: plots/chgrc.pdf Graphic file (type pdf)
 <use plots/chgrc.pdf>
Package pdftex.def Info: plots/chgrc.pdf used on input line 352.
(pdftex.def)             Requested size: 195.12767pt x 77.811pt.
 [12 <./plots/curramp.pdf> <./plots/chgamp.pdf> <./plots/currrc.pdf>] [13 <./pl
ots/chgrc.pdf>] <plots/qerr.pdf, id=377, 138.5175pt x 100.87688pt>
File: plots/qerr.pdf Graphic file (type pdf)
 <use plots/qerr.pdf>
Package pdftex.def Info: plots/qerr.pdf used on input line 378.
(pdftex.def)             Requested size: 238.49231pt x 173.68645pt.

Overfull \hbox (10.7695pt too wide) in paragraph at lines 389--391
\OT1/cmr/m/n/12 For the ex-am-ple above the quan-ti-sa-tion er-ror will be $^^A
\OML/cmm/m/it/12 Q[] \OT1/cmr/m/n/12 = 0\OML/cmm/m/it/12 :\OT1/cmr/m/n/12 289 \
OMS/cmsy/m/n/12 ^^A \OT1/cmr/m/n/12 0\OML/cmm/m/it/12 :\OT1/cmr/m/n/12 39$ mV=0
.11 mV.
 []

[14 <./plots/qerr.pdf>] <pics/fpga.jpg, id=403, 168.1482pt x 134.904pt>
File: pics/fpga.jpg Graphic file (type jpg)

<use pics/fpga.jpg>
Package pdftex.def Info: pics/fpga.jpg used on input line 406.
(pdftex.def)             Requested size: 195.12767pt x 156.55461pt.
 <pics/asic.png, id=404, 421.575pt x 322.20375pt>
File: pics/asic.png Graphic file (type png)

<use pics/asic.png>
Package pdftex.def Info: pics/asic.png used on input line 407.
(pdftex.def)             Requested size: 195.12767pt x 149.13489pt.
 (./chapter.bbl [15] [16 <./pics/fpga.jpg> <./pics/asic.png>]) [17

] (./chapter.aux)

LaTeX Warning: There were undefined references.


LaTeX Warning: There were multiply-defined labels.

 ) 
Here is how much of TeX's memory you used:
 4321 strings out of 493488
 65926 string characters out of 3141326
 131550 words of memory out of 3000000
 7533 multiletter control sequences out of 15000+200000
 14805 words of font info for 56 fonts, out of 3000000 for 9000
 957 hyphenation exceptions out of 8191
 38i,16n,46p,2536b,450s stack positions out of 5000i,500n,10000p,200000b,50000s
</usr/local/texlive/2012/texmf-dist/fonts/type1/public/amsfonts/cm/cmbx12.pfb
></usr/local/texlive/2012/texmf-dist/fonts/type1/public/amsfonts/cm/cmex10.pfb>
</usr/local/texlive/2012/texmf-dist/fonts/type1/public/amsfonts/cm/cmmi10.pfb><
/usr/local/texlive/2012/texmf-dist/fonts/type1/public/amsfonts/cm/cmmi12.pfb></
usr/local/texlive/2012/texmf-dist/fonts/type1/public/amsfonts/cm/cmmi8.pfb></us
r/local/texlive/2012/texmf-dist/fonts/type1/public/amsfonts/cm/cmr10.pfb></usr/
local/texlive/2012/texmf-dist/fonts/type1/public/amsfonts/cm/cmr12.pfb></usr/lo
cal/texlive/2012/texmf-dist/fonts/type1/public/amsfonts/cm/cmr6.pfb></usr/local
/texlive/2012/texmf-dist/fonts/type1/public/amsfonts/cm/cmr7.pfb></usr/local/te
xlive/2012/texmf-dist/fonts/type1/public/amsfonts/cm/cmr8.pfb></usr/local/texli
ve/2012/texmf-dist/fonts/type1/public/amsfonts/cm/cmsl12.pfb></usr/local/texliv
e/2012/texmf-dist/fonts/type1/public/amsfonts/cm/cmss8.pfb></usr/local/texlive/
2012/texmf-dist/fonts/type1/public/amsfonts/cm/cmsy10.pfb></usr/local/texlive/2
012/texmf-dist/fonts/type1/public/amsfonts/cm/cmsy7.pfb></usr/local/texlive/201
2/texmf-dist/fonts/type1/public/amsfonts/cm/cmsy8.pfb></usr/local/texlive/2012/
texmf-dist/fonts/type1/public/amsfonts/cm/cmti12.pfb></usr/local/texlive/2012/t
exmf-dist/fonts/type1/public/amsfonts/euler/eurm10.pfb>
Output written on chapter.pdf (17 pages, 1215062 bytes).
PDF statistics:
 471 PDF objects out of 1000 (max. 8388607)
 331 compressed objects within 4 object streams
 0 named destinations out of 1000 (max. 500000)
 91 words of extra memory for PDF output out of 10000 (max. 10000000)

