This is pdfTeX, Version 3.14159265-2.6-1.40.16 (TeX Live 2015) (preloaded format=pdflatex 2016.4.6)  5 MAY 2016 13:17
entering extended mode
 restricted \write18 enabled.
 file:line:error style messages enabled.
 %&-line parsing enabled.
**02_makechapter.tex
(./02_makechapter.tex
LaTeX2e <2015/01/01>
Babel <3.9l> and hyphenation patterns for 79 languages loaded.
(./packages/mytustyle.cls

LaTeX Warning: You have requested document class `packages/mytustyle',
               but the document class provides `mytustyle'.

Document Class: mytustyle 2010/11/22 v2.2 OCIAM thesis class
(/usr/local/texlive/2015/texmf-dist/tex/latex/base/report.cls
Document Class: report 2014/09/29 v1.4h Standard LaTeX document class
(/usr/local/texlive/2015/texmf-dist/tex/latex/base/size11.clo
File: size11.clo 2014/09/29 v1.4h Standard LaTeX file (size option)
)
\c@part=\count79
\c@chapter=\count80
\c@section=\count81
\c@subsection=\count82
\c@subsubsection=\count83
\c@paragraph=\count84
\c@subparagraph=\count85
\c@figure=\count86
\c@table=\count87
\abovecaptionskip=\skip41
\belowcaptionskip=\skip42
\bibindent=\dimen102
)
(/usr/local/texlive/2015/texmf-dist/tex/latex/graphics/graphicx.sty
Package: graphicx 2014/10/28 v1.0g Enhanced LaTeX Graphics (DPC,SPQR)

(/usr/local/texlive/2015/texmf-dist/tex/latex/graphics/keyval.sty
Package: keyval 2014/10/28 v1.15 key=value parser (DPC)
\KV@toks@=\toks14
)
(/usr/local/texlive/2015/texmf-dist/tex/latex/graphics/graphics.sty
Package: graphics 2014/10/28 v1.0p Standard LaTeX Graphics (DPC,SPQR)

(/usr/local/texlive/2015/texmf-dist/tex/latex/graphics/trig.sty
Package: trig 1999/03/16 v1.09 sin cos tan (DPC)
)
(/usr/local/texlive/2015/texmf-dist/tex/latex/latexconfig/graphics.cfg
File: graphics.cfg 2010/04/23 v1.9 graphics configuration of TeX Live
)
Package graphics Info: Driver file: pdftex.def on input line 94.

(/usr/local/texlive/2015/texmf-dist/tex/latex/pdftex-def/pdftex.def
File: pdftex.def 2011/05/27 v0.06d Graphics/color for pdfTeX

(/usr/local/texlive/2015/texmf-dist/tex/generic/oberdiek/infwarerr.sty
Package: infwarerr 2010/04/08 v1.3 Providing info/warning/error messages (HO)
)
(/usr/local/texlive/2015/texmf-dist/tex/generic/oberdiek/ltxcmds.sty
Package: ltxcmds 2011/11/09 v1.22 LaTeX kernel commands for general use (HO)
)
\Gread@gobject=\count88
))
\Gin@req@height=\dimen103
\Gin@req@width=\dimen104
)
(/usr/local/texlive/2015/texmf-dist/tex/latex/base/ifthen.sty
Package: ifthen 2014/09/29 v1.1c Standard LaTeX ifthen package (DPC)
))
(/usr/local/texlive/2015/texmf-dist/tex/latex/amsfonts/amssymb.sty
Package: amssymb 2013/01/14 v3.01 AMS font symbols

(/usr/local/texlive/2015/texmf-dist/tex/latex/amsfonts/amsfonts.sty
Package: amsfonts 2013/01/14 v3.01 Basic AMSFonts support
\@emptytoks=\toks15
\symAMSa=\mathgroup4
\symAMSb=\mathgroup5
LaTeX Font Info:    Overwriting math alphabet `\mathfrak' in version `bold'
(Font)                  U/euf/m/n --> U/euf/b/n on input line 106.
))
(/usr/local/texlive/2015/texmf-dist/tex/latex/caption/caption.sty
Package: caption 2013/05/02 v3.3-89 Customizing captions (AR)

(/usr/local/texlive/2015/texmf-dist/tex/latex/caption/caption3.sty
Package: caption3 2013/05/02 v1.6-88 caption3 kernel (AR)
Package caption3 Info: TeX engine: e-TeX on input line 57.
\captionmargin=\dimen105
\captionmargin@=\dimen106
\captionwidth=\dimen107
\caption@tempdima=\dimen108
\caption@indent=\dimen109
\caption@parindent=\dimen110
\caption@hangindent=\dimen111
)
\c@ContinuedFloat=\count89
)
(/usr/local/texlive/2015/texmf-dist/tex/latex/was/upgreek.sty
Package: upgreek 2003/02/12 v2.0 (WaS)
Package upgreek Info: Using Euler Roman for upright Greek on input line 31.
\symugrf@m=\mathgroup6
LaTeX Font Info:    Overwriting symbol font `ugrf@m' in version `bold'
(Font)                  U/eur/m/n --> U/eur/b/n on input line 38.
)
(/usr/local/texlive/2015/texmf-dist/tex/latex/siunitx/siunitx.sty
(/usr/local/texlive/2015/texmf-dist/tex/latex/l3kernel/expl3.sty
Package: expl3 2015/03/01 v5547 L3 programming layer (loader) 

(/usr/local/texlive/2015/texmf-dist/tex/latex/l3kernel/expl3-code.tex
Package: expl3 2015/03/01 v5547 L3 programming layer (code) 
L3 Module: l3bootstrap 2015/02/28 v5542 L3 Bootstrap code
L3 Module: l3names 2015/02/24 v5535 L3 Namespace for primitives
L3 Module: l3basics 2015/01/27 v5500 L3 Basic definitions
L3 Module: l3expan 2014/11/27 v5472 L3 Argument expansion
L3 Module: l3tl 2015/01/27 v5500 L3 Token lists
L3 Module: l3str 2015/03/01 v5545 L3 Strings
L3 Module: l3seq 2014/08/23 v5354 L3 Sequences and stacks
L3 Module: l3int 2015/02/21 v5529 L3 Integers
\c_max_int=\count90
\l_tmpa_int=\count91
\l_tmpb_int=\count92
\g_tmpa_int=\count93
\g_tmpb_int=\count94
L3 Module: l3quark 2014/08/23 v5354 L3 Quarks
L3 Module: l3prg 2014/08/23 v5354 L3 Control structures
\g__prg_map_int=\count95
L3 Module: l3clist 2014/08/23 v5354 L3 Comma separated lists
L3 Module: l3token 2014/09/15 v5422 L3 Experimental token manipulation
L3 Module: l3prop 2014/08/23 v5354 L3 Property lists
L3 Module: l3msg 2015/02/26 v5537 L3 Messages
L3 Module: l3file 2014/08/24 v5369 L3 File and I/O operations
\l_iow_line_count_int=\count96
\l__iow_target_count_int=\count97
\l__iow_current_line_int=\count98
\l__iow_current_word_int=\count99
\l__iow_current_indentation_int=\count100
L3 Module: l3skip 2014/08/23 v5354 L3 Dimensions and skips
\c_zero_dim=\dimen112
\c_max_dim=\dimen113
\l_tmpa_dim=\dimen114
\l_tmpb_dim=\dimen115
\g_tmpa_dim=\dimen116
\g_tmpb_dim=\dimen117
\c_zero_skip=\skip43
\c_max_skip=\skip44
\l_tmpa_skip=\skip45
\l_tmpb_skip=\skip46
\g_tmpa_skip=\skip47
\g_tmpb_skip=\skip48
\c_zero_muskip=\muskip10
\c_max_muskip=\muskip11
\l_tmpa_muskip=\muskip12
\l_tmpb_muskip=\muskip13
\g_tmpa_muskip=\muskip14
\g_tmpb_muskip=\muskip15
L3 Module: l3keys 2015/01/27 v5500 L3 Key-value interfaces
\g__keyval_level_int=\count101
\l_keys_choice_int=\count102
L3 Module: l3fp 2014/08/22 v5336 L3 Floating points
\c__fp_leading_shift_int=\count103
\c__fp_middle_shift_int=\count104
\c__fp_trailing_shift_int=\count105
\c__fp_big_leading_shift_int=\count106
\c__fp_big_middle_shift_int=\count107
\c__fp_big_trailing_shift_int=\count108
\c__fp_Bigg_leading_shift_int=\count109
\c__fp_Bigg_middle_shift_int=\count110
\c__fp_Bigg_trailing_shift_int=\count111
L3 Module: l3box 2014/08/23 v5354 L3 Experimental boxes
\c_empty_box=\box26
\l_tmpa_box=\box27
\l_tmpb_box=\box28
\g_tmpa_box=\box29
\g_tmpb_box=\box30
L3 Module: l3coffins 2014/08/23 v5354 L3 Coffin code layer
\l__coffin_internal_box=\box31
\l__coffin_internal_dim=\dimen118
\l__coffin_offset_x_dim=\dimen119
\l__coffin_offset_y_dim=\dimen120
\l__coffin_x_dim=\dimen121
\l__coffin_y_dim=\dimen122
\l__coffin_x_prime_dim=\dimen123
\l__coffin_y_prime_dim=\dimen124
\c_empty_coffin=\box32
\l__coffin_aligned_coffin=\box33
\l__coffin_aligned_internal_coffin=\box34
\l_tmpa_coffin=\box35
\l_tmpb_coffin=\box36
\l__coffin_display_coffin=\box37
\l__coffin_display_coord_coffin=\box38
\l__coffin_display_pole_coffin=\box39
\l__coffin_display_offset_dim=\dimen125
\l__coffin_display_x_dim=\dimen126
\l__coffin_display_y_dim=\dimen127
L3 Module: l3color 2014/08/23 v5354 L3 Experimental color support
L3 Module: l3candidates 2015/03/01 v5544 L3 Experimental additions to l3kernel
\l__box_top_dim=\dimen128
\l__box_bottom_dim=\dimen129
\l__box_left_dim=\dimen130
\l__box_right_dim=\dimen131
\l__box_top_new_dim=\dimen132
\l__box_bottom_new_dim=\dimen133
\l__box_left_new_dim=\dimen134
\l__box_right_new_dim=\dimen135
\l__box_internal_box=\box40
\l__coffin_bounding_shift_dim=\dimen136
\l__coffin_left_corner_dim=\dimen137
\l__coffin_right_corner_dim=\dimen138
\l__coffin_bottom_corner_dim=\dimen139
\l__coffin_top_corner_dim=\dimen140
\l__coffin_scaled_total_height_dim=\dimen141
\l__coffin_scaled_width_dim=\dimen142
)
(/usr/local/texlive/2015/texmf-dist/tex/latex/l3kernel/l3unicode-data.def
File: l3unicode-data.def 2015/03/01 v5544 L3 Unicode data
)
(/usr/local/texlive/2015/texmf-dist/tex/latex/l3kernel/l3pdfmode.def
File: l3pdfmode.def 2015/03/01 v5544 L3 Experimental driver: PDF mode
\l__driver_color_stack_int=\count112
))
(/usr/local/texlive/2015/texmf-dist/tex/latex/l3packages/xparse/xparse.sty
Package: xparse 2014/11/25 v5471 L3 Experimental document command parser
\l__xparse_current_arg_int=\count113
\l__xparse_m_args_int=\count114
\l__xparse_mandatory_args_int=\count115
\l__xparse_processor_int=\count116
\l__xparse_v_nesting_int=\count117
)
Package: siunitx 2015/01/21 v2.6e A comprehensive (SI) units package

(/usr/local/texlive/2015/texmf-dist/tex/latex/amsmath/amstext.sty
Package: amstext 2000/06/29 v2.01

(/usr/local/texlive/2015/texmf-dist/tex/latex/amsmath/amsgen.sty
File: amsgen.sty 1999/11/30 v2.0
\@emptytoks=\toks16
\ex@=\dimen143
))
(/usr/local/texlive/2015/texmf-dist/tex/latex/tools/array.sty
Package: array 2014/10/28 v2.4c Tabular extension package (FMi)
\col@sep=\dimen144
\extrarowheight=\dimen145
\NC@list=\toks17
\extratabsurround=\skip49
\backup@length=\skip50
)
(/usr/local/texlive/2015/texmf-dist/tex/latex/l3packages/l3keys2e/l3keys2e.sty
Package: l3keys2e 2014/11/25 v5471 LaTeX2e option processing using LaTeX3 keys
)
Variant \tl_if_blank:VTF already defined; not changing it on line 50
\l__siunitx_tmp_box=\box41
\l__siunitx_tmp_dim=\dimen146
\l__siunitx_tmp_int=\count118
Variant \prop_get:NVNT already defined; not changing it on line 380
Variant \prop_get:NVNF already defined; not changing it on line 381
Variant \prop_get:NVNTF already defined; not changing it on line 382
\l__siunitx_number_mantissa_length_int=\count119
\l__siunitx_number_uncert_length_int=\count120
\l__siunitx_round_int=\count121
\l__siunitx_process_decimal_int=\count122
\l__siunitx_process_uncertainty_int=\count123
\l__siunitx_process_fixed_int=\count124
\l__siunitx_process_integer_min_int=\count125
\l__siunitx_process_precision_int=\count126
\l__siunitx_group_min_int=\count127
\l__siunitx_angle_marker_box=\box42
\l__siunitx_angle_unit_box=\box43
\l__siunitx_angle_marker_dim=\dimen147
\l__siunitx_angle_unit_dim=\dimen148
\l__siunitx_unit_int=\count128
\l__siunitx_unit_denominator_int=\count129
\l__siunitx_unit_numerator_int=\count130
\l__siunitx_unit_prefix_int=\count131
\l__siunitx_unit_prefix_base_int=\count132
\l__siunitx_unit_prefix_gram_int=\count133
\l__siunitx_number_product_int=\count134
\c__siunitx_one_fill_skip=\skip51
\l__siunitx_table_unit_align_skip=\skip52
\l__siunitx_table_exponent_dim=\dimen149
\l__siunitx_table_integer_dim=\dimen150
\l__siunitx_table_mantissa_dim=\dimen151
\l__siunitx_table_marker_dim=\dimen152
\l__siunitx_table_result_dim=\dimen153
\l__siunitx_table_uncert_dim=\dimen154
\l__siunitx_table_fill_pre_dim=\dimen155
\l__siunitx_table_fill_post_dim=\dimen156
\l__siunitx_table_fill_mid_dim=\dimen157
\l__siunitx_table_pre_box=\box44
\l__siunitx_table_post_box=\box45
\l__siunitx_table_mantissa_box=\box46
\l__siunitx_table_result_box=\box47
\l__siunitx_table_number_align_skip=\skip53
\l__siunitx_table_text_align_skip=\skip54
.................................................
. LaTeX info: "xparse/define-command"
. 
. Defining command \DeclareBinaryPrefix with sig. 'mmm' on line 7176.
.................................................
.................................................
. LaTeX info: "xparse/define-command"
. 
. Defining command \DeclareSIPostPower with sig. 'mm' on line 7179.
.................................................
.................................................
. LaTeX info: "xparse/define-command"
. 
. Defining command \DeclareSIPrefix with sig. 'mmm' on line 7182.
.................................................
.................................................
. LaTeX info: "xparse/define-command"
. 
. Defining command \DeclareSIPrePower with sig. 'mm' on line 7185.
.................................................
.................................................
. LaTeX info: "xparse/define-command"
. 
. Defining command \DeclareSIQualifier with sig. 'mm' on line 7188.
.................................................
.................................................
. LaTeX info: "xparse/define-command"
. 
. Defining command \DeclareSIUnit with sig. 'O{}mm' on line 7191.
.................................................
.................................................
. LaTeX info: "xparse/define-command"
. 
. Defining command \DeclareSIUnitWithOptions with sig. 'mmm' on line 7194.
.................................................
.................................................
. LaTeX info: "xparse/define-command"
. 
. Defining command \ang with sig. 'o>{\SplitArgument {2}{;}}m' on line 7209.
.................................................
.................................................
. LaTeX info: "xparse/define-command"
. 
. Defining command \num with sig. 'om' on line 7217.
.................................................
.................................................
. LaTeX info: "xparse/define-command"
. 
. Defining command \numlist with sig. 'o>{\SplitList {;}}m' on line 7225.
.................................................
.................................................
. LaTeX info: "xparse/define-command"
. 
. Defining command \numrange with sig. 'omm' on line 7233.
.................................................
.................................................
. LaTeX info: "xparse/define-command"
. 
. Defining command \SIlist with sig. 'o>{\SplitList {;}}mm' on line 7244.
.................................................
.................................................
. LaTeX info: "xparse/define-command"
. 
. Defining command \SIrange with sig. 'ommm' on line 7255.
.................................................
.................................................
. LaTeX info: "xparse/define-command"
. 
. Defining command \SI with sig. 'omom' on line 7266.
.................................................
.................................................
. LaTeX info: "xparse/define-command"
. 
. Defining command \sisetup with sig. 'm' on line 7269.
.................................................
.................................................
. LaTeX info: "xparse/define-command"
. 
. Defining command \tablenum with sig. 'om' on line 7281.
.................................................
.................................................
. LaTeX info: "xparse/define-command"
. 
. Defining command \si with sig. 'om' on line 7292.
.................................................
.................................................
. LaTeX info: "xparse/define-command"
. 
. Defining command \__siunitx_bookmark_num:w with sig. 'om' on line 7339.
.................................................
.................................................
. LaTeX info: "xparse/define-command"
. 
. Defining command \__siunitx_bookmark_numrange:w with sig. 'omm' on line
. 7341.
.................................................
.................................................
. LaTeX info: "xparse/define-command"
. 
. Defining command \__siunitx_bookmark_SI:w with sig. 'omom' on line 7343.
.................................................
.................................................
. LaTeX info: "xparse/define-command"
. 
. Defining command \__siunitx_bookmark_SIlist:w with sig. 'omm' on line 7345.
.................................................
.................................................
. LaTeX info: "xparse/define-command"
. 
. Defining command \__siunitx_bookmark_SIrange:w with sig. 'ommm' on line
. 7347.
.................................................
.................................................
. LaTeX info: "xparse/define-command"
. 
. Defining command \__siunitx_bookmark_si:w with sig. 'om' on line 7348.
.................................................
\g__file_internal_ior=\read1
(/usr/local/texlive/2015/texmf-dist/tex/latex/beamer/translator/translator.sty
Package: translator 2010/06/12 ver 1.10

(/usr/local/texlive/2015/texmf-dist/tex/latex/beamer/translator/translator-lang
uage-mappings.tex)))
(/usr/local/texlive/2015/texmf-dist/tex/latex/cases/cases.sty
Package: cases 2002/05/02 ver 2.5 
)
(/usr/local/texlive/2015/texmf-dist/tex/latex/subfig/subfig.sty
Package: subfig 2005/06/28 ver: 1.3 subfig package
\c@KVtest=\count135
\sf@farskip=\skip55
\sf@captopadj=\dimen158
\sf@capskip=\skip56
\sf@nearskip=\skip57
\c@subfigure=\count136
\c@subfigure@save=\count137
\c@lofdepth=\count138
\c@subtable=\count139
\c@subtable@save=\count140
\c@lotdepth=\count141
\sf@top=\skip58
\sf@bottom=\skip59
)
(/usr/local/texlive/2015/texmf-dist/tex/latex/base/textcomp.sty
Package: textcomp 2005/09/27 v1.99g Standard LaTeX package
Package textcomp Info: Sub-encoding information:
(textcomp)               5 = only ISO-Adobe without \textcurrency
(textcomp)               4 = 5 + \texteuro
(textcomp)               3 = 4 + \textohm
(textcomp)               2 = 3 + \textestimated + \textcurrency
(textcomp)               1 = TS1 - \textcircled - \t
(textcomp)               0 = TS1 (full)
(textcomp)             Font families with sub-encoding setting implement
(textcomp)             only a restricted character set as indicated.
(textcomp)             Family '?' is the default used for unknown fonts.
(textcomp)             See the documentation for details.
Package textcomp Info: Setting ? sub-encoding to TS1/1 on input line 79.

(/usr/local/texlive/2015/texmf-dist/tex/latex/base/ts1enc.def
File: ts1enc.def 2001/06/05 v3.0e (jk/car/fm) Standard LaTeX file
)
LaTeX Info: Redefining \oldstylenums on input line 334.
Package textcomp Info: Setting cmr sub-encoding to TS1/0 on input line 349.
Package textcomp Info: Setting cmss sub-encoding to TS1/0 on input line 350.
Package textcomp Info: Setting cmtt sub-encoding to TS1/0 on input line 351.
Package textcomp Info: Setting cmvtt sub-encoding to TS1/0 on input line 352.
Package textcomp Info: Setting cmbr sub-encoding to TS1/0 on input line 353.
Package textcomp Info: Setting cmtl sub-encoding to TS1/0 on input line 354.
Package textcomp Info: Setting ccr sub-encoding to TS1/0 on input line 355.
Package textcomp Info: Setting ptm sub-encoding to TS1/4 on input line 356.
Package textcomp Info: Setting pcr sub-encoding to TS1/4 on input line 357.
Package textcomp Info: Setting phv sub-encoding to TS1/4 on input line 358.
Package textcomp Info: Setting ppl sub-encoding to TS1/3 on input line 359.
Package textcomp Info: Setting pag sub-encoding to TS1/4 on input line 360.
Package textcomp Info: Setting pbk sub-encoding to TS1/4 on input line 361.
Package textcomp Info: Setting pnc sub-encoding to TS1/4 on input line 362.
Package textcomp Info: Setting pzc sub-encoding to TS1/4 on input line 363.
Package textcomp Info: Setting bch sub-encoding to TS1/4 on input line 364.
Package textcomp Info: Setting put sub-encoding to TS1/5 on input line 365.
Package textcomp Info: Setting uag sub-encoding to TS1/5 on input line 366.
Package textcomp Info: Setting ugq sub-encoding to TS1/5 on input line 367.
Package textcomp Info: Setting ul8 sub-encoding to TS1/4 on input line 368.
Package textcomp Info: Setting ul9 sub-encoding to TS1/4 on input line 369.
Package textcomp Info: Setting augie sub-encoding to TS1/5 on input line 370.
Package textcomp Info: Setting dayrom sub-encoding to TS1/3 on input line 371.
Package textcomp Info: Setting dayroms sub-encoding to TS1/3 on input line 372.

Package textcomp Info: Setting pxr sub-encoding to TS1/0 on input line 373.
Package textcomp Info: Setting pxss sub-encoding to TS1/0 on input line 374.
Package textcomp Info: Setting pxtt sub-encoding to TS1/0 on input line 375.
Package textcomp Info: Setting txr sub-encoding to TS1/0 on input line 376.
Package textcomp Info: Setting txss sub-encoding to TS1/0 on input line 377.
Package textcomp Info: Setting txtt sub-encoding to TS1/0 on input line 378.
Package textcomp Info: Setting lmr sub-encoding to TS1/0 on input line 379.
Package textcomp Info: Setting lmdh sub-encoding to TS1/0 on input line 380.
Package textcomp Info: Setting lmss sub-encoding to TS1/0 on input line 381.
Package textcomp Info: Setting lmssq sub-encoding to TS1/0 on input line 382.
Package textcomp Info: Setting lmvtt sub-encoding to TS1/0 on input line 383.
Package textcomp Info: Setting lmtt sub-encoding to TS1/0 on input line 384.
Package textcomp Info: Setting qhv sub-encoding to TS1/0 on input line 385.
Package textcomp Info: Setting qag sub-encoding to TS1/0 on input line 386.
Package textcomp Info: Setting qbk sub-encoding to TS1/0 on input line 387.
Package textcomp Info: Setting qcr sub-encoding to TS1/0 on input line 388.
Package textcomp Info: Setting qcs sub-encoding to TS1/0 on input line 389.
Package textcomp Info: Setting qpl sub-encoding to TS1/0 on input line 390.
Package textcomp Info: Setting qtm sub-encoding to TS1/0 on input line 391.
Package textcomp Info: Setting qzc sub-encoding to TS1/0 on input line 392.
Package textcomp Info: Setting qhvc sub-encoding to TS1/0 on input line 393.
Package textcomp Info: Setting futs sub-encoding to TS1/4 on input line 394.
Package textcomp Info: Setting futx sub-encoding to TS1/4 on input line 395.
Package textcomp Info: Setting futj sub-encoding to TS1/4 on input line 396.
Package textcomp Info: Setting hlh sub-encoding to TS1/3 on input line 397.
Package textcomp Info: Setting hls sub-encoding to TS1/3 on input line 398.
Package textcomp Info: Setting hlst sub-encoding to TS1/3 on input line 399.
Package textcomp Info: Setting hlct sub-encoding to TS1/5 on input line 400.
Package textcomp Info: Setting hlx sub-encoding to TS1/5 on input line 401.
Package textcomp Info: Setting hlce sub-encoding to TS1/5 on input line 402.
Package textcomp Info: Setting hlcn sub-encoding to TS1/5 on input line 403.
Package textcomp Info: Setting hlcw sub-encoding to TS1/5 on input line 404.
Package textcomp Info: Setting hlcf sub-encoding to TS1/5 on input line 405.
Package textcomp Info: Setting pplx sub-encoding to TS1/3 on input line 406.
Package textcomp Info: Setting pplj sub-encoding to TS1/3 on input line 407.
Package textcomp Info: Setting ptmx sub-encoding to TS1/4 on input line 408.
Package textcomp Info: Setting ptmj sub-encoding to TS1/4 on input line 409.
)
(/usr/local/texlive/2015/texmf-dist/tex/latex/enumitem/enumitem.sty
Package: enumitem 2011/09/28 v3.5.2 Customized lists
\labelindent=\skip60
\enit@outerparindent=\dimen159
\enit@toks=\toks18
\enit@inbox=\box48
\enitdp@description=\count142
)
(./packages/fancyhdr.sty
\fancy@headwidth=\skip61
\f@ncyO@elh=\skip62
\f@ncyO@erh=\skip63
\f@ncyO@olh=\skip64
\f@ncyO@orh=\skip65
\f@ncyO@elf=\skip66
\f@ncyO@erf=\skip67
\f@ncyO@olf=\skip68
\f@ncyO@orf=\skip69
)
(/usr/local/texlive/2015/texmf-dist/tex/latex/lineno/lineno.sty
Package: lineno 2005/11/02 line numbers on paragraphs v4.41
\linenopenalty=\count143
\output=\toks19
\linenoprevgraf=\count144
\linenumbersep=\dimen160
\linenumberwidth=\dimen161
\c@linenumber=\count145
\c@pagewiselinenumber=\count146
\c@LN@truepage=\count147
\c@internallinenumber=\count148
\c@internallinenumbers=\count149
\quotelinenumbersep=\dimen162
\bframerule=\dimen163
\bframesep=\dimen164
\bframebox=\box49
LaTeX Info: Redefining \\ on input line 3056.
)
(./02_makechapter.aux (./02_pulse_formation/chapter.aux

LaTeX Warning: Label `eq:vsat' multiply defined.

))
\openout1 = `02_makechapter.aux'.

LaTeX Font Info:    Checking defaults for OML/cmm/m/it on input line 35.
LaTeX Font Info:    ... okay on input line 35.
LaTeX Font Info:    Checking defaults for T1/cmr/m/n on input line 35.
LaTeX Font Info:    ... okay on input line 35.
LaTeX Font Info:    Checking defaults for OT1/cmr/m/n on input line 35.
LaTeX Font Info:    ... okay on input line 35.
LaTeX Font Info:    Checking defaults for OMS/cmsy/m/n on input line 35.
LaTeX Font Info:    ... okay on input line 35.
LaTeX Font Info:    Checking defaults for OMX/cmex/m/n on input line 35.
LaTeX Font Info:    ... okay on input line 35.
LaTeX Font Info:    Checking defaults for U/cmr/m/n on input line 35.
LaTeX Font Info:    ... okay on input line 35.
LaTeX Font Info:    Checking defaults for TS1/cmr/m/n on input line 35.
LaTeX Font Info:    Try loading font information for TS1+cmr on input line 35.
 (/usr/local/texlive/2015/texmf-dist/tex/latex/base/ts1cmr.fd
File: ts1cmr.fd 2014/09/29 v2.5h Standard LaTeX font definitions
)
LaTeX Font Info:    ... okay on input line 35.

(/usr/local/texlive/2015/texmf-dist/tex/context/base/supp-pdf.mkii
[Loading MPS to PDF converter (version 2006.09.02).]
\scratchcounter=\count150
\scratchdimen=\dimen165
\scratchbox=\box50
\nofMPsegments=\count151
\nofMParguments=\count152
\everyMPshowfont=\toks20
\MPscratchCnt=\count153
\MPscratchDim=\dimen166
\MPnumerator=\count154
\makeMPintoPDFobject=\count155
\everyMPtoPDFconversion=\toks21
) (/usr/local/texlive/2015/texmf-dist/tex/generic/oberdiek/pdftexcmds.sty
Package: pdftexcmds 2011/11/29 v0.20 Utility functions of pdfTeX for LuaTeX (HO
)

(/usr/local/texlive/2015/texmf-dist/tex/generic/oberdiek/ifluatex.sty
Package: ifluatex 2010/03/01 v1.3 Provides the ifluatex switch (HO)
Package ifluatex Info: LuaTeX not detected.
)
(/usr/local/texlive/2015/texmf-dist/tex/generic/oberdiek/ifpdf.sty
Package: ifpdf 2011/01/30 v2.3 Provides the ifpdf switch (HO)
Package ifpdf Info: pdfTeX in PDF mode is detected.
)
Package pdftexcmds Info: LuaTeX not detected.
Package pdftexcmds Info: \pdf@primitive is available.
Package pdftexcmds Info: \pdf@ifprimitive is available.
Package pdftexcmds Info: \pdfdraftmode found.
)
(/usr/local/texlive/2015/texmf-dist/tex/latex/oberdiek/epstopdf-base.sty
Package: epstopdf-base 2010/02/09 v2.5 Base part for package epstopdf

(/usr/local/texlive/2015/texmf-dist/tex/latex/oberdiek/grfext.sty
Package: grfext 2010/08/19 v1.1 Manage graphics extensions (HO)

(/usr/local/texlive/2015/texmf-dist/tex/generic/oberdiek/kvdefinekeys.sty
Package: kvdefinekeys 2011/04/07 v1.3 Define keys (HO)
))
(/usr/local/texlive/2015/texmf-dist/tex/latex/oberdiek/kvoptions.sty
Package: kvoptions 2011/06/30 v3.11 Key value format for package options (HO)

(/usr/local/texlive/2015/texmf-dist/tex/generic/oberdiek/kvsetkeys.sty
Package: kvsetkeys 2012/04/25 v1.16 Key value parser (HO)

(/usr/local/texlive/2015/texmf-dist/tex/generic/oberdiek/etexcmds.sty
Package: etexcmds 2011/02/16 v1.5 Avoid name clashes with e-TeX commands (HO)
Package etexcmds Info: Could not find \expanded.
(etexcmds)             That can mean that you are not using pdfTeX 1.50 or
(etexcmds)             that some package has redefined \expanded.
(etexcmds)             In the latter case, load this package earlier.
)))
Package grfext Info: Graphics extension search list:
(grfext)             [.png,.pdf,.jpg,.mps,.jpeg,.jbig2,.jb2,.PNG,.PDF,.JPG,.JPE
G,.JBIG2,.JB2,.eps]
(grfext)             \AppendGraphicsExtensions on input line 452.

(/usr/local/texlive/2015/texmf-dist/tex/latex/latexconfig/epstopdf-sys.cfg
File: epstopdf-sys.cfg 2010/07/13 v1.3 Configuration of (r)epstopdf for TeX Liv
e
))
Package caption Info: Begin \AtBeginDocument code.
Package caption Info: subfig package v1.3 is loaded.
Package caption Info: End \AtBeginDocument code.

(/usr/local/texlive/2015/texmf-dist/tex/latex/beamer/translator/dicts/translato
r-basic-dictionary/translator-basic-dictionary-English.dict
Dictionary: translator-basic-dictionary, Language: English 
)
(/usr/local/texlive/2015/texmf-dist/tex/latex/siunitx/siunitx-abbreviations.cfg
File: siunitx-abbreviations.cfg 2015/01/21 v2.6e siunitx: Abbreviated units
)
\c__siunitx_mathsf_int=\count156
LaTeX Font Info:    Try loading font information for U+msa on input line 35.
 (/usr/local/texlive/2015/texmf-dist/tex/latex/amsfonts/umsa.fd
File: umsa.fd 2013/01/14 v3.01 AMS symbols A
)
LaTeX Font Info:    Try loading font information for U+msb on input line 35.

(/usr/local/texlive/2015/texmf-dist/tex/latex/amsfonts/umsb.fd
File: umsb.fd 2013/01/14 v3.01 AMS symbols B
)
\c__siunitx_mathtt_int=\count157

(./02_makechapter.toc)
\tf@toc=\write3
\openout3 = `02_makechapter.toc'.

 [1


{/usr/local/texlive/2015/texmf-var/fonts/map/pdftex/updmap/pdftex.map}]
\openout2 = `02_pulse_formation/chapter.aux'.

 (./02_pulse_formation/chapter.tex
Chapter 1.
<01_introduction/pics/cividecpcvd.png, id=10, 284.56313pt x 187.70125pt>
File: 01_introduction/pics/cividecpcvd.png Graphic file (type png)

<use 01_introduction/pics/cividecpcvd.png>
Package pdftex.def Info: 01_introduction/pics/cividecpcvd.png used on input lin
e 26.
(pdftex.def)             Requested size: 303.53267pt x 200.23402pt.
 [2


]

Package Fancyhdr Warning: \headheight is too small (12.0pt): 
 Make it at least 13.59999pt.
 We now make it that large for the rest of the document.
 This may cause the page layout to be inconsistent, however.

[3 <./01_introduction/pics/cividecpcvd.png>]
<01_introduction/pics/ibl.jpg, id=25, 426.69412pt x 284.56313pt>
File: 01_introduction/pics/ibl.jpg Graphic file (type jpg)

<use 01_introduction/pics/ibl.jpg>
Package pdftex.def Info: 01_introduction/pics/ibl.jpg used on input line 49.
(pdftex.def)             Requested size: 303.53267pt x 202.42767pt.
 [4 <./01_introduction/pics/ibl.jpg>]
<02_pulse_formation/pics/plots/semilattice9.pdf, id=29, 259.46938pt x 252.945pt
>
File: 02_pulse_formation/pics/plots/semilattice9.pdf Graphic file (type pdf)
 <use 02_pulse_formation/pics/plots/semilattice9.pdf>
Package pdftex.def Info: 02_pulse_formation/pics/plots/semilattice9.pdf used on
 input line 77.
(pdftex.def)             Requested size: 95.39693pt x 92.99765pt.

Underfull \hbox (badness 1924) in paragraph at lines 77--77
\OT1/cmr/m/n/9 be bro-ken, cre-at-ing a
 []


<02_pulse_formation/pics/plots/simpledrift.pdf, id=30, 128.98187pt x 73.77562pt
>
File: 02_pulse_formation/pics/plots/simpledrift.pdf Graphic file (type pdf)
 <use 02_pulse_formation/pics/plots/simpledrift.pdf>
Package pdftex.def Info: 02_pulse_formation/pics/plots/simpledrift.pdf used on 
input line 78.
(pdftex.def)             Requested size: 138.76157pt x 79.37701pt.

Underfull \hbox (badness 1331) in paragraph at lines 78--78
[]\OT1/cmr/m/n/9 (b) |The freed electron-hole pair
 []


<02_pulse_formation/pics/plots/simpledrifteq.pdf, id=31, 124.465pt x 66.2475pt>
File: 02_pulse_formation/pics/plots/simpledrifteq.pdf Graphic file (type pdf)
<use 02_pulse_formation/pics/plots/simpledrifteq.pdf>
Package pdftex.def Info: 02_pulse_formation/pics/plots/simpledrifteq.pdf used o
n input line 79.
(pdftex.def)             Requested size: 147.4292pt x 78.47765pt.

Underfull \hbox (badness 2460) in paragraph at lines 79--79
\OT1/cmr/m/n/9 mov-ing charges act as a cur-rent
 []


<02_pulse_formation/pics/plots/chargeind1.pdf, id=32, 115.93312pt x 94.85437pt>
File: 02_pulse_formation/pics/plots/chargeind1.pdf Graphic file (type pdf)
<use 02_pulse_formation/pics/plots/chargeind1.pdf>
Package pdftex.def Info: 02_pulse_formation/pics/plots/chargeind1.pdf used on i
nput line 97.
(pdftex.def)             Requested size: 130.08731pt x 106.44456pt.

Underfull \hbox (badness 10000) in paragraph at lines 97--97
\OT1/cmr/m/n/9 cou-ples with the con-duc-tive
 []


<02_pulse_formation/pics/plots/chargeind2.pdf, id=33, 117.94063pt x 88.83188pt>
File: 02_pulse_formation/pics/plots/chargeind2.pdf Graphic file (type pdf)
<use 02_pulse_formation/pics/plots/chargeind2.pdf>
Package pdftex.def Info: 02_pulse_formation/pics/plots/chargeind2.pdf used on i
nput line 98.
(pdftex.def)             Requested size: 130.08731pt x 97.98238pt.

Underfull \hbox (badness 4765) in paragraph at lines 98--98
[]\OT1/cmr/m/n/9 (b) |When the charge drifts,
 []


<02_pulse_formation/pics/plots/chargeind3.pdf, id=34, 117.43875pt x 81.30376pt>
File: 02_pulse_formation/pics/plots/chargeind3.pdf Graphic file (type pdf)
<use 02_pulse_formation/pics/plots/chargeind3.pdf>
Package pdftex.def Info: 02_pulse_formation/pics/plots/chargeind3.pdf used on i
nput line 99.
(pdftex.def)             Requested size: 130.08731pt x 90.06088pt.

Overfull \hbox (3.59192pt too wide) in paragraph at lines 96--101
[][] 
 []

[5] [6 <./02_pulse_formation/pics/plots/semilattice9.pdf> <./02_pulse_formation
/pics/plots/simpledrift.pdf> <./02_pulse_formation/pics/plots/simpledrifteq.pdf
> <./02_pulse_formation/pics/plots/chargeind1.pdf> <./02_pulse_formation/pics/p
lots/chargeind2.pdf> <./02_pulse_formation/pics/plots/chargeind3.pdf>] [7]

LaTeX Warning: Reference `ch:meas' on page 8 undefined on input line 175.

<02_pulse_formation/pics/plots/spcchg.pdf, id=172, 188.20313pt x 96.36pt>
File: 02_pulse_formation/pics/plots/spcchg.pdf Graphic file (type pdf)

<use 02_pulse_formation/pics/plots/spcchg.pdf>
Package pdftex.def Info: 02_pulse_formation/pics/plots/spcchg.pdf used on input
 line 178.
(pdftex.def)             Requested size: 260.17464pt x 133.21951pt.


LaTeX Warning: Reference `ch:meas' on page 8 undefined on input line 191.

[8 <./02_pulse_formation/pics/plots/spcchg.pdf>] [9]
<02_pulse_formation/pics/plots/driftboth.pdf, id=206, 189.20688pt x 139.52126pt
>
File: 02_pulse_formation/pics/plots/driftboth.pdf Graphic file (type pdf)
 <use 02_pulse_formation/pics/plots/driftboth.pdf>
Package pdftex.def Info: 02_pulse_formation/pics/plots/driftboth.pdf used on in
put line 257.
(pdftex.def)             Requested size: 346.89731pt x 255.82593pt.
 [10 <./02_pulse_formation/pics/plots/driftboth.pdf>]
<02_pulse_formation/pics/bb2.jpg, id=236, 840.13875pt x 526.96875pt>
File: 02_pulse_formation/pics/bb2.jpg Graphic file (type jpg)

<use 02_pulse_formation/pics/bb2.jpg>
Package pdftex.def Info: 02_pulse_formation/pics/bb2.jpg used on input line 289
.
(pdftex.def)             Requested size: 368.57964pt x 231.18349pt.
 [11 <./02_pulse_formation/pics/bb2.jpg>]
[12]
<02_pulse_formation/pics/plots/raddamage.pdf, id=243, 395.4775pt x 187.70125pt>
File: 02_pulse_formation/pics/plots/raddamage.pdf Graphic file (type pdf)
<use 02_pulse_formation/pics/plots/raddamage.pdf>
Package pdftex.def Info: 02_pulse_formation/pics/plots/raddamage.pdf used on in
put line 360.
(pdftex.def)             Requested size: 346.89731pt x 164.64488pt.
 [13 <./02_pulse_formation/pics/plots/raddamage.pdf>] [14]
<03_measurement_results/scripts/plots/dpa1.pdf, id=268, 569.12625pt x 410.53375
pt>
File: 03_measurement_results/scripts/plots/dpa1.pdf Graphic file (type pdf)
 <use 03_measurement_results/scripts/plots/dpa1.pdf>
Package pdftex.def Info: 03_measurement_results/scripts/plots/dpa1.pdf used on 
input line 393.
(pdftex.def)             Requested size: 303.53267pt x 218.95998pt.
 [15]

LaTeX Warning: Reference `fig:chgtempelecs' on page 16 undefined on input line 
429.


LaTeX Warning: Reference `fig:chgtempholes' on page 16 undefined on input line 
429.

[16 <./03_measurement_results/scripts/plots/dpa1.pdf, page is rotated 90 degree
s>]
<02_pulse_formation/pics/plots/curramp.pdf, id=318, 198.24063pt x 70.2625pt>
File: 02_pulse_formation/pics/plots/curramp.pdf Graphic file (type pdf)

<use 02_pulse_formation/pics/plots/curramp.pdf>
Package pdftex.def Info: 02_pulse_formation/pics/plots/curramp.pdf used on inpu
t line 451.
(pdftex.def)             Requested size: 216.81pt x 76.84618pt.

<02_pulse_formation/pics/plots/chgamp.pdf, id=319, 157.08687pt x 108.90688pt>
File: 02_pulse_formation/pics/plots/chgamp.pdf Graphic file (type pdf)

<use 02_pulse_formation/pics/plots/chgamp.pdf>
Package pdftex.def Info: 02_pulse_formation/pics/plots/chgamp.pdf used on input
 line 452.
(pdftex.def)             Requested size: 173.44534pt x 120.25323pt.
 [17 <./02_pulse_formation/pics/plots/curramp.pdf> <./02_pulse_formation/pics/p
lots/chgamp.pdf>]
<02_pulse_formation/pics/plots/currrc.pdf, id=356, 156.08313pt x 63.23625pt>
File: 02_pulse_formation/pics/plots/currrc.pdf Graphic file (type pdf)

<use 02_pulse_formation/pics/plots/currrc.pdf>
Package pdftex.def Info: 02_pulse_formation/pics/plots/currrc.pdf used on input
 line 467.
(pdftex.def)             Requested size: 346.89731pt x 140.56172pt.

<02_pulse_formation/pics/plots/chgrc.pdf, id=357, 1611.01875pt x 642.4pt>
File: 02_pulse_formation/pics/plots/chgrc.pdf Graphic file (type pdf)

<use 02_pulse_formation/pics/plots/chgrc.pdf>
Package pdftex.def Info: 02_pulse_formation/pics/plots/chgrc.pdf used on input 
line 484.
(pdftex.def)             Requested size: 303.53267pt x 121.02803pt.
 [18 <./02_pulse_formation/pics/plots/currrc.pdf>]
<02_pulse_formation/pics/plots/qerr.pdf, id=377, 138.5175pt x 100.87688pt>
File: 02_pulse_formation/pics/plots/qerr.pdf Graphic file (type pdf)

<use 02_pulse_formation/pics/plots/qerr.pdf>
Package pdftex.def Info: 02_pulse_formation/pics/plots/qerr.pdf used on input l
ine 512.
(pdftex.def)             Requested size: 303.53267pt x 221.07704pt.
 [19 <./02_pulse_formation/pics/plots/chgrc.pdf>] [20 <./02_pulse_formation/pic
s/plots/qerr.pdf>]
<02_pulse_formation/pics/fpga.jpg, id=429, 168.1482pt x 134.904pt>
File: 02_pulse_formation/pics/fpga.jpg Graphic file (type jpg)

<use 02_pulse_formation/pics/fpga.jpg>
Package pdftex.def Info: 02_pulse_formation/pics/fpga.jpg used on input line 55
8.
(pdftex.def)             Requested size: 203.80193pt x 163.5143pt.

<02_pulse_formation/pics/asic2.png, id=430, 1782.66pt x 1098.1025pt>
File: 02_pulse_formation/pics/asic2.png Graphic file (type png)

<use 02_pulse_formation/pics/asic2.png>
Package pdftex.def Info: 02_pulse_formation/pics/asic2.png used on input line 5
59.
(pdftex.def)             Requested size: 203.80193pt x 125.5335pt.

Overfull \hbox (5.28384pt too wide) in paragraph at lines 557--561
[][] 
 []

) [21] [22 <./02_pulse_formation/pics/fpga.jpg> <./02_pulse_formation/pics/asic
2.png>] (./02_makechapter.bbl [23


]
Missing character: There is no Ã in font cmr10!
Missing character: There is no ¼ in font cmr10!
LaTeX Font Info:    Try loading font information for OMS+cmr on input line 122.


(/usr/local/texlive/2015/texmf-dist/tex/latex/base/omscmr.fd
File: omscmr.fd 2014/09/29 v2.5h Standard LaTeX font definitions
)
LaTeX Font Info:    Font shape `OMS/cmr/m/n' in size <10.95> not available
(Font)              Font shape `OMS/cmsy/m/n' tried instead on input line 122.
 [24]) [25]
(./02_makechapter.aux (./02_pulse_formation/chapter.aux))

LaTeX Warning: There were undefined references.


LaTeX Warning: There were multiply-defined labels.

 ) 
Here is how much of TeX's memory you used:
 13183 strings out of 493089
 274183 string characters out of 6134843
 271152 words of memory out of 5000000
 16429 multiletter control sequences out of 15000+600000
 18634 words of font info for 70 fonts, out of 8000000 for 9000
 1141 hyphenation exceptions out of 8191
 39i,16n,49p,10399b,627s stack positions out of 5000i,500n,10000p,200000b,80000s
{/usr/local/texlive/2015/texmf-dist/fonts/enc/dvips/cm-super/cm-super-ts1.enc
}</usr/local/texlive/2015/texmf-dist/fonts/type1/public/amsfonts/cm/cmbx10.pfb>
</usr/local/texlive/2015/texmf-dist/fonts/type1/public/amsfonts/cm/cmbx12.pfb><
/usr/local/texlive/2015/texmf-dist/fonts/type1/public/amsfonts/cm/cmex10.pfb></
usr/local/texlive/2015/texmf-dist/fonts/type1/public/amsfonts/cm/cmmi10.pfb></u
sr/local/texlive/2015/texmf-dist/fonts/type1/public/amsfonts/cm/cmmi6.pfb></usr
/local/texlive/2015/texmf-dist/fonts/type1/public/amsfonts/cm/cmmi8.pfb></usr/l
ocal/texlive/2015/texmf-dist/fonts/type1/public/amsfonts/cm/cmmi9.pfb></usr/loc
al/texlive/2015/texmf-dist/fonts/type1/public/amsfonts/cm/cmr10.pfb></usr/local
/texlive/2015/texmf-dist/fonts/type1/public/amsfonts/cm/cmr6.pfb></usr/local/te
xlive/2015/texmf-dist/fonts/type1/public/amsfonts/cm/cmr8.pfb></usr/local/texli
ve/2015/texmf-dist/fonts/type1/public/amsfonts/cm/cmr9.pfb></usr/local/texlive/
2015/texmf-dist/fonts/type1/public/amsfonts/cm/cmsl10.pfb></usr/local/texlive/2
015/texmf-dist/fonts/type1/public/amsfonts/cm/cmss8.pfb></usr/local/texlive/201
5/texmf-dist/fonts/type1/public/amsfonts/cm/cmsy10.pfb></usr/local/texlive/2015
/texmf-dist/fonts/type1/public/amsfonts/cm/cmsy6.pfb></usr/local/texlive/2015/t
exmf-dist/fonts/type1/public/amsfonts/cm/cmsy8.pfb></usr/local/texlive/2015/tex
mf-dist/fonts/type1/public/amsfonts/cm/cmsy9.pfb></usr/local/texlive/2015/texmf
-dist/fonts/type1/public/amsfonts/cm/cmti10.pfb></usr/local/texlive/2015/texmf-
dist/fonts/type1/public/amsfonts/euler/eurm10.pfb></usr/local/texlive/2015/texm
f-dist/fonts/type1/public/cm-super/sfrm1095.pfb>
Output written on 02_makechapter.pdf (25 pages, 6344876 bytes).
PDF statistics:
 512 PDF objects out of 1000 (max. 8388607)
 359 compressed objects within 4 object streams
 0 named destinations out of 1000 (max. 500000)
 101 words of extra memory for PDF output out of 10000 (max. 10000000)

