This is pdfTeX, Version 3.14159265-2.6-1.40.16 (TeX Live 2015) (preloaded format=pdflatex 2016.4.6)  6 APR 2016 22:55
entering extended mode
 restricted \write18 enabled.
 file:line:error style messages enabled.
 %&-line parsing enabled.
**04_makechapter.tex
(./04_makechapter.tex
LaTeX2e <2015/01/01>
Babel <3.9l> and hyphenation patterns for 79 languages loaded.
(./packages/mytustyle.cls

LaTeX Warning: You have requested document class `packages/mytustyle',
               but the document class provides `mytustyle'.

Document Class: mytustyle 2010/11/22 v2.2 OCIAM thesis class
(/usr/local/texlive/2015/texmf-dist/tex/latex/base/report.cls
Document Class: report 2014/09/29 v1.4h Standard LaTeX document class
(/usr/local/texlive/2015/texmf-dist/tex/latex/base/size12.clo
File: size12.clo 2014/09/29 v1.4h Standard LaTeX file (size option)
)
\c@part=\count79
\c@chapter=\count80
\c@section=\count81
\c@subsection=\count82
\c@subsubsection=\count83
\c@paragraph=\count84
\c@subparagraph=\count85
\c@figure=\count86
\c@table=\count87
\abovecaptionskip=\skip41
\belowcaptionskip=\skip42
\bibindent=\dimen102
)
(/usr/local/texlive/2015/texmf-dist/tex/latex/graphics/graphicx.sty
Package: graphicx 2014/10/28 v1.0g Enhanced LaTeX Graphics (DPC,SPQR)

(/usr/local/texlive/2015/texmf-dist/tex/latex/graphics/keyval.sty
Package: keyval 2014/10/28 v1.15 key=value parser (DPC)
\KV@toks@=\toks14
)
(/usr/local/texlive/2015/texmf-dist/tex/latex/graphics/graphics.sty
Package: graphics 2014/10/28 v1.0p Standard LaTeX Graphics (DPC,SPQR)

(/usr/local/texlive/2015/texmf-dist/tex/latex/graphics/trig.sty
Package: trig 1999/03/16 v1.09 sin cos tan (DPC)
)
(/usr/local/texlive/2015/texmf-dist/tex/latex/latexconfig/graphics.cfg
File: graphics.cfg 2010/04/23 v1.9 graphics configuration of TeX Live
)
Package graphics Info: Driver file: pdftex.def on input line 94.

(/usr/local/texlive/2015/texmf-dist/tex/latex/pdftex-def/pdftex.def
File: pdftex.def 2011/05/27 v0.06d Graphics/color for pdfTeX

(/usr/local/texlive/2015/texmf-dist/tex/generic/oberdiek/infwarerr.sty
Package: infwarerr 2010/04/08 v1.3 Providing info/warning/error messages (HO)
)
(/usr/local/texlive/2015/texmf-dist/tex/generic/oberdiek/ltxcmds.sty
Package: ltxcmds 2011/11/09 v1.22 LaTeX kernel commands for general use (HO)
)
\Gread@gobject=\count88
))
\Gin@req@height=\dimen103
\Gin@req@width=\dimen104
)
(/usr/local/texlive/2015/texmf-dist/tex/latex/base/ifthen.sty
Package: ifthen 2014/09/29 v1.1c Standard LaTeX ifthen package (DPC)
))
(/usr/local/texlive/2015/texmf-dist/tex/latex/amsfonts/amssymb.sty
Package: amssymb 2013/01/14 v3.01 AMS font symbols

(/usr/local/texlive/2015/texmf-dist/tex/latex/amsfonts/amsfonts.sty
Package: amsfonts 2013/01/14 v3.01 Basic AMSFonts support
\@emptytoks=\toks15
\symAMSa=\mathgroup4
\symAMSb=\mathgroup5
LaTeX Font Info:    Overwriting math alphabet `\mathfrak' in version `bold'
(Font)                  U/euf/m/n --> U/euf/b/n on input line 106.
))
(/usr/local/texlive/2015/texmf-dist/tex/latex/caption/caption.sty
Package: caption 2013/05/02 v3.3-89 Customizing captions (AR)

(/usr/local/texlive/2015/texmf-dist/tex/latex/caption/caption3.sty
Package: caption3 2013/05/02 v1.6-88 caption3 kernel (AR)
Package caption3 Info: TeX engine: e-TeX on input line 57.
\captionmargin=\dimen105
\captionmargin@=\dimen106
\captionwidth=\dimen107
\caption@tempdima=\dimen108
\caption@indent=\dimen109
\caption@parindent=\dimen110
\caption@hangindent=\dimen111
)
\c@ContinuedFloat=\count89
)
(/usr/local/texlive/2015/texmf-dist/tex/latex/was/upgreek.sty
Package: upgreek 2003/02/12 v2.0 (WaS)
Package upgreek Info: Using Euler Roman for upright Greek on input line 31.
\symugrf@m=\mathgroup6
LaTeX Font Info:    Overwriting symbol font `ugrf@m' in version `bold'
(Font)                  U/eur/m/n --> U/eur/b/n on input line 38.
)
(/usr/local/texlive/2015/texmf-dist/tex/latex/subfig/subfig.sty
Package: subfig 2005/06/28 ver: 1.3 subfig package
\c@KVtest=\count90
\sf@farskip=\skip43
\sf@captopadj=\dimen112
\sf@capskip=\skip44
\sf@nearskip=\skip45
\c@subfigure=\count91
\c@subfigure@save=\count92
\c@lofdepth=\count93
\c@subtable=\count94
\c@subtable@save=\count95
\c@lotdepth=\count96
\sf@top=\skip46
\sf@bottom=\skip47
)
(/usr/local/texlive/2015/texmf-dist/tex/latex/base/textcomp.sty
Package: textcomp 2005/09/27 v1.99g Standard LaTeX package
Package textcomp Info: Sub-encoding information:
(textcomp)               5 = only ISO-Adobe without \textcurrency
(textcomp)               4 = 5 + \texteuro
(textcomp)               3 = 4 + \textohm
(textcomp)               2 = 3 + \textestimated + \textcurrency
(textcomp)               1 = TS1 - \textcircled - \t
(textcomp)               0 = TS1 (full)
(textcomp)             Font families with sub-encoding setting implement
(textcomp)             only a restricted character set as indicated.
(textcomp)             Family '?' is the default used for unknown fonts.
(textcomp)             See the documentation for details.
Package textcomp Info: Setting ? sub-encoding to TS1/1 on input line 79.

(/usr/local/texlive/2015/texmf-dist/tex/latex/base/ts1enc.def
File: ts1enc.def 2001/06/05 v3.0e (jk/car/fm) Standard LaTeX file
)
LaTeX Info: Redefining \oldstylenums on input line 334.
Package textcomp Info: Setting cmr sub-encoding to TS1/0 on input line 349.
Package textcomp Info: Setting cmss sub-encoding to TS1/0 on input line 350.
Package textcomp Info: Setting cmtt sub-encoding to TS1/0 on input line 351.
Package textcomp Info: Setting cmvtt sub-encoding to TS1/0 on input line 352.
Package textcomp Info: Setting cmbr sub-encoding to TS1/0 on input line 353.
Package textcomp Info: Setting cmtl sub-encoding to TS1/0 on input line 354.
Package textcomp Info: Setting ccr sub-encoding to TS1/0 on input line 355.
Package textcomp Info: Setting ptm sub-encoding to TS1/4 on input line 356.
Package textcomp Info: Setting pcr sub-encoding to TS1/4 on input line 357.
Package textcomp Info: Setting phv sub-encoding to TS1/4 on input line 358.
Package textcomp Info: Setting ppl sub-encoding to TS1/3 on input line 359.
Package textcomp Info: Setting pag sub-encoding to TS1/4 on input line 360.
Package textcomp Info: Setting pbk sub-encoding to TS1/4 on input line 361.
Package textcomp Info: Setting pnc sub-encoding to TS1/4 on input line 362.
Package textcomp Info: Setting pzc sub-encoding to TS1/4 on input line 363.
Package textcomp Info: Setting bch sub-encoding to TS1/4 on input line 364.
Package textcomp Info: Setting put sub-encoding to TS1/5 on input line 365.
Package textcomp Info: Setting uag sub-encoding to TS1/5 on input line 366.
Package textcomp Info: Setting ugq sub-encoding to TS1/5 on input line 367.
Package textcomp Info: Setting ul8 sub-encoding to TS1/4 on input line 368.
Package textcomp Info: Setting ul9 sub-encoding to TS1/4 on input line 369.
Package textcomp Info: Setting augie sub-encoding to TS1/5 on input line 370.
Package textcomp Info: Setting dayrom sub-encoding to TS1/3 on input line 371.
Package textcomp Info: Setting dayroms sub-encoding to TS1/3 on input line 372.

Package textcomp Info: Setting pxr sub-encoding to TS1/0 on input line 373.
Package textcomp Info: Setting pxss sub-encoding to TS1/0 on input line 374.
Package textcomp Info: Setting pxtt sub-encoding to TS1/0 on input line 375.
Package textcomp Info: Setting txr sub-encoding to TS1/0 on input line 376.
Package textcomp Info: Setting txss sub-encoding to TS1/0 on input line 377.
Package textcomp Info: Setting txtt sub-encoding to TS1/0 on input line 378.
Package textcomp Info: Setting lmr sub-encoding to TS1/0 on input line 379.
Package textcomp Info: Setting lmdh sub-encoding to TS1/0 on input line 380.
Package textcomp Info: Setting lmss sub-encoding to TS1/0 on input line 381.
Package textcomp Info: Setting lmssq sub-encoding to TS1/0 on input line 382.
Package textcomp Info: Setting lmvtt sub-encoding to TS1/0 on input line 383.
Package textcomp Info: Setting lmtt sub-encoding to TS1/0 on input line 384.
Package textcomp Info: Setting qhv sub-encoding to TS1/0 on input line 385.
Package textcomp Info: Setting qag sub-encoding to TS1/0 on input line 386.
Package textcomp Info: Setting qbk sub-encoding to TS1/0 on input line 387.
Package textcomp Info: Setting qcr sub-encoding to TS1/0 on input line 388.
Package textcomp Info: Setting qcs sub-encoding to TS1/0 on input line 389.
Package textcomp Info: Setting qpl sub-encoding to TS1/0 on input line 390.
Package textcomp Info: Setting qtm sub-encoding to TS1/0 on input line 391.
Package textcomp Info: Setting qzc sub-encoding to TS1/0 on input line 392.
Package textcomp Info: Setting qhvc sub-encoding to TS1/0 on input line 393.
Package textcomp Info: Setting futs sub-encoding to TS1/4 on input line 394.
Package textcomp Info: Setting futx sub-encoding to TS1/4 on input line 395.
Package textcomp Info: Setting futj sub-encoding to TS1/4 on input line 396.
Package textcomp Info: Setting hlh sub-encoding to TS1/3 on input line 397.
Package textcomp Info: Setting hls sub-encoding to TS1/3 on input line 398.
Package textcomp Info: Setting hlst sub-encoding to TS1/3 on input line 399.
Package textcomp Info: Setting hlct sub-encoding to TS1/5 on input line 400.
Package textcomp Info: Setting hlx sub-encoding to TS1/5 on input line 401.
Package textcomp Info: Setting hlce sub-encoding to TS1/5 on input line 402.
Package textcomp Info: Setting hlcn sub-encoding to TS1/5 on input line 403.
Package textcomp Info: Setting hlcw sub-encoding to TS1/5 on input line 404.
Package textcomp Info: Setting hlcf sub-encoding to TS1/5 on input line 405.
Package textcomp Info: Setting pplx sub-encoding to TS1/3 on input line 406.
Package textcomp Info: Setting pplj sub-encoding to TS1/3 on input line 407.
Package textcomp Info: Setting ptmx sub-encoding to TS1/4 on input line 408.
Package textcomp Info: Setting ptmj sub-encoding to TS1/4 on input line 409.
)
(/usr/local/texlive/2015/texmf-dist/tex/latex/enumitem/enumitem.sty
Package: enumitem 2011/09/28 v3.5.2 Customized lists
\labelindent=\skip48
\enit@outerparindent=\dimen113
\enit@toks=\toks16
\enit@inbox=\box26
\enitdp@description=\count97
)
(./packages/fancyhdr.sty
\fancy@headwidth=\skip49
\f@ncyO@elh=\skip50
\f@ncyO@erh=\skip51
\f@ncyO@olh=\skip52
\f@ncyO@orh=\skip53
\f@ncyO@elf=\skip54
\f@ncyO@erf=\skip55
\f@ncyO@olf=\skip56
\f@ncyO@orf=\skip57
)
(/usr/local/texlive/2015/texmf-dist/tex/latex/lineno/lineno.sty
Package: lineno 2005/11/02 line numbers on paragraphs v4.41
\linenopenalty=\count98
\output=\toks17
\linenoprevgraf=\count99
\linenumbersep=\dimen114
\linenumberwidth=\dimen115
\c@linenumber=\count100
\c@pagewiselinenumber=\count101
\c@LN@truepage=\count102
\c@internallinenumber=\count103
\c@internallinenumbers=\count104
\quotelinenumbersep=\dimen116
\bframerule=\dimen117
\bframesep=\dimen118
\bframebox=\box27
LaTeX Info: Redefining \\ on input line 3056.
)
(./04_makechapter.aux (./04_charge_monitoring/chapter.aux

LaTeX Warning: Label `fig:anapix' multiply defined.


LaTeX Warning: Label `fig:dbminatlas' multiply defined.

))
\openout1 = `04_makechapter.aux'.

LaTeX Font Info:    Checking defaults for OML/cmm/m/it on input line 33.
LaTeX Font Info:    ... okay on input line 33.
LaTeX Font Info:    Checking defaults for T1/cmr/m/n on input line 33.
LaTeX Font Info:    ... okay on input line 33.
LaTeX Font Info:    Checking defaults for OT1/cmr/m/n on input line 33.
LaTeX Font Info:    ... okay on input line 33.
LaTeX Font Info:    Checking defaults for OMS/cmsy/m/n on input line 33.
LaTeX Font Info:    ... okay on input line 33.
LaTeX Font Info:    Checking defaults for OMX/cmex/m/n on input line 33.
LaTeX Font Info:    ... okay on input line 33.
LaTeX Font Info:    Checking defaults for U/cmr/m/n on input line 33.
LaTeX Font Info:    ... okay on input line 33.
LaTeX Font Info:    Checking defaults for TS1/cmr/m/n on input line 33.
LaTeX Font Info:    Try loading font information for TS1+cmr on input line 33.
 (/usr/local/texlive/2015/texmf-dist/tex/latex/base/ts1cmr.fd
File: ts1cmr.fd 2014/09/29 v2.5h Standard LaTeX font definitions
)
LaTeX Font Info:    ... okay on input line 33.

(/usr/local/texlive/2015/texmf-dist/tex/context/base/supp-pdf.mkii
[Loading MPS to PDF converter (version 2006.09.02).]
\scratchcounter=\count105
\scratchdimen=\dimen119
\scratchbox=\box28
\nofMPsegments=\count106
\nofMParguments=\count107
\everyMPshowfont=\toks18
\MPscratchCnt=\count108
\MPscratchDim=\dimen120
\MPnumerator=\count109
\makeMPintoPDFobject=\count110
\everyMPtoPDFconversion=\toks19
) (/usr/local/texlive/2015/texmf-dist/tex/generic/oberdiek/pdftexcmds.sty
Package: pdftexcmds 2011/11/29 v0.20 Utility functions of pdfTeX for LuaTeX (HO
)

(/usr/local/texlive/2015/texmf-dist/tex/generic/oberdiek/ifluatex.sty
Package: ifluatex 2010/03/01 v1.3 Provides the ifluatex switch (HO)
Package ifluatex Info: LuaTeX not detected.
)
(/usr/local/texlive/2015/texmf-dist/tex/generic/oberdiek/ifpdf.sty
Package: ifpdf 2011/01/30 v2.3 Provides the ifpdf switch (HO)
Package ifpdf Info: pdfTeX in PDF mode is detected.
)
Package pdftexcmds Info: LuaTeX not detected.
Package pdftexcmds Info: \pdf@primitive is available.
Package pdftexcmds Info: \pdf@ifprimitive is available.
Package pdftexcmds Info: \pdfdraftmode found.
)
(/usr/local/texlive/2015/texmf-dist/tex/latex/oberdiek/epstopdf-base.sty
Package: epstopdf-base 2010/02/09 v2.5 Base part for package epstopdf

(/usr/local/texlive/2015/texmf-dist/tex/latex/oberdiek/grfext.sty
Package: grfext 2010/08/19 v1.1 Manage graphics extensions (HO)

(/usr/local/texlive/2015/texmf-dist/tex/generic/oberdiek/kvdefinekeys.sty
Package: kvdefinekeys 2011/04/07 v1.3 Define keys (HO)
))
(/usr/local/texlive/2015/texmf-dist/tex/latex/oberdiek/kvoptions.sty
Package: kvoptions 2011/06/30 v3.11 Key value format for package options (HO)

(/usr/local/texlive/2015/texmf-dist/tex/generic/oberdiek/kvsetkeys.sty
Package: kvsetkeys 2012/04/25 v1.16 Key value parser (HO)

(/usr/local/texlive/2015/texmf-dist/tex/generic/oberdiek/etexcmds.sty
Package: etexcmds 2011/02/16 v1.5 Avoid name clashes with e-TeX commands (HO)
Package etexcmds Info: Could not find \expanded.
(etexcmds)             That can mean that you are not using pdfTeX 1.50 or
(etexcmds)             that some package has redefined \expanded.
(etexcmds)             In the latter case, load this package earlier.
)))
Package grfext Info: Graphics extension search list:
(grfext)             [.png,.pdf,.jpg,.mps,.jpeg,.jbig2,.jb2,.PNG,.PDF,.JPG,.JPE
G,.JBIG2,.JB2,.eps]
(grfext)             \AppendGraphicsExtensions on input line 452.

(/usr/local/texlive/2015/texmf-dist/tex/latex/latexconfig/epstopdf-sys.cfg
File: epstopdf-sys.cfg 2010/07/13 v1.3 Configuration of (r)epstopdf for TeX Liv
e
))
Package caption Info: Begin \AtBeginDocument code.
Package caption Info: subfig package v1.3 is loaded.
Package caption Info: End \AtBeginDocument code.
\openout2 = `04_charge_monitoring/chapter.aux'.


(./04_charge_monitoring/chapter.tex
Chapter 1.
LaTeX Font Info:    Try loading font information for U+msa on input line 33.
(/usr/local/texlive/2015/texmf-dist/tex/latex/amsfonts/umsa.fd
File: umsa.fd 2013/01/14 v3.01 AMS symbols A
)
LaTeX Font Info:    Try loading font information for U+msb on input line 33.

(/usr/local/texlive/2015/texmf-dist/tex/latex/amsfonts/umsb.fd
File: umsb.fd 2013/01/14 v3.01 AMS symbols B
) [1



{/usr/local/texlive/2015/texmf-var/fonts/map/pdftex/updmap/pdftex.map}]
<../scripts/04_charge_monitoring/plots/detArea.pdf, id=11, 569.12625pt x 410.53
375pt>
File: ../scripts/04_charge_monitoring/plots/detArea.pdf Graphic file (type pdf)

 <use ../scripts/04_charge_monitoring/plots/detArea.pdf>
Package pdftex.def Info: ../scripts/04_charge_monitoring/plots/detArea.pdf used
 on input line 41.
(pdftex.def)             Requested size: 260.17464pt x 187.68266pt.


Package Fancyhdr Warning: \headheight is too small (12.0pt): 
 Make it at least 14.49998pt.
 We now make it that large for the rest of the document.
 This may cause the page layout to be inconsistent, however.

[2 <../scripts/04_charge_monitoring/plots/detArea.pdf, page is rotated 90 degre
es>] <04_charge_monitoring/pics/mod1.jpeg, id=59, 426.80597pt x 283.50488pt>
File: 04_charge_monitoring/pics/mod1.jpeg Graphic file (type jpg)

<use 04_charge_monitoring/pics/mod1.jpeg>
Package pdftex.def Info: 04_charge_monitoring/pics/mod1.jpeg used on input line
 68.
(pdftex.def)             Requested size: 303.53267pt x 201.6316pt.


Package Fancyhdr Warning: \headheight is too small (14.49998pt): 
 Make it at least 27.05003pt.
 We now make it that large for the rest of the document.
 This may cause the page layout to be inconsistent, however.

[3 <./04_charge_monitoring/pics/mod1.jpeg>]
<04_charge_monitoring/pics/wafer.jpg, id=64, 703.62875pt x 561.09625pt>
File: 04_charge_monitoring/pics/wafer.jpg Graphic file (type jpg)

<use 04_charge_monitoring/pics/wafer.jpg>
Package pdftex.def Info: 04_charge_monitoring/pics/wafer.jpg used on input line
 80.
(pdftex.def)             Requested size: 303.53267pt x 242.04579pt.
 [4 <./04_charge_monitoring/pics/wafer.jpg>] <04_charge_monitoring/pics/fei41.p
ng, id=72, 806.01125pt x 768.8725pt>
File: 04_charge_monitoring/pics/fei41.png Graphic file (type png)

<use 04_charge_monitoring/pics/fei41.png>
Package pdftex.def Info: 04_charge_monitoring/pics/fei41.png used on input line
 94.
(pdftex.def)             Requested size: 195.12767pt x 186.12872pt.
 [5 <./04_charge_monitoring/pics/fei41.png>]
<04_charge_monitoring/pics/analogPix.png, id=76, 1266.7325pt x 691.58376pt>
File: 04_charge_monitoring/pics/analogPix.png Graphic file (type png)

<use 04_charge_monitoring/pics/analogPix.png>
Package pdftex.def Info: 04_charge_monitoring/pics/analogPix.png used on input 
line 103.
(pdftex.def)             Requested size: 346.89731pt x 189.38939pt.
 [6 <./04_charge_monitoring/pics/analogPix.png>]

LaTeX Warning: Reference `fig:completemod' on page 7 undefined on input line 12
4.

[7]
<05_current_monitoring/plots/dbmmod1.png, id=85, 1127.21124pt x 962.59625pt>
File: 05_current_monitoring/plots/dbmmod1.png Graphic file (type png)

<use 05_current_monitoring/plots/dbmmod1.png>
Package pdftex.def Info: 05_current_monitoring/plots/dbmmod1.png used on input 
line 129.
(pdftex.def)             Requested size: 346.89731pt x 296.24261pt.
 [8 <./05_current_monitoring/plots/dbmmod1.png>]
<../scripts/04_charge_monitoring/plots/production.png, id=91, 569.05399pt x 410
.4936pt>
File: ../scripts/04_charge_monitoring/plots/production.png Graphic file (type p
ng)
 <use ../scripts/04_charge_monitoring/plots/production.png>
Package pdftex.def Info: ../scripts/04_charge_monitoring/plots/production.png u
sed on input line 144.
(pdftex.def)             Requested size: 346.89731pt x 250.24414pt.
 [9 <../scripts/04_charge_monitoring/plots/production.png>] [10] [11]
<../scripts/04_charge_monitoring/plots/MSBM-34-occ.pdf, id=102, 569.12625pt x 4
10.53375pt>
File: ../scripts/04_charge_monitoring/plots/MSBM-34-occ.pdf Graphic file (type 
pdf)
 <use ../scripts/04_charge_monitoring/plots/MSBM-34-occ.pdf>
Package pdftex.def Info: ../scripts/04_charge_monitoring/plots/MSBM-34-occ.pdf 
used on input line 176.
(pdftex.def)             Requested size: 195.12767pt x 140.75104pt.

<../scripts/04_charge_monitoring/plots/MDBM-23-occ.pdf, id=103, 569.12625pt x 4
10.53375pt>
File: ../scripts/04_charge_monitoring/plots/MDBM-23-occ.pdf Graphic file (type 
pdf)
 <use ../scripts/04_charge_monitoring/plots/MDBM-23-occ.pdf>
Package pdftex.def Info: ../scripts/04_charge_monitoring/plots/MDBM-23-occ.pdf 
used on input line 177.
(pdftex.def)             Requested size: 195.12767pt x 140.75104pt.

<../scripts/04_charge_monitoring/plots/MSBM-34-eff.pdf, id=104, 569.12625pt x 4
10.53375pt>
File: ../scripts/04_charge_monitoring/plots/MSBM-34-eff.pdf Graphic file (type 
pdf)
 <use ../scripts/04_charge_monitoring/plots/MSBM-34-eff.pdf>
Package pdftex.def Info: ../scripts/04_charge_monitoring/plots/MSBM-34-eff.pdf 
used on input line 178.
(pdftex.def)             Requested size: 195.12767pt x 140.75104pt.

<../scripts/04_charge_monitoring/plots/MDBM-23-eff.pdf, id=105, 569.12625pt x 4
10.53375pt>
File: ../scripts/04_charge_monitoring/plots/MDBM-23-eff.pdf Graphic file (type 
pdf)
 <use ../scripts/04_charge_monitoring/plots/MDBM-23-eff.pdf>
Package pdftex.def Info: ../scripts/04_charge_monitoring/plots/MDBM-23-eff.pdf 
used on input line 179.
(pdftex.def)             Requested size: 195.12767pt x 140.75104pt.

<../scripts/04_charge_monitoring/plots/disconnectedregion.png, id=106, 569.0539
9pt x 410.4936pt>
File: ../scripts/04_charge_monitoring/plots/disconnectedregion.png Graphic file
 (type png)

<use ../scripts/04_charge_monitoring/plots/disconnectedregion.png>
Package pdftex.def Info: ../scripts/04_charge_monitoring/plots/disconnectedregi
on.png used on input line 187.
(pdftex.def)             Requested size: 195.12767pt x 140.75606pt.

<../scripts/04_charge_monitoring/plots/pseudoefficiency.png, id=107, 569.05399p
t x 410.4936pt>
File: ../scripts/04_charge_monitoring/plots/pseudoefficiency.png Graphic file (
type png)

<use ../scripts/04_charge_monitoring/plots/pseudoefficiency.png>
Package pdftex.def Info: ../scripts/04_charge_monitoring/plots/pseudoefficiency
.png used on input line 188.
(pdftex.def)             Requested size: 195.12767pt x 140.75606pt.
 [12 <../scripts/04_charge_monitoring/plots/MSBM-34-occ.pdf, page is rotated 90
 degrees> <../scripts/04_charge_monitoring/plots/MDBM-23-occ.pdf, page is rotat
ed 90 degrees> <../scripts/04_charge_monitoring/plots/MSBM-34-eff.pdf, page is 
rotated 90 degrees> <../scripts/04_charge_monitoring/plots/MDBM-23-eff.pdf, pag
e is rotated 90 degrees>] [13 <../scripts/04_charge_monitoring/plots/disconnect
edregion.png> <../scripts/04_charge_monitoring/plots/pseudoefficiency.png>]
<../scripts/04_charge_monitoring/plots/map.pdf, id=291, 569.12625pt x 410.53375
pt>
File: ../scripts/04_charge_monitoring/plots/map.pdf Graphic file (type pdf)
 <use ../scripts/04_charge_monitoring/plots/map.pdf>
Package pdftex.def Info: ../scripts/04_charge_monitoring/plots/map.pdf used on 
input line 206.
(pdftex.def)             Requested size: 195.12767pt x 140.75104pt.

<../scripts/04_charge_monitoring/plots/distribution.pdf, id=292, 569.12625pt x 
410.53375pt>
File: ../scripts/04_charge_monitoring/plots/distribution.pdf Graphic file (type
 pdf)
 <use ../scripts/04_charge_monitoring/plots/distribution.pdf>
Package pdftex.def Info: ../scripts/04_charge_monitoring/plots/distribution.pdf
 used on input line 207.
(pdftex.def)             Requested size: 195.12767pt x 140.75104pt.

<04_charge_monitoring/pics/DBM-installed-colour1.jpg, id=293, 2276.505pt x 1710
.39pt>
File: 04_charge_monitoring/pics/DBM-installed-colour1.jpg Graphic file (type jp
g)
 <use 04_charge_monitoring/pics/DBM-installed-colour1.jpg>
Package pdftex.def Info: 04_charge_monitoring/pics/DBM-installed-colour1.jpg us
ed on input line 221.
(pdftex.def)             Requested size: 390.25534pt x 293.1896pt.
 [14 <../scripts/04_charge_monitoring/plots/map.pdf, page is rotated 90 degrees
> <../scripts/04_charge_monitoring/plots/distribution.pdf, page is rotated 90 d
egrees>]
<../scripts/04_charge_monitoring/plots/DBM-positioning.pdf, id=383, 2163.08125p
t x 682.55pt>
File: ../scripts/04_charge_monitoring/plots/DBM-positioning.pdf Graphic file (t
ype pdf)
 <use ../scripts/04_charge_monitoring/plots/DBM-positioning.pdf>
Package pdftex.def Info: ../scripts/04_charge_monitoring/plots/DBM-positioning.
pdf used on input line 231.
(pdftex.def)             Requested size: 346.89731pt x 109.46019pt.

[15 <./04_charge_monitoring/pics/DBM-installed-colour1.jpg> <../scripts/04_char
ge_monitoring/plots/DBM-positioning.pdf>]
<04_charge_monitoring/pics/occupancy.png, id=403, 696.6025pt x 476.78125pt>
File: 04_charge_monitoring/pics/occupancy.png Graphic file (type png)

<use 04_charge_monitoring/pics/occupancy.png>
Package pdftex.def Info: 04_charge_monitoring/pics/occupancy.png used on input 
line 244.
(pdftex.def)             Requested size: 346.89731pt x 237.42972pt.

<../scripts/04_charge_monitoring/plots/z-r-distance.pdf, id=404, 242.9075pt x 1
79.16937pt>
File: ../scripts/04_charge_monitoring/plots/z-r-distance.pdf Graphic file (type
 pdf)
 <use ../scripts/04_charge_monitoring/plots/z-r-distance.pdf>
Package pdftex.def Info: ../scripts/04_charge_monitoring/plots/z-r-distance.pdf
 used on input line 252.
(pdftex.def)             Requested size: 303.53267pt x 223.88461pt.

[16 <./04_charge_monitoring/pics/occupancy.png>]
<../scripts/04_charge_monitoring/plots/D0.pdf, id=409, 569.12625pt x 410.53375p
t>
File: ../scripts/04_charge_monitoring/plots/D0.pdf Graphic file (type pdf)
 <use ../scripts/04_charge_monitoring/plots/D0.pdf>
Package pdftex.def Info: ../scripts/04_charge_monitoring/plots/D0.pdf used on i
nput line 262.
(pdftex.def)             Requested size: 303.53267pt x 218.95998pt.

<../scripts/04_charge_monitoring/plots/Z0.pdf, id=410, 569.12625pt x 410.53375p
t>
File: ../scripts/04_charge_monitoring/plots/Z0.pdf Graphic file (type pdf)
 <use ../scripts/04_charge_monitoring/plots/Z0.pdf>
Package pdftex.def Info: ../scripts/04_charge_monitoring/plots/Z0.pdf used on i
nput line 263.
(pdftex.def)             Requested size: 303.53267pt x 218.95998pt.
) [17 <../scripts/04_charge_monitoring/plots/z-r-distance.pdf>] [18 <../scripts
/04_charge_monitoring/plots/D0.pdf, page is rotated 90 degrees> <../scripts/04_
charge_monitoring/plots/Z0.pdf, page is rotated 90 degrees>]
No file 04_makechapter.bbl.
(./04_makechapter.aux (./04_charge_monitoring/chapter.aux))

LaTeX Warning: There were undefined references.


LaTeX Warning: There were multiply-defined labels.

 ) 
Here is how much of TeX's memory you used:
 4406 strings out of 493089
 71132 string characters out of 6134843
 125520 words of memory out of 5000000
 7762 multiletter control sequences out of 15000+600000
 12953 words of font info for 47 fonts, out of 8000000 for 9000
 1141 hyphenation exceptions out of 8191
 38i,15n,49p,2095b,432s stack positions out of 5000i,500n,10000p,200000b,80000s
{/usr/local/texlive/2015/texmf-dist/fonts/enc/dvips/cm-super/cm-super-ts1.enc
}</usr/local/texlive/2015/texmf-dist/fonts/type1/public/amsfonts/cm/cmbx12.pfb>
</usr/local/texlive/2015/texmf-dist/fonts/type1/public/amsfonts/cm/cmbxti10.pfb
></usr/local/texlive/2015/texmf-dist/fonts/type1/public/amsfonts/cm/cmmi12.pfb>
</usr/local/texlive/2015/texmf-dist/fonts/type1/public/amsfonts/cm/cmr10.pfb></
usr/local/texlive/2015/texmf-dist/fonts/type1/public/amsfonts/cm/cmr12.pfb></us
r/local/texlive/2015/texmf-dist/fonts/type1/public/amsfonts/cm/cmr8.pfb></usr/l
ocal/texlive/2015/texmf-dist/fonts/type1/public/amsfonts/cm/cmsl12.pfb></usr/lo
cal/texlive/2015/texmf-dist/fonts/type1/public/amsfonts/cm/cmss8.pfb></usr/loca
l/texlive/2015/texmf-dist/fonts/type1/public/amsfonts/cm/cmsy10.pfb></usr/local
/texlive/2015/texmf-dist/fonts/type1/public/amsfonts/cm/cmsy8.pfb></usr/local/t
exlive/2015/texmf-dist/fonts/type1/public/amsfonts/cm/cmti12.pfb></usr/local/te
xlive/2015/texmf-dist/fonts/type1/public/amsfonts/euler/eurm10.pfb></usr/local/
texlive/2015/texmf-dist/fonts/type1/public/cm-super/sfrm1200.pfb>
Output written on 04_makechapter.pdf (18 pages, 8027062 bytes).
PDF statistics:
 565 PDF objects out of 1000 (max. 8388607)
 270 compressed objects within 3 object streams
 0 named destinations out of 1000 (max. 500000)
 106 words of extra memory for PDF output out of 10000 (max. 10000000)

