This is pdfTeX, Version 3.14159265-2.6-1.40.16 (TeX Live 2015) (preloaded format=pdflatex 2016.4.6)  5 JUL 2016 00:17
entering extended mode
 restricted \write18 enabled.
 file:line:error style messages enabled.
 %&-line parsing enabled.
**05_makechapter.tex
(./05_makechapter.tex
LaTeX2e <2015/01/01>
Babel <3.9l> and hyphenation patterns for 79 languages loaded.
(./packages/mytustyle.cls

LaTeX Warning: You have requested document class `packages/mytustyle',
               but the document class provides `mytustyle'.

Document Class: mytustyle 2010/11/22 v2.2 OCIAM thesis class
(/usr/local/texlive/2015/texmf-dist/tex/latex/base/report.cls
Document Class: report 2014/09/29 v1.4h Standard LaTeX document class
(/usr/local/texlive/2015/texmf-dist/tex/latex/base/size11.clo
File: size11.clo 2014/09/29 v1.4h Standard LaTeX file (size option)
)
\c@part=\count79
\c@chapter=\count80
\c@section=\count81
\c@subsection=\count82
\c@subsubsection=\count83
\c@paragraph=\count84
\c@subparagraph=\count85
\c@figure=\count86
\c@table=\count87
\abovecaptionskip=\skip41
\belowcaptionskip=\skip42
\bibindent=\dimen102
)
(/usr/local/texlive/2015/texmf-dist/tex/latex/graphics/graphicx.sty
Package: graphicx 2014/10/28 v1.0g Enhanced LaTeX Graphics (DPC,SPQR)

(/usr/local/texlive/2015/texmf-dist/tex/latex/graphics/keyval.sty
Package: keyval 2014/10/28 v1.15 key=value parser (DPC)
\KV@toks@=\toks14
)
(/usr/local/texlive/2015/texmf-dist/tex/latex/graphics/graphics.sty
Package: graphics 2014/10/28 v1.0p Standard LaTeX Graphics (DPC,SPQR)

(/usr/local/texlive/2015/texmf-dist/tex/latex/graphics/trig.sty
Package: trig 1999/03/16 v1.09 sin cos tan (DPC)
)
(/usr/local/texlive/2015/texmf-dist/tex/latex/latexconfig/graphics.cfg
File: graphics.cfg 2010/04/23 v1.9 graphics configuration of TeX Live
)
Package graphics Info: Driver file: pdftex.def on input line 94.

(/usr/local/texlive/2015/texmf-dist/tex/latex/pdftex-def/pdftex.def
File: pdftex.def 2011/05/27 v0.06d Graphics/color for pdfTeX

(/usr/local/texlive/2015/texmf-dist/tex/generic/oberdiek/infwarerr.sty
Package: infwarerr 2010/04/08 v1.3 Providing info/warning/error messages (HO)
)
(/usr/local/texlive/2015/texmf-dist/tex/generic/oberdiek/ltxcmds.sty
Package: ltxcmds 2011/11/09 v1.22 LaTeX kernel commands for general use (HO)
)
\Gread@gobject=\count88
))
\Gin@req@height=\dimen103
\Gin@req@width=\dimen104
)
(/usr/local/texlive/2015/texmf-dist/tex/latex/base/ifthen.sty
Package: ifthen 2014/09/29 v1.1c Standard LaTeX ifthen package (DPC)
))
(/usr/local/texlive/2015/texmf-dist/tex/latex/amsfonts/amssymb.sty
Package: amssymb 2013/01/14 v3.01 AMS font symbols

(/usr/local/texlive/2015/texmf-dist/tex/latex/amsfonts/amsfonts.sty
Package: amsfonts 2013/01/14 v3.01 Basic AMSFonts support
\@emptytoks=\toks15
\symAMSa=\mathgroup4
\symAMSb=\mathgroup5
LaTeX Font Info:    Overwriting math alphabet `\mathfrak' in version `bold'
(Font)                  U/euf/m/n --> U/euf/b/n on input line 106.
))
(/usr/local/texlive/2015/texmf-dist/tex/latex/caption/caption.sty
Package: caption 2013/05/02 v3.3-89 Customizing captions (AR)

(/usr/local/texlive/2015/texmf-dist/tex/latex/caption/caption3.sty
Package: caption3 2013/05/02 v1.6-88 caption3 kernel (AR)
Package caption3 Info: TeX engine: e-TeX on input line 57.
\captionmargin=\dimen105
\captionmargin@=\dimen106
\captionwidth=\dimen107
\caption@tempdima=\dimen108
\caption@indent=\dimen109
\caption@parindent=\dimen110
\caption@hangindent=\dimen111
)
\c@ContinuedFloat=\count89
)
(/usr/local/texlive/2015/texmf-dist/tex/latex/was/upgreek.sty
Package: upgreek 2003/02/12 v2.0 (WaS)
Package upgreek Info: Using Euler Roman for upright Greek on input line 31.
\symugrf@m=\mathgroup6
LaTeX Font Info:    Overwriting symbol font `ugrf@m' in version `bold'
(Font)                  U/eur/m/n --> U/eur/b/n on input line 38.
)
(/usr/local/texlive/2015/texmf-dist/tex/latex/subfig/subfig.sty
Package: subfig 2005/06/28 ver: 1.3 subfig package
\c@KVtest=\count90
\sf@farskip=\skip43
\sf@captopadj=\dimen112
\sf@capskip=\skip44
\sf@nearskip=\skip45
\c@subfigure=\count91
\c@subfigure@save=\count92
\c@lofdepth=\count93
\c@subtable=\count94
\c@subtable@save=\count95
\c@lotdepth=\count96
\sf@top=\skip46
\sf@bottom=\skip47
)
(/usr/local/texlive/2015/texmf-dist/tex/latex/base/textcomp.sty
Package: textcomp 2005/09/27 v1.99g Standard LaTeX package
Package textcomp Info: Sub-encoding information:
(textcomp)               5 = only ISO-Adobe without \textcurrency
(textcomp)               4 = 5 + \texteuro
(textcomp)               3 = 4 + \textohm
(textcomp)               2 = 3 + \textestimated + \textcurrency
(textcomp)               1 = TS1 - \textcircled - \t
(textcomp)               0 = TS1 (full)
(textcomp)             Font families with sub-encoding setting implement
(textcomp)             only a restricted character set as indicated.
(textcomp)             Family '?' is the default used for unknown fonts.
(textcomp)             See the documentation for details.
Package textcomp Info: Setting ? sub-encoding to TS1/1 on input line 79.

(/usr/local/texlive/2015/texmf-dist/tex/latex/base/ts1enc.def
File: ts1enc.def 2001/06/05 v3.0e (jk/car/fm) Standard LaTeX file
)
LaTeX Info: Redefining \oldstylenums on input line 334.
Package textcomp Info: Setting cmr sub-encoding to TS1/0 on input line 349.
Package textcomp Info: Setting cmss sub-encoding to TS1/0 on input line 350.
Package textcomp Info: Setting cmtt sub-encoding to TS1/0 on input line 351.
Package textcomp Info: Setting cmvtt sub-encoding to TS1/0 on input line 352.
Package textcomp Info: Setting cmbr sub-encoding to TS1/0 on input line 353.
Package textcomp Info: Setting cmtl sub-encoding to TS1/0 on input line 354.
Package textcomp Info: Setting ccr sub-encoding to TS1/0 on input line 355.
Package textcomp Info: Setting ptm sub-encoding to TS1/4 on input line 356.
Package textcomp Info: Setting pcr sub-encoding to TS1/4 on input line 357.
Package textcomp Info: Setting phv sub-encoding to TS1/4 on input line 358.
Package textcomp Info: Setting ppl sub-encoding to TS1/3 on input line 359.
Package textcomp Info: Setting pag sub-encoding to TS1/4 on input line 360.
Package textcomp Info: Setting pbk sub-encoding to TS1/4 on input line 361.
Package textcomp Info: Setting pnc sub-encoding to TS1/4 on input line 362.
Package textcomp Info: Setting pzc sub-encoding to TS1/4 on input line 363.
Package textcomp Info: Setting bch sub-encoding to TS1/4 on input line 364.
Package textcomp Info: Setting put sub-encoding to TS1/5 on input line 365.
Package textcomp Info: Setting uag sub-encoding to TS1/5 on input line 366.
Package textcomp Info: Setting ugq sub-encoding to TS1/5 on input line 367.
Package textcomp Info: Setting ul8 sub-encoding to TS1/4 on input line 368.
Package textcomp Info: Setting ul9 sub-encoding to TS1/4 on input line 369.
Package textcomp Info: Setting augie sub-encoding to TS1/5 on input line 370.
Package textcomp Info: Setting dayrom sub-encoding to TS1/3 on input line 371.
Package textcomp Info: Setting dayroms sub-encoding to TS1/3 on input line 372.

Package textcomp Info: Setting pxr sub-encoding to TS1/0 on input line 373.
Package textcomp Info: Setting pxss sub-encoding to TS1/0 on input line 374.
Package textcomp Info: Setting pxtt sub-encoding to TS1/0 on input line 375.
Package textcomp Info: Setting txr sub-encoding to TS1/0 on input line 376.
Package textcomp Info: Setting txss sub-encoding to TS1/0 on input line 377.
Package textcomp Info: Setting txtt sub-encoding to TS1/0 on input line 378.
Package textcomp Info: Setting lmr sub-encoding to TS1/0 on input line 379.
Package textcomp Info: Setting lmdh sub-encoding to TS1/0 on input line 380.
Package textcomp Info: Setting lmss sub-encoding to TS1/0 on input line 381.
Package textcomp Info: Setting lmssq sub-encoding to TS1/0 on input line 382.
Package textcomp Info: Setting lmvtt sub-encoding to TS1/0 on input line 383.
Package textcomp Info: Setting lmtt sub-encoding to TS1/0 on input line 384.
Package textcomp Info: Setting qhv sub-encoding to TS1/0 on input line 385.
Package textcomp Info: Setting qag sub-encoding to TS1/0 on input line 386.
Package textcomp Info: Setting qbk sub-encoding to TS1/0 on input line 387.
Package textcomp Info: Setting qcr sub-encoding to TS1/0 on input line 388.
Package textcomp Info: Setting qcs sub-encoding to TS1/0 on input line 389.
Package textcomp Info: Setting qpl sub-encoding to TS1/0 on input line 390.
Package textcomp Info: Setting qtm sub-encoding to TS1/0 on input line 391.
Package textcomp Info: Setting qzc sub-encoding to TS1/0 on input line 392.
Package textcomp Info: Setting qhvc sub-encoding to TS1/0 on input line 393.
Package textcomp Info: Setting futs sub-encoding to TS1/4 on input line 394.
Package textcomp Info: Setting futx sub-encoding to TS1/4 on input line 395.
Package textcomp Info: Setting futj sub-encoding to TS1/4 on input line 396.
Package textcomp Info: Setting hlh sub-encoding to TS1/3 on input line 397.
Package textcomp Info: Setting hls sub-encoding to TS1/3 on input line 398.
Package textcomp Info: Setting hlst sub-encoding to TS1/3 on input line 399.
Package textcomp Info: Setting hlct sub-encoding to TS1/5 on input line 400.
Package textcomp Info: Setting hlx sub-encoding to TS1/5 on input line 401.
Package textcomp Info: Setting hlce sub-encoding to TS1/5 on input line 402.
Package textcomp Info: Setting hlcn sub-encoding to TS1/5 on input line 403.
Package textcomp Info: Setting hlcw sub-encoding to TS1/5 on input line 404.
Package textcomp Info: Setting hlcf sub-encoding to TS1/5 on input line 405.
Package textcomp Info: Setting pplx sub-encoding to TS1/3 on input line 406.
Package textcomp Info: Setting pplj sub-encoding to TS1/3 on input line 407.
Package textcomp Info: Setting ptmx sub-encoding to TS1/4 on input line 408.
Package textcomp Info: Setting ptmj sub-encoding to TS1/4 on input line 409.
)
(/usr/local/texlive/2015/texmf-dist/tex/latex/enumitem/enumitem.sty
Package: enumitem 2011/09/28 v3.5.2 Customized lists
\labelindent=\skip48
\enit@outerparindent=\dimen113
\enit@toks=\toks16
\enit@inbox=\box26
\enitdp@description=\count97
)
(/usr/local/texlive/2015/texmf-dist/tex/latex/emptypage/emptypage.sty
Package: emptypage 2010/05/30 v1.2 Suppress page numbers and headings on empty 
pages
)
(/usr/local/texlive/2015/texmf-dist/tex/latex/cases/cases.sty
Package: cases 2002/05/02 ver 2.5 
)
(/usr/local/texlive/2015/texmf-dist/tex/latex/tocbibind/tocbibind.sty
Package: tocbibind 2010/10/13 v1.5k extra ToC listings
Package tocbibind Info: The document has chapter divisions on input line 50.


Package tocbibind Note: Using chapter style headings, unless overridden.

) (./packages/fancyhdr.sty
\fancy@headwidth=\skip49
\f@ncyO@elh=\skip50
\f@ncyO@erh=\skip51
\f@ncyO@olh=\skip52
\f@ncyO@orh=\skip53
\f@ncyO@elf=\skip54
\f@ncyO@erf=\skip55
\f@ncyO@olf=\skip56
\f@ncyO@orf=\skip57
)
(/usr/local/texlive/2015/texmf-dist/tex/latex/lineno/lineno.sty
Package: lineno 2005/11/02 line numbers on paragraphs v4.41
\linenopenalty=\count98
\output=\toks17
\linenoprevgraf=\count99
\linenumbersep=\dimen114
\linenumberwidth=\dimen115
\c@linenumber=\count100
\c@pagewiselinenumber=\count101
\c@LN@truepage=\count102
\c@internallinenumber=\count103
\c@internallinenumbers=\count104
\quotelinenumbersep=\dimen116
\bframerule=\dimen117
\bframesep=\dimen118
\bframebox=\box27
LaTeX Info: Redefining \\ on input line 3056.
)
(./05_makechapter.aux (./05_current_monitoring/chapter.aux

LaTeX Warning: Label `fig:scatterpu' multiply defined.


LaTeX Warning: Label `fig:scatterpuarea' multiply defined.

))
\openout1 = `05_makechapter.aux'.

LaTeX Font Info:    Checking defaults for OML/cmm/m/it on input line 37.
LaTeX Font Info:    ... okay on input line 37.
LaTeX Font Info:    Checking defaults for T1/cmr/m/n on input line 37.
LaTeX Font Info:    ... okay on input line 37.
LaTeX Font Info:    Checking defaults for OT1/cmr/m/n on input line 37.
LaTeX Font Info:    ... okay on input line 37.
LaTeX Font Info:    Checking defaults for OMS/cmsy/m/n on input line 37.
LaTeX Font Info:    ... okay on input line 37.
LaTeX Font Info:    Checking defaults for OMX/cmex/m/n on input line 37.
LaTeX Font Info:    ... okay on input line 37.
LaTeX Font Info:    Checking defaults for U/cmr/m/n on input line 37.
LaTeX Font Info:    ... okay on input line 37.
LaTeX Font Info:    Checking defaults for TS1/cmr/m/n on input line 37.
LaTeX Font Info:    Try loading font information for TS1+cmr on input line 37.
 (/usr/local/texlive/2015/texmf-dist/tex/latex/base/ts1cmr.fd
File: ts1cmr.fd 2014/09/29 v2.5h Standard LaTeX font definitions
)
LaTeX Font Info:    ... okay on input line 37.

(/usr/local/texlive/2015/texmf-dist/tex/context/base/supp-pdf.mkii
[Loading MPS to PDF converter (version 2006.09.02).]
\scratchcounter=\count105
\scratchdimen=\dimen119
\scratchbox=\box28
\nofMPsegments=\count106
\nofMParguments=\count107
\everyMPshowfont=\toks18
\MPscratchCnt=\count108
\MPscratchDim=\dimen120
\MPnumerator=\count109
\makeMPintoPDFobject=\count110
\everyMPtoPDFconversion=\toks19
) (/usr/local/texlive/2015/texmf-dist/tex/generic/oberdiek/pdftexcmds.sty
Package: pdftexcmds 2011/11/29 v0.20 Utility functions of pdfTeX for LuaTeX (HO
)

(/usr/local/texlive/2015/texmf-dist/tex/generic/oberdiek/ifluatex.sty
Package: ifluatex 2010/03/01 v1.3 Provides the ifluatex switch (HO)
Package ifluatex Info: LuaTeX not detected.
)
(/usr/local/texlive/2015/texmf-dist/tex/generic/oberdiek/ifpdf.sty
Package: ifpdf 2011/01/30 v2.3 Provides the ifpdf switch (HO)
Package ifpdf Info: pdfTeX in PDF mode is detected.
)
Package pdftexcmds Info: LuaTeX not detected.
Package pdftexcmds Info: \pdf@primitive is available.
Package pdftexcmds Info: \pdf@ifprimitive is available.
Package pdftexcmds Info: \pdfdraftmode found.
)
(/usr/local/texlive/2015/texmf-dist/tex/latex/oberdiek/epstopdf-base.sty
Package: epstopdf-base 2010/02/09 v2.5 Base part for package epstopdf

(/usr/local/texlive/2015/texmf-dist/tex/latex/oberdiek/grfext.sty
Package: grfext 2010/08/19 v1.1 Manage graphics extensions (HO)

(/usr/local/texlive/2015/texmf-dist/tex/generic/oberdiek/kvdefinekeys.sty
Package: kvdefinekeys 2011/04/07 v1.3 Define keys (HO)
))
(/usr/local/texlive/2015/texmf-dist/tex/latex/oberdiek/kvoptions.sty
Package: kvoptions 2011/06/30 v3.11 Key value format for package options (HO)

(/usr/local/texlive/2015/texmf-dist/tex/generic/oberdiek/kvsetkeys.sty
Package: kvsetkeys 2012/04/25 v1.16 Key value parser (HO)

(/usr/local/texlive/2015/texmf-dist/tex/generic/oberdiek/etexcmds.sty
Package: etexcmds 2011/02/16 v1.5 Avoid name clashes with e-TeX commands (HO)
Package etexcmds Info: Could not find \expanded.
(etexcmds)             That can mean that you are not using pdfTeX 1.50 or
(etexcmds)             that some package has redefined \expanded.
(etexcmds)             In the latter case, load this package earlier.
)))
Package grfext Info: Graphics extension search list:
(grfext)             [.png,.pdf,.jpg,.mps,.jpeg,.jbig2,.jb2,.PNG,.PDF,.JPG,.JPE
G,.JBIG2,.JB2,.eps]
(grfext)             \AppendGraphicsExtensions on input line 452.

(/usr/local/texlive/2015/texmf-dist/tex/latex/latexconfig/epstopdf-sys.cfg
File: epstopdf-sys.cfg 2010/07/13 v1.3 Configuration of (r)epstopdf for TeX Liv
e
))
Package caption Info: Begin \AtBeginDocument code.
Package caption Info: subfig package v1.3 is loaded.
Package caption Info: End \AtBeginDocument code.

(./05_makechapter.toc
LaTeX Font Info:    Try loading font information for U+msa on input line 2.

(/usr/local/texlive/2015/texmf-dist/tex/latex/amsfonts/umsa.fd
File: umsa.fd 2013/01/14 v3.01 AMS symbols A
)
LaTeX Font Info:    Try loading font information for U+msb on input line 2.

(/usr/local/texlive/2015/texmf-dist/tex/latex/amsfonts/umsb.fd
File: umsb.fd 2013/01/14 v3.01 AMS symbols B
))
\tf@toc=\write3
\openout3 = `05_makechapter.toc'.

 [1


{/usr/local/texlive/2015/texmf-var/fonts/map/pdftex/updmap/pdftex.map}]
\openout2 = `05_current_monitoring/chapter.aux'.


(./05_current_monitoring/chapter.tex [2


]
Chapter 1.

LaTeX Warning: Reference `ch:meas' on page 3 undefined on input line 10.

[3]

LaTeX Warning: Reference `ch:meas' on page 4 undefined on input line 34.


Package Fancyhdr Warning: \headheight is too small (12.0pt): 
 Make it at least 13.59999pt.
 We now make it that large for the rest of the document.
 This may cause the page layout to be inconsistent, however.

[4]
<../../../CIVIDEC/dataRead/data/plots/pulse/alpha2params.pdf, id=24, 569.12625p
t x 410.53375pt>
File: ../../../CIVIDEC/dataRead/data/plots/pulse/alpha2params.pdf Graphic file 
(type pdf)

<use ../../../CIVIDEC/dataRead/data/plots/pulse/alpha2params.pdf>
Package pdftex.def Info: ../../../CIVIDEC/dataRead/data/plots/pulse/alpha2param
s.pdf used on input line 73.
(pdftex.def)             Requested size: 303.53267pt x 218.95998pt.


Package Fancyhdr Warning: \headheight is too small (13.59999pt): 
 Make it at least 25.16252pt.
 We now make it that large for the rest of the document.
 This may cause the page layout to be inconsistent, however.

[5] <05_current_monitoring/plots/formfac1.pdf, id=30, 2067.725pt x 652.4375pt>
File: 05_current_monitoring/plots/formfac1.pdf Graphic file (type pdf)

<use 05_current_monitoring/plots/formfac1.pdf>
Package pdftex.def Info: 05_current_monitoring/plots/formfac1.pdf used on input
 line 95.
(pdftex.def)             Requested size: 303.53267pt x 95.77077pt.
 [6 <../../../CIVIDEC/dataRead/data/plots/pulse/alpha2params.pdf, page is rotat
ed 90 degrees> <./05_current_monitoring/plots/formfac1.pdf>] [7]
<05_current_monitoring/plots/application.pdf, id=120, 318.18875pt x 175.15437pt
>
File: 05_current_monitoring/plots/application.pdf Graphic file (type pdf)
 <use 05_current_monitoring/plots/application.pdf>
Package pdftex.def Info: 05_current_monitoring/plots/application.pdf used on in
put line 129.
(pdftex.def)             Requested size: 303.53267pt x 167.08525pt.
 [8 <./05_current_monitoring/plots/application.pdf>]
<05_current_monitoring/plots/analysis1.pdf, id=140, 2720.1625pt x 1776.6375pt>
File: 05_current_monitoring/plots/analysis1.pdf Graphic file (type pdf)

<use 05_current_monitoring/plots/analysis1.pdf>
Package pdftex.def Info: 05_current_monitoring/plots/analysis1.pdf used on inpu
t line 151.
(pdftex.def)             Requested size: 303.53267pt x 198.25009pt.
 [9 <./05_current_monitoring/plots/analysis1.pdf>] [10]
<05_current_monitoring/plots/pulse1.pdf, id=163, 4597.175pt x 2559.5625pt>
File: 05_current_monitoring/plots/pulse1.pdf Graphic file (type pdf)

<use 05_current_monitoring/plots/pulse1.pdf>
Package pdftex.def Info: 05_current_monitoring/plots/pulse1.pdf used on input l
ine 198.
(pdftex.def)             Requested size: 303.53267pt x 168.99414pt.

<05_current_monitoring/plots/width2.pdf, id=164, 3111.625pt x 642.4pt>
File: 05_current_monitoring/plots/width2.pdf Graphic file (type pdf)

<use 05_current_monitoring/plots/width2.pdf>
Package pdftex.def Info: 05_current_monitoring/plots/width2.pdf used on input l
ine 209.
(pdftex.def)             Requested size: 411.93767pt x 85.04407pt.

<05_current_monitoring/plots/area2.pdf, id=165, 3116.64375pt x 843.15pt>
File: 05_current_monitoring/plots/area2.pdf Graphic file (type pdf)

<use 05_current_monitoring/plots/area2.pdf>
Package pdftex.def Info: 05_current_monitoring/plots/area2.pdf used on input li
ne 216.
(pdftex.def)             Requested size: 411.93767pt x 111.44023pt.

<05_current_monitoring/plots/vector_clean.pdf, id=166, 351.81438pt x 139.52126p
t>
File: 05_current_monitoring/plots/vector_clean.pdf Graphic file (type pdf)
 <use 05_current_monitoring/plots/vector_clean.pdf>
Package pdftex.def Info: 05_current_monitoring/plots/vector_clean.pdf used on i
nput line 227.
(pdftex.def)             Requested size: 390.25534pt x 154.7661pt.
 [11] [12 <./05_current_monitoring/plots/pulse1.pdf> <./05_current_monitoring/p
lots/width2.pdf> <./05_current_monitoring/plots/area2.pdf>]
<05_current_monitoring/plots/logic1.pdf, id=250, 160.09813pt x 41.15375pt>
File: 05_current_monitoring/plots/logic1.pdf Graphic file (type pdf)

<use 05_current_monitoring/plots/logic1.pdf>
Package pdftex.def Info: 05_current_monitoring/plots/logic1.pdf used on input l
ine 244.
(pdftex.def)             Requested size: 203.80193pt x 52.38899pt.

<05_current_monitoring/plots/logic2.pdf, id=251, 137.01187pt x 63.73813pt>
File: 05_current_monitoring/plots/logic2.pdf Graphic file (type pdf)

<use 05_current_monitoring/plots/logic2.pdf>
Package pdftex.def Info: 05_current_monitoring/plots/logic2.pdf used on input l
ine 245.
(pdftex.def)             Requested size: 203.80193pt x 94.81624pt.

Overfull \hbox (5.28387pt too wide) in paragraph at lines 243--247
[][] 
 []

<05_current_monitoring/plots/algobase.pdf, id=252, 1530.71875pt x 963.6pt>
File: 05_current_monitoring/plots/algobase.pdf Graphic file (type pdf)

<use 05_current_monitoring/plots/algobase.pdf>
Package pdftex.def Info: 05_current_monitoring/plots/algobase.pdf used on input
 line 252.
(pdftex.def)             Requested size: 216.81pt x 136.47633pt.
 [13 <./05_current_monitoring/plots/vector_clean.pdf>]
<05_current_monitoring/plots/controller.pdf, id=277, 1761.58125pt x 1033.8625pt
>
File: 05_current_monitoring/plots/controller.pdf Graphic file (type pdf)
 <use 05_current_monitoring/plots/controller.pdf>
Package pdftex.def Info: 05_current_monitoring/plots/controller.pdf used on inp
ut line 266.
(pdftex.def)             Requested size: 195.12767pt x 114.51399pt.
 [14 <./05_current_monitoring/plots/logic1.pdf> <./05_current_monitoring/plots/
logic2.pdf> <./05_current_monitoring/plots/algobase.pdf>] [15 <./05_current_mon
itoring/plots/controller.pdf>]
<../scripts/05_current_monitoring/PulseGenTests/plots/freq.pdf, id=353, 569.126
25pt x 368.37625pt>
File: ../scripts/05_current_monitoring/PulseGenTests/plots/freq.pdf Graphic fil
e (type pdf)

<use ../scripts/05_current_monitoring/PulseGenTests/plots/freq.pdf>
Package pdftex.def Info: ../scripts/05_current_monitoring/PulseGenTests/plots/f
req.pdf used on input line 319.
(pdftex.def)             Requested size: 303.53267pt x 196.47508pt.

<../scripts/05_current_monitoring/PulseGenTests/plots/ratioAmpl1.pdf, id=354, 5
69.12625pt x 368.37625pt>
File: ../scripts/05_current_monitoring/PulseGenTests/plots/ratioAmpl1.pdf Graph
ic file (type pdf)

<use ../scripts/05_current_monitoring/PulseGenTests/plots/ratioAmpl1.pdf>
Package pdftex.def Info: ../scripts/05_current_monitoring/PulseGenTests/plots/r
atioAmpl1.pdf used on input line 330.
(pdftex.def)             Requested size: 203.80193pt x 131.91272pt.

<../scripts/05_current_monitoring/PulseGenTests/plots/ratioWidth1.pdf, id=355, 
569.12625pt x 368.37625pt>
File: ../scripts/05_current_monitoring/PulseGenTests/plots/ratioWidth1.pdf Grap
hic file (type pdf)

<use ../scripts/05_current_monitoring/PulseGenTests/plots/ratioWidth1.pdf>
Package pdftex.def Info: ../scripts/05_current_monitoring/PulseGenTests/plots/r
atioWidth1.pdf used on input line 331.
(pdftex.def)             Requested size: 203.80193pt x 131.91272pt.

Overfull \hbox (5.28387pt too wide) in paragraph at lines 329--333
[][] 
 []

[16 <../scripts/05_current_monitoring/PulseGenTests/plots/freq.pdf, page is rot
ated 90 degrees>]
<../scripts/05_current_monitoring/PulseGenTests/plots/snrAmpl1.pdf, id=402, 569
.12625pt x 368.37625pt>
File: ../scripts/05_current_monitoring/PulseGenTests/plots/snrAmpl1.pdf Graphic
 file (type pdf)

<use ../scripts/05_current_monitoring/PulseGenTests/plots/snrAmpl1.pdf>
Package pdftex.def Info: ../scripts/05_current_monitoring/PulseGenTests/plots/s
nrAmpl1.pdf used on input line 344.
(pdftex.def)             Requested size: 203.80193pt x 131.91272pt.

<../scripts/05_current_monitoring/PulseGenTests/plots/snrWidth1.pdf, id=403, 56
9.12625pt x 368.37625pt>
File: ../scripts/05_current_monitoring/PulseGenTests/plots/snrWidth1.pdf Graphi
c file (type pdf)

<use ../scripts/05_current_monitoring/PulseGenTests/plots/snrWidth1.pdf>
Package pdftex.def Info: ../scripts/05_current_monitoring/PulseGenTests/plots/s
nrWidth1.pdf used on input line 346.
(pdftex.def)             Requested size: 203.80193pt x 131.91272pt.

<../scripts/05_current_monitoring/PulseGenTests/plots/snrArea1.pdf, id=404, 569
.12625pt x 368.37625pt>
File: ../scripts/05_current_monitoring/PulseGenTests/plots/snrArea1.pdf Graphic
 file (type pdf)

<use ../scripts/05_current_monitoring/PulseGenTests/plots/snrArea1.pdf>
Package pdftex.def Info: ../scripts/05_current_monitoring/PulseGenTests/plots/s
nrArea1.pdf used on input line 349.
(pdftex.def)             Requested size: 203.80193pt x 131.91272pt.

Overfull \hbox (5.28387pt too wide) in paragraph at lines 343--351
[][] 
 []

[17 <../scripts/05_current_monitoring/PulseGenTests/plots/ratioAmpl1.pdf, page 
is rotated 90 degrees> <../scripts/05_current_monitoring/PulseGenTests/plots/ra
tioWidth1.pdf, page is rotated 90 degrees> <../scripts/05_current_monitoring/Pu
lseGenTests/plots/snrAmpl1.pdf, page is rotated 90 degrees> <../scripts/05_curr
ent_monitoring/PulseGenTests/plots/snrWidth1.pdf, page is rotated 90 degrees> <
../scripts/05_current_monitoring/PulseGenTests/plots/snrArea1.pdf, page is rota
ted 90 degrees>]
<../scripts/05_current_monitoring/plot4alpha/plots/4alphaCompare.pdf, id=624, 5
69.12625pt x 364.36125pt>
File: ../scripts/05_current_monitoring/plot4alpha/plots/4alphaCompare.pdf Graph
ic file (type pdf)

<use ../scripts/05_current_monitoring/plot4alpha/plots/4alphaCompare.pdf>
Package pdftex.def Info: ../scripts/05_current_monitoring/plot4alpha/plots/4alp
haCompare.pdf used on input line 367.
(pdftex.def)             Requested size: 303.53267pt x 194.33366pt.

[18 <../scripts/05_current_monitoring/plot4alpha/plots/4alphaCompare.pdf, page 
is rotated 90 degrees>] [19]
<05_current_monitoring/plots/classABCD.pdf, id=678, 2649.9pt x 1932.21875pt>
File: 05_current_monitoring/plots/classABCD.pdf Graphic file (type pdf)

<use 05_current_monitoring/plots/classABCD.pdf>
Package pdftex.def Info: 05_current_monitoring/plots/classABCD.pdf used on inpu
t line 420.
(pdftex.def)             Requested size: 390.25534pt x 284.5428pt.
 [20 <./05_current_monitoring/plots/classABCD.pdf>] [21


]
<05_current_monitoring/plots/classE.pdf, id=711, 2599.7125pt x 2353.79375pt>
File: 05_current_monitoring/plots/classE.pdf Graphic file (type pdf)

<use 05_current_monitoring/plots/classE.pdf>
Package pdftex.def Info: 05_current_monitoring/plots/classE.pdf used on input l
ine 448.
(pdftex.def)             Requested size: 390.25534pt x 353.34116pt.
 [22 <./05_current_monitoring/plots/classE.pdf>] [23


]
<05_current_monitoring/plots/classF.pdf, id=746, 2614.76875pt x 1897.0875pt>
File: 05_current_monitoring/plots/classF.pdf Graphic file (type pdf)

<use 05_current_monitoring/plots/classF.pdf>
Package pdftex.def Info: 05_current_monitoring/plots/classF.pdf used on input l
ine 474.
(pdftex.def)             Requested size: 390.25534pt x 283.13243pt.
 [24 <./05_current_monitoring/plots/classF.pdf>]

LaTeX Warning: Reference `tab:semicompare' on page 25 undefined on input line 4
95.

[25


]
<../../../CIVIDEC/dataRead/data/plots/reportATI/10-pulse-alpha-e-0.pdf, id=778,
 569.12625pt x 410.53375pt>
File: ../../../CIVIDEC/dataRead/data/plots/reportATI/10-pulse-alpha-e-0.pdf Gra
phic file (type pdf)

<use ../../../CIVIDEC/dataRead/data/plots/reportATI/10-pulse-alpha-e-0.pdf>
Package pdftex.def Info: ../../../CIVIDEC/dataRead/data/plots/reportATI/10-puls
e-alpha-e-0.pdf used on input line 523.
(pdftex.def)             Requested size: 190.79385pt x 137.62518pt.

<../../../CIVIDEC/dataRead/data/plots/reportATI/18-pulse-alpha-h-0.pdf, id=779,
 569.12625pt x 410.53375pt>
File: ../../../CIVIDEC/dataRead/data/plots/reportATI/18-pulse-alpha-h-0.pdf Gra
phic file (type pdf)

<use ../../../CIVIDEC/dataRead/data/plots/reportATI/18-pulse-alpha-h-0.pdf>
Package pdftex.def Info: ../../../CIVIDEC/dataRead/data/plots/reportATI/18-puls
e-alpha-h-0.pdf used on input line 524.
(pdftex.def)             Requested size: 190.79385pt x 137.62518pt.

<../../../CIVIDEC/dataRead/data/plots/reportATI/13-pulse-beta-0.pdf, id=780, 56
9.12625pt x 410.53375pt>
File: ../../../CIVIDEC/dataRead/data/plots/reportATI/13-pulse-beta-0.pdf Graphi
c file (type pdf)

<use ../../../CIVIDEC/dataRead/data/plots/reportATI/13-pulse-beta-0.pdf>
Package pdftex.def Info: ../../../CIVIDEC/dataRead/data/plots/reportATI/13-puls
e-beta-0.pdf used on input line 525.
(pdftex.def)             Requested size: 190.79385pt x 137.62518pt.

<../../../CIVIDEC/dataRead/data/plots/reportATI/12-pulse-gamma-0.pdf, id=781, 5
69.12625pt x 410.53375pt>
File: ../../../CIVIDEC/dataRead/data/plots/reportATI/12-pulse-gamma-0.pdf Graph
ic file (type pdf)

<use ../../../CIVIDEC/dataRead/data/plots/reportATI/12-pulse-gamma-0.pdf>
Package pdftex.def Info: ../../../CIVIDEC/dataRead/data/plots/reportATI/12-puls
e-gamma-0.pdf used on input line 526.
(pdftex.def)             Requested size: 190.79385pt x 137.62518pt.

<../../../CIVIDEC/dataRead/data/plots/reportATI/15-pulse-neutron-0.pdf, id=782,
 569.12625pt x 410.53375pt>
File: ../../../CIVIDEC/dataRead/data/plots/reportATI/15-pulse-neutron-0.pdf Gra
phic file (type pdf)

<use ../../../CIVIDEC/dataRead/data/plots/reportATI/15-pulse-neutron-0.pdf>
Package pdftex.def Info: ../../../CIVIDEC/dataRead/data/plots/reportATI/15-puls
e-neutron-0.pdf used on input line 527.
(pdftex.def)             Requested size: 190.79385pt x 137.62518pt.

[26 <../../../CIVIDEC/dataRead/data/plots/reportATI/10-pulse-alpha-e-0.pdf, pag
e is rotated 90 degrees> <../../../CIVIDEC/dataRead/data/plots/reportATI/18-pul
se-alpha-h-0.pdf, page is rotated 90 degrees> <../../../CIVIDEC/dataRead/data/p
lots/reportATI/13-pulse-beta-0.pdf, page is rotated 90 degrees> <../../../CIVID
EC/dataRead/data/plots/reportATI/12-pulse-gamma-0.pdf, page is rotated 90 degre
es> <../../../CIVIDEC/dataRead/data/plots/reportATI/15-pulse-neutron-0.pdf, pag
e is rotated 90 degrees>] [27


] [28]
<../../../CIVIDEC/dataRead/data/plots/reportATI/18-scatter-10-add.pdf, id=1008,
 329.76741pt x 453.53691pt>
File: ../../../CIVIDEC/dataRead/data/plots/reportATI/18-scatter-10-add.pdf Grap
hic file (type pdf)

<use ../../../CIVIDEC/dataRead/data/plots/reportATI/18-scatter-10-add.pdf>
Package pdftex.def Info: ../../../CIVIDEC/dataRead/data/plots/reportATI/18-scat
ter-10-add.pdf used on input line 578.
(pdftex.def)             Requested size: 429.28616pt x 590.43529pt.


LaTeX Warning: Text page 29 contains only floats.

[29


 <../../../CIVIDEC/dataRead/data/plots/reportATI/18-scatter-10-add.pdf>]

LaTeX Warning: No positions in optional float specifier.
               Default added (so using `tbp') on input line 595.


<../../../CIVIDEC/dataRead/data/plots/reportATI/10-area-0.pdf, id=1037, 569.126
25pt x 410.53375pt>
File: ../../../CIVIDEC/dataRead/data/plots/reportATI/10-area-0.pdf Graphic file
 (type pdf)

<use ../../../CIVIDEC/dataRead/data/plots/reportATI/10-area-0.pdf>
Package pdftex.def Info: ../../../CIVIDEC/dataRead/data/plots/reportATI/10-area
-0.pdf used on input line 597.
(pdftex.def)             Requested size: 303.53267pt x 218.95998pt.
 [30

 <../../../CIVIDEC/dataRead/data/plots/reportATI/10-area-0.pdf, page is rotated
 90 degrees>]
<../../../CIVIDEC/dataRead/data/plots/reportATI/10-scatter-10-add.pdf, id=1084,
 329.76741pt x 453.53691pt>
File: ../../../CIVIDEC/dataRead/data/plots/reportATI/10-scatter-10-add.pdf Grap
hic file (type pdf)

<use ../../../CIVIDEC/dataRead/data/plots/reportATI/10-scatter-10-add.pdf>
Package pdftex.def Info: ../../../CIVIDEC/dataRead/data/plots/reportATI/10-scat
ter-10-add.pdf used on input line 619.
(pdftex.def)             Requested size: 403.26341pt x 554.64293pt.

[31 <../../../CIVIDEC/dataRead/data/plots/reportATI/10-scatter-10-add.pdf>]

LaTeX Warning: No positions in optional float specifier.
               Default added (so using `tbp') on input line 638.


<../../../CIVIDEC/dataRead/data/plots/reportATI/18-area-0.pdf, id=1111, 569.126
25pt x 410.53375pt>
File: ../../../CIVIDEC/dataRead/data/plots/reportATI/18-area-0.pdf Graphic file
 (type pdf)

<use ../../../CIVIDEC/dataRead/data/plots/reportATI/18-area-0.pdf>
Package pdftex.def Info: ../../../CIVIDEC/dataRead/data/plots/reportATI/18-area
-0.pdf used on input line 640.
(pdftex.def)             Requested size: 303.53267pt x 218.95998pt.
 [32


 <../../../CIVIDEC/dataRead/data/plots/reportATI/18-area-0.pdf, page is rotated
 90 degrees>]

LaTeX Warning: No positions in optional float specifier.
               Default added (so using `tbp') on input line 649.


<../../../CIVIDEC/dataRead/data/plots/reportATI/13-scatter-10.pdf, id=1159, 531
.9875pt x 739.76375pt>
File: ../../../CIVIDEC/dataRead/data/plots/reportATI/13-scatter-10.pdf Graphic 
file (type pdf)

<use ../../../CIVIDEC/dataRead/data/plots/reportATI/13-scatter-10.pdf>
Package pdftex.def Info: ../../../CIVIDEC/dataRead/data/plots/reportATI/13-scat
ter-10.pdf used on input line 651.
(pdftex.def)             Requested size: 429.28616pt x 596.95906pt.
 [33 <../../../CIVIDEC/dataRead/data/plots/reportATI/13-scatter-10.pdf>]

LaTeX Warning: No positions in optional float specifier.
               Default added (so using `tbp') on input line 670.


<../../../CIVIDEC/dataRead/data/plots/reportATI/13-area-0.pdf, id=1206, 569.126
25pt x 410.53375pt>
File: ../../../CIVIDEC/dataRead/data/plots/reportATI/13-area-0.pdf Graphic file
 (type pdf)

<use ../../../CIVIDEC/dataRead/data/plots/reportATI/13-area-0.pdf>
Package pdftex.def Info: ../../../CIVIDEC/dataRead/data/plots/reportATI/13-area
-0.pdf used on input line 672.
(pdftex.def)             Requested size: 303.53267pt x 218.95998pt.
 [34


 <../../../CIVIDEC/dataRead/data/plots/reportATI/13-area-0.pdf, page is rotated
 90 degrees>]

LaTeX Warning: No positions in optional float specifier.
               Default added (so using `tbp') on input line 679.


<../../../CIVIDEC/dataRead/data/plots/reportATI/12-scatter-10.pdf, id=1253, 531
.9875pt x 739.76375pt>
File: ../../../CIVIDEC/dataRead/data/plots/reportATI/12-scatter-10.pdf Graphic 
file (type pdf)

<use ../../../CIVIDEC/dataRead/data/plots/reportATI/12-scatter-10.pdf>
Package pdftex.def Info: ../../../CIVIDEC/dataRead/data/plots/reportATI/12-scat
ter-10.pdf used on input line 681.
(pdftex.def)             Requested size: 429.28616pt x 596.95906pt.
 [35 <../../../CIVIDEC/dataRead/data/plots/reportATI/12-scatter-10.pdf>]
<../../../CIVIDEC/dataRead/data/plots/reportATI/12-area-0.pdf, id=1300, 569.126
25pt x 410.53375pt>
File: ../../../CIVIDEC/dataRead/data/plots/reportATI/12-area-0.pdf Graphic file
 (type pdf)

<use ../../../CIVIDEC/dataRead/data/plots/reportATI/12-area-0.pdf>
Package pdftex.def Info: ../../../CIVIDEC/dataRead/data/plots/reportATI/12-area
-0.pdf used on input line 694.
(pdftex.def)             Requested size: 303.53267pt x 218.95998pt.
 [36


 <../../../CIVIDEC/dataRead/data/plots/reportATI/12-area-0.pdf, page is rotated
 90 degrees>]

LaTeX Warning: Citation `Triga:00000' on page 37 undefined on input line 784.


LaTeX Warning: Citation `AtomInst:00000' on page 37 undefined on input line 784
.

[37

] [38]

LaTeX Warning: No positions in optional float specifier.
               Default added (so using `tbp') on input line 805.


<../../../CIVIDEC/dataRead/data/plots/triga-08-scatter-10-add.pdf, id=1356, 329
.76741pt x 159.33548pt>
File: ../../../CIVIDEC/dataRead/data/plots/triga-08-scatter-10-add.pdf Graphic 
file (type pdf)

<use ../../../CIVIDEC/dataRead/data/plots/triga-08-scatter-10-add.pdf>
Package pdftex.def Info: ../../../CIVIDEC/dataRead/data/plots/triga-08-scatter-
10-add.pdf used on input line 807.
(pdftex.def)             Requested size: 429.28616pt x 207.43025pt.
 [39

 <../../../CIVIDEC/dataRead/data/plots/triga-08-scatter-10-add.pdf>]
<../../../CIVIDEC/dataRead/data/plots/triga-08-area-0.pdf, id=1389, 569.12625pt
 x 410.53375pt>
File: ../../../CIVIDEC/dataRead/data/plots/triga-08-area-0.pdf Graphic file (ty
pe pdf)
 <use ../../../CIVIDEC/dataRead/data/plots/triga-08-area-0.pdf>
Package pdftex.def Info: ../../../CIVIDEC/dataRead/data/plots/triga-08-area-0.p
df used on input line 823.
(pdftex.def)             Requested size: 303.53267pt x 218.95998pt.

[40

 <../../../CIVIDEC/dataRead/data/plots/triga-08-area-0.pdf, page is rotated 90 
degrees>] [41

]

LaTeX Warning: No positions in optional float specifier.
               Default added (so using `tbp') on input line 861.


<../../../CIVIDEC/dataRead/data/plots/reportATI/15-scatter-10-add.pdf, id=1439,
 597.52231pt x 845.0471pt>
File: ../../../CIVIDEC/dataRead/data/plots/reportATI/15-scatter-10-add.pdf Grap
hic file (type pdf)

<use ../../../CIVIDEC/dataRead/data/plots/reportATI/15-scatter-10-add.pdf>
Package pdftex.def Info: ../../../CIVIDEC/dataRead/data/plots/reportATI/15-scat
ter-10-add.pdf used on input line 863.
(pdftex.def)             Requested size: 429.28616pt x 607.13112pt.

[42 <../../../CIVIDEC/dataRead/data/plots/reportATI/15-scatter-10-add.pdf>]
<../../../CIVIDEC/dataRead/data/plots/reportATI/15-area-4.pdf, id=1472, 569.126
25pt x 410.53375pt>
File: ../../../CIVIDEC/dataRead/data/plots/reportATI/15-area-4.pdf Graphic file
 (type pdf)

<use ../../../CIVIDEC/dataRead/data/plots/reportATI/15-area-4.pdf>
Package pdftex.def Info: ../../../CIVIDEC/dataRead/data/plots/reportATI/15-area
-4.pdf used on input line 871.
(pdftex.def)             Requested size: 303.53267pt x 218.95998pt.
 [43


 <../../../CIVIDEC/dataRead/data/plots/reportATI/15-area-4.pdf, page is rotated
 90 degrees>]

LaTeX Warning: No positions in optional float specifier.
               Default added (so using `tbp') on input line 891.


<../../../CIVIDEC/dataRead/data/plots/reportATI/15-scatter-11-proton-add.pdf, i
d=1520, 329.76741pt x 453.53691pt>
File: ../../../CIVIDEC/dataRead/data/plots/reportATI/15-scatter-11-proton-add.p
df Graphic file (type pdf)

<use ../../../CIVIDEC/dataRead/data/plots/reportATI/15-scatter-11-proton-add.pd
f>
Package pdftex.def Info: ../../../CIVIDEC/dataRead/data/plots/reportATI/15-scat
ter-11-proton-add.pdf used on input line 893.
(pdftex.def)             Requested size: 429.28616pt x 590.43529pt.
 [44 <../../../CIVIDEC/dataRead/data/plots/reportATI/15-scatter-11-proton-add.p
df>]
<../../../CIVIDEC/dataRead/data/plots/reportATI/15-area-11.pdf, id=1548, 569.12
625pt x 410.53375pt>
File: ../../../CIVIDEC/dataRead/data/plots/reportATI/15-area-11.pdf Graphic fil
e (type pdf)

<use ../../../CIVIDEC/dataRead/data/plots/reportATI/15-area-11.pdf>
Package pdftex.def Info: ../../../CIVIDEC/dataRead/data/plots/reportATI/15-area
-11.pdf used on input line 915.
(pdftex.def)             Requested size: 303.53267pt x 218.95998pt.
 [45


 <../../../CIVIDEC/dataRead/data/plots/reportATI/15-area-11.pdf, page is rotate
d 90 degrees>] [46

]

LaTeX Warning: No positions in optional float specifier.
               Default added (so using `tbp') on input line 939.


<../../../CIVIDEC/dataRead/data/plots/epfl-scatter-10-add.pdf, id=1598, 329.767
41pt x 453.53691pt>
File: ../../../CIVIDEC/dataRead/data/plots/epfl-scatter-10-add.pdf Graphic file
 (type pdf)

<use ../../../CIVIDEC/dataRead/data/plots/epfl-scatter-10-add.pdf>
Package pdftex.def Info: ../../../CIVIDEC/dataRead/data/plots/epfl-scatter-10-a
dd.pdf used on input line 941.
(pdftex.def)             Requested size: 429.28616pt x 590.43529pt.
 [47 <../../../CIVIDEC/dataRead/data/plots/epfl-scatter-10-add.pdf>]
<../../../CIVIDEC/dataRead/data/plots/epfl-area-1.pdf, id=1631, 569.12625pt x 4
10.53375pt>
File: ../../../CIVIDEC/dataRead/data/plots/epfl-area-1.pdf Graphic file (type p
df)
 <use ../../../CIVIDEC/dataRead/data/plots/epfl-area-1.pdf>
Package pdftex.def Info: ../../../CIVIDEC/dataRead/data/plots/epfl-area-1.pdf u
sed on input line 949.
(pdftex.def)             Requested size: 303.53267pt x 218.95998pt.
 [48


 <../../../CIVIDEC/dataRead/data/plots/epfl-area-1.pdf, page is rotated 90 degr
ees>]) [49

] (./05_makechapter.bbl [50


]) [51] (./05_makechapter.aux
(./05_current_monitoring/chapter.aux))

LaTeX Warning: There were undefined references.


LaTeX Warning: There were multiply-defined labels.

 ) 
Here is how much of TeX's memory you used:
 4795 strings out of 493089
 84521 string characters out of 6134843
 127497 words of memory out of 5000000
 8030 multiletter control sequences out of 15000+600000
 16661 words of font info for 61 fonts, out of 8000000 for 9000
 1141 hyphenation exceptions out of 8191
 38i,16n,49p,1422b,432s stack positions out of 5000i,500n,10000p,200000b,80000s
</usr/local/texlive/2015/texmf-dist/fonts/type1/public/amsfonts/cm/cmbx10.pfb
></usr/local/texlive/2015/texmf-dist/fonts/type1/public/amsfonts/cm/cmbx12.pfb>
</usr/local/texlive/2015/texmf-dist/fonts/type1/public/amsfonts/cm/cmbx8.pfb></
usr/local/texlive/2015/texmf-dist/fonts/type1/public/amsfonts/cm/cmbxti10.pfb><
/usr/local/texlive/2015/texmf-dist/fonts/type1/public/amsfonts/cm/cmmi10.pfb></
usr/local/texlive/2015/texmf-dist/fonts/type1/public/amsfonts/cm/cmmi8.pfb></us
r/local/texlive/2015/texmf-dist/fonts/type1/public/amsfonts/cm/cmmi9.pfb></usr/
local/texlive/2015/texmf-dist/fonts/type1/public/amsfonts/cm/cmr10.pfb></usr/lo
cal/texlive/2015/texmf-dist/fonts/type1/public/amsfonts/cm/cmr6.pfb></usr/local
/texlive/2015/texmf-dist/fonts/type1/public/amsfonts/cm/cmr8.pfb></usr/local/te
xlive/2015/texmf-dist/fonts/type1/public/amsfonts/cm/cmr9.pfb></usr/local/texli
ve/2015/texmf-dist/fonts/type1/public/amsfonts/cm/cmsl10.pfb></usr/local/texliv
e/2015/texmf-dist/fonts/type1/public/amsfonts/cm/cmsy10.pfb></usr/local/texlive
/2015/texmf-dist/fonts/type1/public/amsfonts/cm/cmsy6.pfb></usr/local/texlive/2
015/texmf-dist/fonts/type1/public/amsfonts/cm/cmsy8.pfb></usr/local/texlive/201
5/texmf-dist/fonts/type1/public/amsfonts/cm/cmti10.pfb></usr/local/texlive/2015
/texmf-dist/fonts/type1/public/amsfonts/euler/eurm10.pfb>
Output written on 05_makechapter.pdf (51 pages, 2140498 bytes).
PDF statistics:
 1746 PDF objects out of 2073 (max. 8388607)
 953 compressed objects within 10 object streams
 0 named destinations out of 1000 (max. 500000)
 216 words of extra memory for PDF output out of 10000 (max. 10000000)

