This is pdfTeX, Version 3.14159265-2.6-1.40.16 (TeX Live 2015) (preloaded format=pdflatex 2016.4.6)  30 MAY 2016 02:43
entering extended mode
 restricted \write18 enabled.
 file:line:error style messages enabled.
 %&-line parsing enabled.
**phdthesismain.tex
(./phdthesismain.tex
LaTeX2e <2015/01/01>
Babel <3.9l> and hyphenation patterns for 79 languages loaded.
(./packages/mytustyle.cls

LaTeX Warning: You have requested document class `packages/mytustyle',
               but the document class provides `mytustyle'.

Document Class: mytustyle 2010/11/22 v2.2 OCIAM thesis class
(/usr/local/texlive/2015/texmf-dist/tex/latex/base/report.cls
Document Class: report 2014/09/29 v1.4h Standard LaTeX document class
(/usr/local/texlive/2015/texmf-dist/tex/latex/base/size11.clo
File: size11.clo 2014/09/29 v1.4h Standard LaTeX file (size option)
)
\c@part=\count79
\c@chapter=\count80
\c@section=\count81
\c@subsection=\count82
\c@subsubsection=\count83
\c@paragraph=\count84
\c@subparagraph=\count85
\c@figure=\count86
\c@table=\count87
\abovecaptionskip=\skip41
\belowcaptionskip=\skip42
\bibindent=\dimen102
)
(/usr/local/texlive/2015/texmf-dist/tex/latex/graphics/graphicx.sty
Package: graphicx 2014/10/28 v1.0g Enhanced LaTeX Graphics (DPC,SPQR)

(/usr/local/texlive/2015/texmf-dist/tex/latex/graphics/keyval.sty
Package: keyval 2014/10/28 v1.15 key=value parser (DPC)
\KV@toks@=\toks14
)
(/usr/local/texlive/2015/texmf-dist/tex/latex/graphics/graphics.sty
Package: graphics 2014/10/28 v1.0p Standard LaTeX Graphics (DPC,SPQR)

(/usr/local/texlive/2015/texmf-dist/tex/latex/graphics/trig.sty
Package: trig 1999/03/16 v1.09 sin cos tan (DPC)
)
(/usr/local/texlive/2015/texmf-dist/tex/latex/latexconfig/graphics.cfg
File: graphics.cfg 2010/04/23 v1.9 graphics configuration of TeX Live
)
Package graphics Info: Driver file: pdftex.def on input line 94.

(/usr/local/texlive/2015/texmf-dist/tex/latex/pdftex-def/pdftex.def
File: pdftex.def 2011/05/27 v0.06d Graphics/color for pdfTeX

(/usr/local/texlive/2015/texmf-dist/tex/generic/oberdiek/infwarerr.sty
Package: infwarerr 2010/04/08 v1.3 Providing info/warning/error messages (HO)
)
(/usr/local/texlive/2015/texmf-dist/tex/generic/oberdiek/ltxcmds.sty
Package: ltxcmds 2011/11/09 v1.22 LaTeX kernel commands for general use (HO)
)
\Gread@gobject=\count88
))
\Gin@req@height=\dimen103
\Gin@req@width=\dimen104
)
(/usr/local/texlive/2015/texmf-dist/tex/latex/base/ifthen.sty
Package: ifthen 2014/09/29 v1.1c Standard LaTeX ifthen package (DPC)
))
(/usr/local/texlive/2015/texmf-dist/tex/latex/amsfonts/amssymb.sty
Package: amssymb 2013/01/14 v3.01 AMS font symbols

(/usr/local/texlive/2015/texmf-dist/tex/latex/amsfonts/amsfonts.sty
Package: amsfonts 2013/01/14 v3.01 Basic AMSFonts support
\@emptytoks=\toks15
\symAMSa=\mathgroup4
\symAMSb=\mathgroup5
LaTeX Font Info:    Overwriting math alphabet `\mathfrak' in version `bold'
(Font)                  U/euf/m/n --> U/euf/b/n on input line 106.
))
(/usr/local/texlive/2015/texmf-dist/tex/latex/caption/caption.sty
Package: caption 2013/05/02 v3.3-89 Customizing captions (AR)

(/usr/local/texlive/2015/texmf-dist/tex/latex/caption/caption3.sty
Package: caption3 2013/05/02 v1.6-88 caption3 kernel (AR)
Package caption3 Info: TeX engine: e-TeX on input line 57.
\captionmargin=\dimen105
\captionmargin@=\dimen106
\captionwidth=\dimen107
\caption@tempdima=\dimen108
\caption@indent=\dimen109
\caption@parindent=\dimen110
\caption@hangindent=\dimen111
)
\c@ContinuedFloat=\count89
)
(/usr/local/texlive/2015/texmf-dist/tex/latex/was/upgreek.sty
Package: upgreek 2003/02/12 v2.0 (WaS)
Package upgreek Info: Using Euler Roman for upright Greek on input line 31.
\symugrf@m=\mathgroup6
LaTeX Font Info:    Overwriting symbol font `ugrf@m' in version `bold'
(Font)                  U/eur/m/n --> U/eur/b/n on input line 38.
)
(/usr/local/texlive/2015/texmf-dist/tex/latex/subfig/subfig.sty
Package: subfig 2005/06/28 ver: 1.3 subfig package
\c@KVtest=\count90
\sf@farskip=\skip43
\sf@captopadj=\dimen112
\sf@capskip=\skip44
\sf@nearskip=\skip45
\c@subfigure=\count91
\c@subfigure@save=\count92
\c@lofdepth=\count93
\c@subtable=\count94
\c@subtable@save=\count95
\c@lotdepth=\count96
\sf@top=\skip46
\sf@bottom=\skip47
)
(/usr/local/texlive/2015/texmf-dist/tex/latex/base/textcomp.sty
Package: textcomp 2005/09/27 v1.99g Standard LaTeX package
Package textcomp Info: Sub-encoding information:
(textcomp)               5 = only ISO-Adobe without \textcurrency
(textcomp)               4 = 5 + \texteuro
(textcomp)               3 = 4 + \textohm
(textcomp)               2 = 3 + \textestimated + \textcurrency
(textcomp)               1 = TS1 - \textcircled - \t
(textcomp)               0 = TS1 (full)
(textcomp)             Font families with sub-encoding setting implement
(textcomp)             only a restricted character set as indicated.
(textcomp)             Family '?' is the default used for unknown fonts.
(textcomp)             See the documentation for details.
Package textcomp Info: Setting ? sub-encoding to TS1/1 on input line 79.

(/usr/local/texlive/2015/texmf-dist/tex/latex/base/ts1enc.def
File: ts1enc.def 2001/06/05 v3.0e (jk/car/fm) Standard LaTeX file
)
LaTeX Info: Redefining \oldstylenums on input line 334.
Package textcomp Info: Setting cmr sub-encoding to TS1/0 on input line 349.
Package textcomp Info: Setting cmss sub-encoding to TS1/0 on input line 350.
Package textcomp Info: Setting cmtt sub-encoding to TS1/0 on input line 351.
Package textcomp Info: Setting cmvtt sub-encoding to TS1/0 on input line 352.
Package textcomp Info: Setting cmbr sub-encoding to TS1/0 on input line 353.
Package textcomp Info: Setting cmtl sub-encoding to TS1/0 on input line 354.
Package textcomp Info: Setting ccr sub-encoding to TS1/0 on input line 355.
Package textcomp Info: Setting ptm sub-encoding to TS1/4 on input line 356.
Package textcomp Info: Setting pcr sub-encoding to TS1/4 on input line 357.
Package textcomp Info: Setting phv sub-encoding to TS1/4 on input line 358.
Package textcomp Info: Setting ppl sub-encoding to TS1/3 on input line 359.
Package textcomp Info: Setting pag sub-encoding to TS1/4 on input line 360.
Package textcomp Info: Setting pbk sub-encoding to TS1/4 on input line 361.
Package textcomp Info: Setting pnc sub-encoding to TS1/4 on input line 362.
Package textcomp Info: Setting pzc sub-encoding to TS1/4 on input line 363.
Package textcomp Info: Setting bch sub-encoding to TS1/4 on input line 364.
Package textcomp Info: Setting put sub-encoding to TS1/5 on input line 365.
Package textcomp Info: Setting uag sub-encoding to TS1/5 on input line 366.
Package textcomp Info: Setting ugq sub-encoding to TS1/5 on input line 367.
Package textcomp Info: Setting ul8 sub-encoding to TS1/4 on input line 368.
Package textcomp Info: Setting ul9 sub-encoding to TS1/4 on input line 369.
Package textcomp Info: Setting augie sub-encoding to TS1/5 on input line 370.
Package textcomp Info: Setting dayrom sub-encoding to TS1/3 on input line 371.
Package textcomp Info: Setting dayroms sub-encoding to TS1/3 on input line 372.

Package textcomp Info: Setting pxr sub-encoding to TS1/0 on input line 373.
Package textcomp Info: Setting pxss sub-encoding to TS1/0 on input line 374.
Package textcomp Info: Setting pxtt sub-encoding to TS1/0 on input line 375.
Package textcomp Info: Setting txr sub-encoding to TS1/0 on input line 376.
Package textcomp Info: Setting txss sub-encoding to TS1/0 on input line 377.
Package textcomp Info: Setting txtt sub-encoding to TS1/0 on input line 378.
Package textcomp Info: Setting lmr sub-encoding to TS1/0 on input line 379.
Package textcomp Info: Setting lmdh sub-encoding to TS1/0 on input line 380.
Package textcomp Info: Setting lmss sub-encoding to TS1/0 on input line 381.
Package textcomp Info: Setting lmssq sub-encoding to TS1/0 on input line 382.
Package textcomp Info: Setting lmvtt sub-encoding to TS1/0 on input line 383.
Package textcomp Info: Setting lmtt sub-encoding to TS1/0 on input line 384.
Package textcomp Info: Setting qhv sub-encoding to TS1/0 on input line 385.
Package textcomp Info: Setting qag sub-encoding to TS1/0 on input line 386.
Package textcomp Info: Setting qbk sub-encoding to TS1/0 on input line 387.
Package textcomp Info: Setting qcr sub-encoding to TS1/0 on input line 388.
Package textcomp Info: Setting qcs sub-encoding to TS1/0 on input line 389.
Package textcomp Info: Setting qpl sub-encoding to TS1/0 on input line 390.
Package textcomp Info: Setting qtm sub-encoding to TS1/0 on input line 391.
Package textcomp Info: Setting qzc sub-encoding to TS1/0 on input line 392.
Package textcomp Info: Setting qhvc sub-encoding to TS1/0 on input line 393.
Package textcomp Info: Setting futs sub-encoding to TS1/4 on input line 394.
Package textcomp Info: Setting futx sub-encoding to TS1/4 on input line 395.
Package textcomp Info: Setting futj sub-encoding to TS1/4 on input line 396.
Package textcomp Info: Setting hlh sub-encoding to TS1/3 on input line 397.
Package textcomp Info: Setting hls sub-encoding to TS1/3 on input line 398.
Package textcomp Info: Setting hlst sub-encoding to TS1/3 on input line 399.
Package textcomp Info: Setting hlct sub-encoding to TS1/5 on input line 400.
Package textcomp Info: Setting hlx sub-encoding to TS1/5 on input line 401.
Package textcomp Info: Setting hlce sub-encoding to TS1/5 on input line 402.
Package textcomp Info: Setting hlcn sub-encoding to TS1/5 on input line 403.
Package textcomp Info: Setting hlcw sub-encoding to TS1/5 on input line 404.
Package textcomp Info: Setting hlcf sub-encoding to TS1/5 on input line 405.
Package textcomp Info: Setting pplx sub-encoding to TS1/3 on input line 406.
Package textcomp Info: Setting pplj sub-encoding to TS1/3 on input line 407.
Package textcomp Info: Setting ptmx sub-encoding to TS1/4 on input line 408.
Package textcomp Info: Setting ptmj sub-encoding to TS1/4 on input line 409.
)
(/usr/local/texlive/2015/texmf-dist/tex/latex/enumitem/enumitem.sty
Package: enumitem 2011/09/28 v3.5.2 Customized lists
\labelindent=\skip48
\enit@outerparindent=\dimen113
\enit@toks=\toks16
\enit@inbox=\box26
\enitdp@description=\count97
)
(/usr/local/texlive/2015/texmf-dist/tex/latex/emptypage/emptypage.sty
Package: emptypage 2010/05/30 v1.2 Suppress page numbers and headings on empty 
pages
)
(/usr/local/texlive/2015/texmf-dist/tex/latex/cases/cases.sty
Package: cases 2002/05/02 ver 2.5 
)
(/usr/local/texlive/2015/texmf-dist/tex/latex/tocbibind/tocbibind.sty
Package: tocbibind 2010/10/13 v1.5k extra ToC listings
Package tocbibind Info: The document has chapter divisions on input line 50.


Package tocbibind Note: Using chapter style headings, unless overridden.

) (./packages/fancyhdr.sty
\fancy@headwidth=\skip49
\f@ncyO@elh=\skip50
\f@ncyO@erh=\skip51
\f@ncyO@olh=\skip52
\f@ncyO@orh=\skip53
\f@ncyO@elf=\skip54
\f@ncyO@erf=\skip55
\f@ncyO@olf=\skip56
\f@ncyO@orf=\skip57
)
(/usr/local/texlive/2015/texmf-dist/tex/latex/lineno/lineno.sty
Package: lineno 2005/11/02 line numbers on paragraphs v4.41
\linenopenalty=\count98
\output=\toks17
\linenoprevgraf=\count99
\linenumbersep=\dimen114
\linenumberwidth=\dimen115
\c@linenumber=\count100
\c@pagewiselinenumber=\count101
\c@LN@truepage=\count102
\c@internallinenumber=\count103
\c@internallinenumbers=\count104
\quotelinenumbersep=\dimen116
\bframerule=\dimen117
\bframesep=\dimen118
\bframebox=\box27
LaTeX Info: Redefining \\ on input line 3056.
)
(./phdthesismain.aux (./01_introduction/chapter.aux)
(./02_pulse_formation/chapter.aux

LaTeX Warning: Label `eq:vsat' multiply defined.

) (./03_measurement_results/chapter.aux

LaTeX Warning: Label `subsec:qvst' multiply defined.


LaTeX Warning: Label `sec:radlimit' multiply defined.

) (./04_charge_monitoring/chapter.aux

LaTeX Warning: Label `fig:anapix' multiply defined.


LaTeX Warning: Label `fig:dbminatlas' multiply defined.

) (./05_current_monitoring/chapter.aux

LaTeX Warning: Label `tab:semicompare' multiply defined.

))
\openout1 = `phdthesismain.aux'.

LaTeX Font Info:    Checking defaults for OML/cmm/m/it on input line 54.
LaTeX Font Info:    ... okay on input line 54.
LaTeX Font Info:    Checking defaults for T1/cmr/m/n on input line 54.
LaTeX Font Info:    ... okay on input line 54.
LaTeX Font Info:    Checking defaults for OT1/cmr/m/n on input line 54.
LaTeX Font Info:    ... okay on input line 54.
LaTeX Font Info:    Checking defaults for OMS/cmsy/m/n on input line 54.
LaTeX Font Info:    ... okay on input line 54.
LaTeX Font Info:    Checking defaults for OMX/cmex/m/n on input line 54.
LaTeX Font Info:    ... okay on input line 54.
LaTeX Font Info:    Checking defaults for U/cmr/m/n on input line 54.
LaTeX Font Info:    ... okay on input line 54.
LaTeX Font Info:    Checking defaults for TS1/cmr/m/n on input line 54.
LaTeX Font Info:    Try loading font information for TS1+cmr on input line 54.
 (/usr/local/texlive/2015/texmf-dist/tex/latex/base/ts1cmr.fd
File: ts1cmr.fd 2014/09/29 v2.5h Standard LaTeX font definitions
)
LaTeX Font Info:    ... okay on input line 54.

(/usr/local/texlive/2015/texmf-dist/tex/context/base/supp-pdf.mkii
[Loading MPS to PDF converter (version 2006.09.02).]
\scratchcounter=\count105
\scratchdimen=\dimen119
\scratchbox=\box28
\nofMPsegments=\count106
\nofMParguments=\count107
\everyMPshowfont=\toks18
\MPscratchCnt=\count108
\MPscratchDim=\dimen120
\MPnumerator=\count109
\makeMPintoPDFobject=\count110
\everyMPtoPDFconversion=\toks19
) (/usr/local/texlive/2015/texmf-dist/tex/generic/oberdiek/pdftexcmds.sty
Package: pdftexcmds 2011/11/29 v0.20 Utility functions of pdfTeX for LuaTeX (HO
)

(/usr/local/texlive/2015/texmf-dist/tex/generic/oberdiek/ifluatex.sty
Package: ifluatex 2010/03/01 v1.3 Provides the ifluatex switch (HO)
Package ifluatex Info: LuaTeX not detected.
)
(/usr/local/texlive/2015/texmf-dist/tex/generic/oberdiek/ifpdf.sty
Package: ifpdf 2011/01/30 v2.3 Provides the ifpdf switch (HO)
Package ifpdf Info: pdfTeX in PDF mode is detected.
)
Package pdftexcmds Info: LuaTeX not detected.
Package pdftexcmds Info: \pdf@primitive is available.
Package pdftexcmds Info: \pdf@ifprimitive is available.
Package pdftexcmds Info: \pdfdraftmode found.
)
(/usr/local/texlive/2015/texmf-dist/tex/latex/oberdiek/epstopdf-base.sty
Package: epstopdf-base 2010/02/09 v2.5 Base part for package epstopdf

(/usr/local/texlive/2015/texmf-dist/tex/latex/oberdiek/grfext.sty
Package: grfext 2010/08/19 v1.1 Manage graphics extensions (HO)

(/usr/local/texlive/2015/texmf-dist/tex/generic/oberdiek/kvdefinekeys.sty
Package: kvdefinekeys 2011/04/07 v1.3 Define keys (HO)
))
(/usr/local/texlive/2015/texmf-dist/tex/latex/oberdiek/kvoptions.sty
Package: kvoptions 2011/06/30 v3.11 Key value format for package options (HO)

(/usr/local/texlive/2015/texmf-dist/tex/generic/oberdiek/kvsetkeys.sty
Package: kvsetkeys 2012/04/25 v1.16 Key value parser (HO)

(/usr/local/texlive/2015/texmf-dist/tex/generic/oberdiek/etexcmds.sty
Package: etexcmds 2011/02/16 v1.5 Avoid name clashes with e-TeX commands (HO)
Package etexcmds Info: Could not find \expanded.
(etexcmds)             That can mean that you are not using pdfTeX 1.50 or
(etexcmds)             that some package has redefined \expanded.
(etexcmds)             In the latter case, load this package earlier.
)))
Package grfext Info: Graphics extension search list:
(grfext)             [.png,.pdf,.jpg,.mps,.jpeg,.jbig2,.jb2,.PNG,.PDF,.JPG,.JPE
G,.JBIG2,.JB2,.eps]
(grfext)             \AppendGraphicsExtensions on input line 452.

(/usr/local/texlive/2015/texmf-dist/tex/latex/latexconfig/epstopdf-sys.cfg
File: epstopdf-sys.cfg 2010/07/13 v1.3 Configuration of (r)epstopdf for TeX Liv
e
))
Package caption Info: Begin \AtBeginDocument code.
Package caption Info: subfig package v1.3 is loaded.
Package caption Info: End \AtBeginDocument code.

<pics/titlepage/cern_logo.pdf, id=1, 184.94295pt x 184.94295pt>
File: pics/titlepage/cern_logo.pdf Graphic file (type pdf)

<use pics/titlepage/cern_logo.pdf>
Package pdftex.def Info: pics/titlepage/cern_logo.pdf used on input line 66.
(pdftex.def)             Requested size: 68.2866pt x 68.2867pt.

<pics/titlepage/tu_logo.png, id=2, 123.0999pt x 123.0999pt>
File: pics/titlepage/tu_logo.png Graphic file (type png)

<use pics/titlepage/tu_logo.png>
Package pdftex.def Info: pics/titlepage/tu_logo.png used on input line 66.
(pdftex.def)             Requested size: 68.2866pt x 68.2893pt.

<pics/titlepage/talent_logo.png, id=4, 1303.87125pt x 895.345pt>
File: pics/titlepage/talent_logo.png Graphic file (type png)

<use pics/titlepage/talent_logo.png>
Package pdftex.def Info: pics/titlepage/talent_logo.png used on input line 66.
(pdftex.def)             Requested size: 125.19212pt x 85.96034pt.
 [1


{/usr/local/texlive/2015/texmf-var/fonts/map/pdftex/updmap/pdftex.map} <./pics/
titlepage/cern_logo.pdf> <./pics/titlepage/tu_logo.png> <./pics/titlepage/talen
t_logo.png>]

Package Fancyhdr Warning: \headheight is too small (12.0pt): 
 Make it at least 13.59999pt.
 We now make it that large for the rest of the document.
 This may cause the page layout to be inconsistent, however.

[2] (./phdthesismain.toc
LaTeX Font Info:    Try loading font information for U+msa on input line 2.

(/usr/local/texlive/2015/texmf-dist/tex/latex/amsfonts/umsa.fd
File: umsa.fd 2013/01/14 v3.01 AMS symbols A
)
LaTeX Font Info:    Try loading font information for U+msb on input line 2.

(/usr/local/texlive/2015/texmf-dist/tex/latex/amsfonts/umsb.fd
File: umsb.fd 2013/01/14 v3.01 AMS symbols B
) [1


])
\tf@toc=\write3
\openout3 = `phdthesismain.toc'.

 [2]
\openout2 = `01_introduction/chapter.aux'.


(./01_introduction/chapter.tex
Chapter 1.
[1



] <01_introduction/pics/sm.png, id=33, 853.1875pt x 479.7925pt>
File: 01_introduction/pics/sm.png Graphic file (type png)

<use 01_introduction/pics/sm.png>
Package pdftex.def Info: 01_introduction/pics/sm.png used on input line 50.
(pdftex.def)             Requested size: 303.53267pt x 170.69724pt.
 [2

 <./01_introduction/pics/sm.png>] [3]
<01_introduction/pics/triga.jpg, id=45, 732.7375pt x 301.125pt>
File: 01_introduction/pics/triga.jpg Graphic file (type jpg)

<use 01_introduction/pics/triga.jpg>
Package pdftex.def Info: 01_introduction/pics/triga.jpg used on input line 79.
(pdftex.def)             Requested size: 303.53267pt x 124.7394pt.

<01_introduction/pics/ntof.jpg, id=46, 4156.52875pt x 3758.04pt>
File: 01_introduction/pics/ntof.jpg Graphic file (type jpg)

<use 01_introduction/pics/ntof.jpg>
Package pdftex.def Info: 01_introduction/pics/ntof.jpg used on input line 92.
(pdftex.def)             Requested size: 303.53267pt x 274.38625pt.
 [4 <./01_introduction/pics/triga.jpg>]
[5 <./01_introduction/pics/ntof.jpg>]
<01_introduction/pics/lhc.jpg, id=53, 749.80125pt x 563.10374pt>
File: 01_introduction/pics/lhc.jpg Graphic file (type jpg)

<use 01_introduction/pics/lhc.jpg>
Package pdftex.def Info: 01_introduction/pics/lhc.jpg used on input line 113.
(pdftex.def)             Requested size: 303.53267pt x 227.95265pt.
 [6 <./01_introduction/pics/lhc.jpg>]
<01_introduction/pics/atlas3.jpg, id=59, 810.52812pt x 520.94624pt>
File: 01_introduction/pics/atlas3.jpg Graphic file (type jpg)

<use 01_introduction/pics/atlas3.jpg>
Package pdftex.def Info: 01_introduction/pics/atlas3.jpg used on input line 125
.
(pdftex.def)             Requested size: 303.53267pt x 195.09204pt.
 [7 <./01_introduction/pics/atlas3.jpg>]
[8]) [9]
\openout2 = `02_pulse_formation/chapter.aux'.

 (./02_pulse_formation/chapter.tex [10



]
Chapter 2.
<01_introduction/pics/cividecpcvd.png, id=73, 284.56313pt x 187.70125pt>
File: 01_introduction/pics/cividecpcvd.png Graphic file (type png)

<use 01_introduction/pics/cividecpcvd.png>
Package pdftex.def Info: 01_introduction/pics/cividecpcvd.png used on input lin
e 26.
(pdftex.def)             Requested size: 303.53267pt x 200.23402pt.
 [11] [12 <./01_introduction/pics/cividecpcvd.png>]
<01_introduction/pics/ibl.jpg, id=82, 426.69412pt x 284.56313pt>
File: 01_introduction/pics/ibl.jpg Graphic file (type jpg)

<use 01_introduction/pics/ibl.jpg>
Package pdftex.def Info: 01_introduction/pics/ibl.jpg used on input line 49.
(pdftex.def)             Requested size: 303.53267pt x 202.42767pt.
 [13 <./01_introduction/pics/ibl.jpg>]
<02_pulse_formation/pics/plots/semilattice9.pdf, id=86, 259.46938pt x 252.945pt
>
File: 02_pulse_formation/pics/plots/semilattice9.pdf Graphic file (type pdf)
 <use 02_pulse_formation/pics/plots/semilattice9.pdf>
Package pdftex.def Info: 02_pulse_formation/pics/plots/semilattice9.pdf used on
 input line 72.
(pdftex.def)             Requested size: 95.39693pt x 92.99765pt.

Underfull \hbox (badness 1924) in paragraph at lines 72--72
\OT1/cmr/m/n/9 be bro-ken, cre-at-ing a
 []


<02_pulse_formation/pics/plots/simpledrift.pdf, id=87, 1289.81876pt x 938.50626
pt>
File: 02_pulse_formation/pics/plots/simpledrift.pdf Graphic file (type pdf)
 <use 02_pulse_formation/pics/plots/simpledrift.pdf>
Package pdftex.def Info: 02_pulse_formation/pics/plots/simpledrift.pdf used on 
input line 73.
(pdftex.def)             Requested size: 138.76157pt x 100.95905pt.

Underfull \hbox (badness 1331) in paragraph at lines 73--73
[]\OT1/cmr/m/n/9 (b) |The freed electron-hole pair
 []


<02_pulse_formation/pics/plots/simpledrifteq.pdf, id=88, 124.465pt x 66.2475pt>
File: 02_pulse_formation/pics/plots/simpledrifteq.pdf Graphic file (type pdf)
<use 02_pulse_formation/pics/plots/simpledrifteq.pdf>
Package pdftex.def Info: 02_pulse_formation/pics/plots/simpledrifteq.pdf used o
n input line 74.
(pdftex.def)             Requested size: 147.4292pt x 78.47765pt.

Underfull \hbox (badness 2460) in paragraph at lines 74--74
\OT1/cmr/m/n/9 mov-ing charges act as a cur-rent
 []

[14 <./02_pulse_formation/pics/plots/semilattice9.pdf> <./02_pulse_formation/pi
cs/plots/simpledrift.pdf> <./02_pulse_formation/pics/plots/simpledrifteq.pdf>]
<02_pulse_formation/pics/plots/chargeind1.pdf, id=158, 115.93312pt x 94.85437pt
>
File: 02_pulse_formation/pics/plots/chargeind1.pdf Graphic file (type pdf)
 <use 02_pulse_formation/pics/plots/chargeind1.pdf>
Package pdftex.def Info: 02_pulse_formation/pics/plots/chargeind1.pdf used on i
nput line 99.
(pdftex.def)             Requested size: 130.08731pt x 106.44456pt.

Underfull \hbox (badness 10000) in paragraph at lines 99--99
\OT1/cmr/m/n/9 cou-ples with the con-duc-tive
 []


<02_pulse_formation/pics/plots/chargeind2.pdf, id=159, 117.94063pt x 88.83188pt
>
File: 02_pulse_formation/pics/plots/chargeind2.pdf Graphic file (type pdf)
 <use 02_pulse_formation/pics/plots/chargeind2.pdf>
Package pdftex.def Info: 02_pulse_formation/pics/plots/chargeind2.pdf used on i
nput line 100.
(pdftex.def)             Requested size: 130.08731pt x 97.98238pt.

Underfull \hbox (badness 4765) in paragraph at lines 100--100
[]\OT1/cmr/m/n/9 (b) |When the charge drifts,
 []


<02_pulse_formation/pics/plots/chargeind3.pdf, id=160, 117.43875pt x 81.30376pt
>
File: 02_pulse_formation/pics/plots/chargeind3.pdf Graphic file (type pdf)
 <use 02_pulse_formation/pics/plots/chargeind3.pdf>
Package pdftex.def Info: 02_pulse_formation/pics/plots/chargeind3.pdf used on i
nput line 101.
(pdftex.def)             Requested size: 130.08731pt x 90.06088pt.

Overfull \hbox (3.59192pt too wide) in paragraph at lines 98--103
[][] 
 []

[15 <./02_pulse_formation/pics/plots/chargeind1.pdf> <./02_pulse_formation/pics
/plots/chargeind2.pdf> <./02_pulse_formation/pics/plots/chargeind3.pdf>]
[16]
<02_pulse_formation/pics/plots/spcchg.pdf, id=232, 1892.06876pt x 963.6pt>
File: 02_pulse_formation/pics/plots/spcchg.pdf Graphic file (type pdf)

<use 02_pulse_formation/pics/plots/spcchg.pdf>
Package pdftex.def Info: 02_pulse_formation/pics/plots/spcchg.pdf used on input
 line 180.
(pdftex.def)             Requested size: 260.17464pt x 132.49173pt.
 [17] [18 <./02_pulse_formation/pics/plots/spcchg.pdf>]
<02_pulse_formation/pics/plots/driftboth.pdf, id=266, 189.20688pt x 139.52126pt
>
File: 02_pulse_formation/pics/plots/driftboth.pdf Graphic file (type pdf)
 <use 02_pulse_formation/pics/plots/driftboth.pdf>
Package pdftex.def Info: 02_pulse_formation/pics/plots/driftboth.pdf used on in
put line 263.
(pdftex.def)             Requested size: 303.53267pt x 223.84743pt.
 [19]
<02_pulse_formation/pics/bb2.jpg, id=270, 840.13875pt x 526.96875pt>
File: 02_pulse_formation/pics/bb2.jpg Graphic file (type jpg)

<use 02_pulse_formation/pics/bb2.jpg>
Package pdftex.def Info: 02_pulse_formation/pics/bb2.jpg used on input line 290
.
(pdftex.def)             Requested size: 303.53267pt x 190.38403pt.
 [20 <./02_pulse_formation/pics/plots/driftboth.pdf>] [21 <./02_pulse_formation
/pics/bb2.jpg>]
<02_pulse_formation/pics/plots/raddamage.pdf, id=304, 3954.775pt x 1877.0125pt>
File: 02_pulse_formation/pics/plots/raddamage.pdf Graphic file (type pdf)
<use 02_pulse_formation/pics/plots/raddamage.pdf>
Package pdftex.def Info: 02_pulse_formation/pics/plots/raddamage.pdf used on in
put line 361.
(pdftex.def)             Requested size: 238.49231pt x 113.1887pt.
 [22] [23 <./02_pulse_formation/pics/plots/raddamage.pdf>]
<03_measurement_results/scripts/plots/dpa1.pdf, id=329, 569.12625pt x 410.53375
pt>
File: 03_measurement_results/scripts/plots/dpa1.pdf Graphic file (type pdf)
 <use 03_measurement_results/scripts/plots/dpa1.pdf>
Package pdftex.def Info: 03_measurement_results/scripts/plots/dpa1.pdf used on 
input line 394.
(pdftex.def)             Requested size: 303.53267pt x 218.95998pt.
 [24] [25 <./03_measurement_results/scripts/plots/dpa1.pdf, page is rotated 90 
degrees>]
<02_pulse_formation/pics/plots/curramp.pdf, id=379, 198.24063pt x 70.2625pt>
File: 02_pulse_formation/pics/plots/curramp.pdf Graphic file (type pdf)

<use 02_pulse_formation/pics/plots/curramp.pdf>
Package pdftex.def Info: 02_pulse_formation/pics/plots/curramp.pdf used on inpu
t line 452.
(pdftex.def)             Requested size: 216.81pt x 76.84618pt.

<02_pulse_formation/pics/plots/chgamp.pdf, id=380, 157.08687pt x 108.90688pt>
File: 02_pulse_formation/pics/plots/chgamp.pdf Graphic file (type pdf)

<use 02_pulse_formation/pics/plots/chgamp.pdf>
Package pdftex.def Info: 02_pulse_formation/pics/plots/chgamp.pdf used on input
 line 453.
(pdftex.def)             Requested size: 173.44534pt x 120.25323pt.
 [26]
<02_pulse_formation/pics/plots/currrc.pdf, id=384, 1500.60625pt x 592.2125pt>
File: 02_pulse_formation/pics/plots/currrc.pdf Graphic file (type pdf)

<use 02_pulse_formation/pics/plots/currrc.pdf>
Package pdftex.def Info: 02_pulse_formation/pics/plots/currrc.pdf used on input
 line 475.
(pdftex.def)             Requested size: 303.53267pt x 119.78682pt.
 [27 <./02_pulse_formation/pics/plots/curramp.pdf> <./02_pulse_formation/pics/p
lots/chgamp.pdf> <./02_pulse_formation/pics/plots/currrc.pdf>]
<02_pulse_formation/pics/plots/chgrc.pdf, id=437, 1595.9625pt x 602.25pt>
File: 02_pulse_formation/pics/plots/chgrc.pdf Graphic file (type pdf)

<use 02_pulse_formation/pics/plots/chgrc.pdf>
Package pdftex.def Info: 02_pulse_formation/pics/plots/chgrc.pdf used on input 
line 496.
(pdftex.def)             Requested size: 303.53267pt x 114.53896pt.
 [28 <./02_pulse_formation/pics/plots/chgrc.pdf>] [29]
<02_pulse_formation/pics/plots/qerr.pdf, id=466, 1385.175pt x 978.65625pt>
File: 02_pulse_formation/pics/plots/qerr.pdf Graphic file (type pdf)

<use 02_pulse_formation/pics/plots/qerr.pdf>
Package pdftex.def Info: 02_pulse_formation/pics/plots/qerr.pdf used on input l
ine 565.
(pdftex.def)             Requested size: 303.53267pt x 214.45386pt.
 [30 <./02_pulse_formation/pics/plots/qerr.pdf>] [31]
<02_pulse_formation/pics/fpga.jpg, id=496, 168.1482pt x 134.904pt>
File: 02_pulse_formation/pics/fpga.jpg Graphic file (type jpg)

<use 02_pulse_formation/pics/fpga.jpg>
Package pdftex.def Info: 02_pulse_formation/pics/fpga.jpg used on input line 61
1.
(pdftex.def)             Requested size: 203.80193pt x 163.5143pt.

<02_pulse_formation/pics/asic2.png, id=497, 1782.66pt x 1098.1025pt>
File: 02_pulse_formation/pics/asic2.png Graphic file (type png)

<use 02_pulse_formation/pics/asic2.png>
Package pdftex.def Info: 02_pulse_formation/pics/asic2.png used on input line 6
12.
(pdftex.def)             Requested size: 203.80193pt x 125.5335pt.

Overfull \hbox (5.28384pt too wide) in paragraph at lines 610--614
[][] 
 []

) [32 <./02_pulse_formation/pics/fpga.jpg> <./02_pulse_formation/pics/asic2.png
>]
\openout2 = `03_measurement_results/chapter.aux'.

 (./03_measurement_results/chapter.tex
Chapter 3.
[33



]
<03_measurement_results/plots/ro-chain.pdf, id=505, 217.81375pt x 60.225pt>
File: 03_measurement_results/plots/ro-chain.pdf Graphic file (type pdf)

<use 03_measurement_results/plots/ro-chain.pdf>
Package pdftex.def Info: 03_measurement_results/plots/ro-chain.pdf used on inpu
t line 33.
(pdftex.def)             Requested size: 303.53267pt x 83.92567pt.
 [34 <./03_measurement_results/plots/ro-chain.pdf>]
<03_measurement_results/pics/setup/Cx.png, id=531, 903.375pt x 501.875pt>
File: 03_measurement_results/pics/setup/Cx.png Graphic file (type png)

<use 03_measurement_results/pics/setup/Cx.png>
Package pdftex.def Info: 03_measurement_results/pics/setup/Cx.png used on input
 line 49.
(pdftex.def)             Requested size: 203.80193pt x 113.22331pt.

<03_measurement_results/pics/setup/C2.png, id=532, 903.375pt x 503.8825pt>
File: 03_measurement_results/pics/setup/C2.png Graphic file (type png)

<use 03_measurement_results/pics/setup/C2.png>
Package pdftex.def Info: 03_measurement_results/pics/setup/C2.png used on input
 line 50.
(pdftex.def)             Requested size: 203.80193pt x 113.67621pt.

Overfull \hbox (5.28384pt too wide) in paragraph at lines 48--52
[][] 
 []


Overfull \hbox (7.4544pt too wide) in paragraph at lines 60--61
[]\OT1/cmr/m/n/10.95 calibration ne-ces-si-tates an in-jec-tion of a well known
 charge.
 []

[35 <./03_measurement_results/pics/setup/Cx.png> <./03_measurement_results/pics
/setup/C2.png>]
<03_measurement_results/pics/setup/diamond4.jpeg, id=536, 1421.31pt x 657.45625
pt>
File: 03_measurement_results/pics/setup/diamond4.jpeg Graphic file (type jpg)
 <use 03_measurement_results/pics/setup/diamond4.jpeg>
Package pdftex.def Info: 03_measurement_results/pics/setup/diamond4.jpeg used o
n input line 90.
(pdftex.def)             Requested size: 303.53267pt x 140.40733pt.
 [36 <./03_measurement_results/pics/setup/diamond4.jpeg>] [37]
<03_measurement_results/pics/setup/carrier2.jpg, id=545, 1638.12pt x 1228.59pt>
File: 03_measurement_results/pics/setup/carrier2.jpg Graphic file (type jpg)
<use 03_measurement_results/pics/setup/carrier2.jpg>
Package pdftex.def Info: 03_measurement_results/pics/setup/carrier2.jpg used on
 input line 144.
(pdftex.def)             Requested size: 203.80193pt x 152.84224pt.

<03_measurement_results/pics/setup/carriersource2.jpg, id=546, 1638.12pt x 1228
.59pt>
File: 03_measurement_results/pics/setup/carriersource2.jpg Graphic file (type j
pg)
 <use 03_measurement_results/pics/setup/carriersource2.jpg>
Package pdftex.def Info: 03_measurement_results/pics/setup/carriersource2.jpg u
sed on input line 145.
(pdftex.def)             Requested size: 203.80193pt x 152.84224pt.

Overfull \hbox (5.28384pt too wide) in paragraph at lines 143--147
[][] 
 []

[38] [39 <./03_measurement_results/pics/setup/carrier2.jpg> <./03_measurement_r
esults/pics/setup/carriersource2.jpg>]
<03_measurement_results/scripts/plots/samplePulses/alpha.pdf, id=554, 569.12625
pt x 410.53375pt>
File: 03_measurement_results/scripts/plots/samplePulses/alpha.pdf Graphic file 
(type pdf)

<use 03_measurement_results/scripts/plots/samplePulses/alpha.pdf>
Package pdftex.def Info: 03_measurement_results/scripts/plots/samplePulses/alph
a.pdf used on input line 190.
(pdftex.def)             Requested size: 203.80193pt x 147.009pt.

<03_measurement_results/scripts/plots/samplePulses/alphadist.pdf, id=555, 569.1
2625pt x 410.53375pt>
File: 03_measurement_results/scripts/plots/samplePulses/alphadist.pdf Graphic f
ile (type pdf)

<use 03_measurement_results/scripts/plots/samplePulses/alphadist.pdf>
Package pdftex.def Info: 03_measurement_results/scripts/plots/samplePulses/alph
adist.pdf used on input line 191.
(pdftex.def)             Requested size: 203.80193pt x 147.009pt.

<03_measurement_results/scripts/plots/samplePulses/beta.pdf, id=556, 569.12625p
t x 410.53375pt>
File: 03_measurement_results/scripts/plots/samplePulses/beta.pdf Graphic file (
type pdf)

<use 03_measurement_results/scripts/plots/samplePulses/beta.pdf>
Package pdftex.def Info: 03_measurement_results/scripts/plots/samplePulses/beta
.pdf used on input line 192.
(pdftex.def)             Requested size: 203.80193pt x 147.009pt.

<03_measurement_results/scripts/plots/samplePulses/betadist.pdf, id=557, 569.12
625pt x 410.53375pt>
File: 03_measurement_results/scripts/plots/samplePulses/betadist.pdf Graphic fi
le (type pdf)

<use 03_measurement_results/scripts/plots/samplePulses/betadist.pdf>
Package pdftex.def Info: 03_measurement_results/scripts/plots/samplePulses/beta
dist.pdf used on input line 193.
(pdftex.def)             Requested size: 203.80193pt x 147.009pt.

<03_measurement_results/scripts/plots/samplePulses/gamma.pdf, id=558, 569.12625
pt x 410.53375pt>
File: 03_measurement_results/scripts/plots/samplePulses/gamma.pdf Graphic file 
(type pdf)

<use 03_measurement_results/scripts/plots/samplePulses/gamma.pdf>
Package pdftex.def Info: 03_measurement_results/scripts/plots/samplePulses/gamm
a.pdf used on input line 194.
(pdftex.def)             Requested size: 203.80193pt x 147.009pt.

<03_measurement_results/scripts/plots/samplePulses/gammadist.pdf, id=559, 569.1
2625pt x 410.53375pt>
File: 03_measurement_results/scripts/plots/samplePulses/gammadist.pdf Graphic f
ile (type pdf)

<use 03_measurement_results/scripts/plots/samplePulses/gammadist.pdf>
Package pdftex.def Info: 03_measurement_results/scripts/plots/samplePulses/gamm
adist.pdf used on input line 195.
(pdftex.def)             Requested size: 203.80193pt x 147.009pt.

Overfull \hbox (5.28387pt too wide) in paragraph at lines 189--197
 [][] 
 []

[40] [41 <./03_measurement_results/scripts/plots/samplePulses/alpha.pdf, page i
s rotated 90 degrees> <./03_measurement_results/scripts/plots/samplePulses/alph
adist.pdf, page is rotated 90 degrees> <./03_measurement_results/scripts/plots/
samplePulses/beta.pdf, page is rotated 90 degrees> <./03_measurement_results/sc
ripts/plots/samplePulses/betadist.pdf, page is rotated 90 degrees> <./03_measur
ement_results/scripts/plots/samplePulses/gamma.pdf, page is rotated 90 degrees>
 <./03_measurement_results/scripts/plots/samplePulses/gammadist.pdf, page is ro
tated 90 degrees>] [42

]
<03_measurement_results/scripts/plots/ccd.pdf, id=828, 569.12625pt x 410.53375p
t>
File: 03_measurement_results/scripts/plots/ccd.pdf Graphic file (type pdf)
 <use 03_measurement_results/scripts/plots/ccd.pdf>
Package pdftex.def Info: 03_measurement_results/scripts/plots/ccd.pdf used on i
nput line 260.
(pdftex.def)             Requested size: 303.53267pt x 218.95998pt.
 [43 <./03_measurement_results/scripts/plots/ccd.pdf, page is rotated 90 degree
s>]
<03_measurement_results/scripts/plots/radfactor1.pdf, id=875, 569.12625pt x 410
.53375pt>
File: 03_measurement_results/scripts/plots/radfactor1.pdf Graphic file (type pd
f)
 <use 03_measurement_results/scripts/plots/radfactor1.pdf>
Package pdftex.def Info: 03_measurement_results/scripts/plots/radfactor1.pdf us
ed on input line 272.
(pdftex.def)             Requested size: 303.53267pt x 218.95998pt.
 [44 <./03_measurement_results/scripts/plots/radfactor1.pdf, page is rotated 90
 degrees>]
<03_measurement_results/plots/ccdpriming.pdf, id=923, 569.12625pt x 381.425pt>
File: 03_measurement_results/plots/ccdpriming.pdf Graphic file (type pdf)

<use 03_measurement_results/plots/ccdpriming.pdf>
Package pdftex.def Info: 03_measurement_results/plots/ccdpriming.pdf used on in
put line 304.
(pdftex.def)             Requested size: 303.53267pt x 203.4347pt.
 [45]
<03_measurement_results/scripts/plots/amplvstimecx4.pdf, id=928, 569.12625pt x 
381.425pt>
File: 03_measurement_results/scripts/plots/amplvstimecx4.pdf Graphic file (type
 pdf)
 <use 03_measurement_results/scripts/plots/amplvstimecx4.pdf>
Package pdftex.def Info: 03_measurement_results/scripts/plots/amplvstimecx4.pdf
 used on input line 327.
(pdftex.def)             Requested size: 303.53267pt x 203.4347pt.

[46 <./03_measurement_results/plots/ccdpriming.pdf, page is rotated 90 degrees>
]
<03_measurement_results/scripts/plots/plotLifetime/elecs0.pdf, id=975, 569.1262
5pt x 410.53375pt>
File: 03_measurement_results/scripts/plots/plotLifetime/elecs0.pdf Graphic file
 (type pdf)

<use 03_measurement_results/scripts/plots/plotLifetime/elecs0.pdf>
Package pdftex.def Info: 03_measurement_results/scripts/plots/plotLifetime/elec
s0.pdf used on input line 353.
(pdftex.def)             Requested size: 203.80193pt x 147.009pt.

<03_measurement_results/scripts/plots/plotLifetime/holes0.pdf, id=976, 569.1262
5pt x 410.53375pt>
File: 03_measurement_results/scripts/plots/plotLifetime/holes0.pdf Graphic file
 (type pdf)

<use 03_measurement_results/scripts/plots/plotLifetime/holes0.pdf>
Package pdftex.def Info: 03_measurement_results/scripts/plots/plotLifetime/hole
s0.pdf used on input line 354.
(pdftex.def)             Requested size: 203.80193pt x 147.009pt.

<03_measurement_results/scripts/plots/plotLifetime/elecs15.pdf, id=977, 569.126
25pt x 410.53375pt>
File: 03_measurement_results/scripts/plots/plotLifetime/elecs15.pdf Graphic fil
e (type pdf)

<use 03_measurement_results/scripts/plots/plotLifetime/elecs15.pdf>
Package pdftex.def Info: 03_measurement_results/scripts/plots/plotLifetime/elec
s15.pdf used on input line 355.
(pdftex.def)             Requested size: 203.80193pt x 147.009pt.

<03_measurement_results/scripts/plots/plotLifetime/holes15.pdf, id=978, 569.126
25pt x 410.53375pt>
File: 03_measurement_results/scripts/plots/plotLifetime/holes15.pdf Graphic fil
e (type pdf)

<use 03_measurement_results/scripts/plots/plotLifetime/holes15.pdf>
Package pdftex.def Info: 03_measurement_results/scripts/plots/plotLifetime/hole
s15.pdf used on input line 356.
(pdftex.def)             Requested size: 203.80193pt x 147.009pt.

<03_measurement_results/scripts/plots/plotLifetime/elecs30.pdf, id=979, 569.126
25pt x 410.53375pt>
File: 03_measurement_results/scripts/plots/plotLifetime/elecs30.pdf Graphic fil
e (type pdf)

<use 03_measurement_results/scripts/plots/plotLifetime/elecs30.pdf>
Package pdftex.def Info: 03_measurement_results/scripts/plots/plotLifetime/elec
s30.pdf used on input line 357.
(pdftex.def)             Requested size: 203.80193pt x 147.009pt.

<03_measurement_results/scripts/plots/plotLifetime/holes30.pdf, id=980, 569.126
25pt x 410.53375pt>
File: 03_measurement_results/scripts/plots/plotLifetime/holes30.pdf Graphic fil
e (type pdf)

<use 03_measurement_results/scripts/plots/plotLifetime/holes30.pdf>
Package pdftex.def Info: 03_measurement_results/scripts/plots/plotLifetime/hole
s30.pdf used on input line 358.
(pdftex.def)             Requested size: 203.80193pt x 147.009pt.

Overfull \hbox (5.28387pt too wide) in paragraph at lines 352--360
 [][] 
 []

[47 <./03_measurement_results/scripts/plots/amplvstimecx4.pdf, page is rotated 
90 degrees>] [48 <./03_measurement_results/scripts/plots/plotLifetime/elecs0.pd
f, page is rotated 90 degrees> <./03_measurement_results/scripts/plots/plotLife
time/holes0.pdf, page is rotated 90 degrees> <./03_measurement_results/scripts/
plots/plotLifetime/elecs15.pdf, page is rotated 90 degrees> <./03_measurement_r
esults/scripts/plots/plotLifetime/holes15.pdf, page is rotated 90 degrees> <./0
3_measurement_results/scripts/plots/plotLifetime/elecs30.pdf, page is rotated 9
0 degrees> <./03_measurement_results/scripts/plots/plotLifetime/holes30.pdf, pa
ge is rotated 90 degrees>]
<03_measurement_results/scripts/plots/plotLifetime/corrlifetime.pdf, id=1289, 5
69.12625pt x 410.53375pt>
File: 03_measurement_results/scripts/plots/plotLifetime/corrlifetime.pdf Graphi
c file (type pdf)

<use 03_measurement_results/scripts/plots/plotLifetime/corrlifetime.pdf>
Package pdftex.def Info: 03_measurement_results/scripts/plots/plotLifetime/corr
lifetime.pdf used on input line 383.
(pdftex.def)             Requested size: 303.53267pt x 218.95998pt.

[49 <./03_measurement_results/scripts/plots/plotLifetime/corrlifetime.pdf, page
 is rotated 90 degrees>]
<03_measurement_results/scripts/plots/plotLifetime/formCorrelation.pdf, id=1336
, 569.12625pt x 410.53375pt>
File: 03_measurement_results/scripts/plots/plotLifetime/formCorrelation.pdf Gra
phic file (type pdf)

<use 03_measurement_results/scripts/plots/plotLifetime/formCorrelation.pdf>
Package pdftex.def Info: 03_measurement_results/scripts/plots/plotLifetime/form
Correlation.pdf used on input line 438.
(pdftex.def)             Requested size: 303.53267pt x 218.95998pt.

[50] [51 <./03_measurement_results/scripts/plots/plotLifetime/formCorrelation.p
df, page is rotated 90 degrees>]
<03_measurement_results/scripts/plots/pulsesVolt/varVolt_S52_elecs_260k.pdf, id
=1387, 569.12625pt x 410.53375pt>
File: 03_measurement_results/scripts/plots/pulsesVolt/varVolt_S52_elecs_260k.pd
f Graphic file (type pdf)

<use 03_measurement_results/scripts/plots/pulsesVolt/varVolt_S52_elecs_260k.pdf
>
Package pdftex.def Info: 03_measurement_results/scripts/plots/pulsesVolt/varVol
t_S52_elecs_260k.pdf used on input line 486.
(pdftex.def)             Requested size: 203.80193pt x 147.009pt.

<03_measurement_results/scripts/plots/pulsesVolt/varVolt_S52_holes_260k.pdf, id
=1388, 569.12625pt x 410.53375pt>
File: 03_measurement_results/scripts/plots/pulsesVolt/varVolt_S52_holes_260k.pd
f Graphic file (type pdf)

<use 03_measurement_results/scripts/plots/pulsesVolt/varVolt_S52_holes_260k.pdf
>
Package pdftex.def Info: 03_measurement_results/scripts/plots/pulsesVolt/varVol
t_S52_holes_260k.pdf used on input line 487.
(pdftex.def)             Requested size: 203.80193pt x 147.009pt.

Overfull \hbox (5.28387pt too wide) in paragraph at lines 485--489
[][] 
 []


<03_measurement_results/scripts/plots/pulses/S37_elecs.pdf, id=1389, 569.12625p
t x 410.53375pt>
File: 03_measurement_results/scripts/plots/pulses/S37_elecs.pdf Graphic file (t
ype pdf)

<use 03_measurement_results/scripts/plots/pulses/S37_elecs.pdf>
Package pdftex.def Info: 03_measurement_results/scripts/plots/pulses/S37_elecs.
pdf used on input line 495.
(pdftex.def)             Requested size: 203.80193pt x 147.009pt.

<03_measurement_results/scripts/plots/pulses/S37_holes.pdf, id=1390, 569.12625p
t x 410.53375pt>
File: 03_measurement_results/scripts/plots/pulses/S37_holes.pdf Graphic file (t
ype pdf)

<use 03_measurement_results/scripts/plots/pulses/S37_holes.pdf>
Package pdftex.def Info: 03_measurement_results/scripts/plots/pulses/S37_holes.
pdf used on input line 496.
(pdftex.def)             Requested size: 203.80193pt x 147.009pt.

<03_measurement_results/scripts/plots/pulses/S79_elecs.pdf, id=1391, 569.12625p
t x 410.53375pt>
File: 03_measurement_results/scripts/plots/pulses/S79_elecs.pdf Graphic file (t
ype pdf)

<use 03_measurement_results/scripts/plots/pulses/S79_elecs.pdf>
Package pdftex.def Info: 03_measurement_results/scripts/plots/pulses/S79_elecs.
pdf used on input line 497.
(pdftex.def)             Requested size: 203.80193pt x 147.009pt.

<03_measurement_results/scripts/plots/pulses/S79_holes.pdf, id=1392, 569.12625p
t x 410.53375pt>
File: 03_measurement_results/scripts/plots/pulses/S79_holes.pdf Graphic file (t
ype pdf)

<use 03_measurement_results/scripts/plots/pulses/S79_holes.pdf>
Package pdftex.def Info: 03_measurement_results/scripts/plots/pulses/S79_holes.
pdf used on input line 498.
(pdftex.def)             Requested size: 203.80193pt x 147.009pt.

<03_measurement_results/scripts/plots/pulses/S52_elecs.pdf, id=1393, 569.12625p
t x 410.53375pt>
File: 03_measurement_results/scripts/plots/pulses/S52_elecs.pdf Graphic file (t
ype pdf)

<use 03_measurement_results/scripts/plots/pulses/S52_elecs.pdf>
Package pdftex.def Info: 03_measurement_results/scripts/plots/pulses/S52_elecs.
pdf used on input line 499.
(pdftex.def)             Requested size: 203.80193pt x 147.009pt.

<03_measurement_results/scripts/plots/pulses/S52_holes.pdf, id=1394, 569.12625p
t x 410.53375pt>
File: 03_measurement_results/scripts/plots/pulses/S52_holes.pdf Graphic file (t
ype pdf)

<use 03_measurement_results/scripts/plots/pulses/S52_holes.pdf>
Package pdftex.def Info: 03_measurement_results/scripts/plots/pulses/S52_holes.
pdf used on input line 500.
(pdftex.def)             Requested size: 203.80193pt x 147.009pt.

Overfull \hbox (5.28387pt too wide) in paragraph at lines 494--502
[][] 
 []

[52

 <./03_measurement_results/scripts/plots/pulsesVolt/varVolt_S52_elecs_260k.pdf,
 page is rotated 90 degrees> <./03_measurement_results/scripts/plots/pulsesVolt
/varVolt_S52_holes_260k.pdf, page is rotated 90 degrees>] [53 <./03_measurement
_results/scripts/plots/pulses/S37_elecs.pdf, page is rotated 90 degrees> <./03_
measurement_results/scripts/plots/pulses/S37_holes.pdf, page is rotated 90 degr
ees> <./03_measurement_results/scripts/plots/pulses/S79_elecs.pdf, page is rota
ted 90 degrees> <./03_measurement_results/scripts/plots/pulses/S79_holes.pdf, p
age is rotated 90 degrees> <./03_measurement_results/scripts/plots/pulses/S52_e
lecs.pdf, page is rotated 90 degrees> <./03_measurement_results/scripts/plots/p
ulses/S52_holes.pdf, page is rotated 90 degrees>] [54]
<03_measurement_results/scripts/plots/pulsesVolt/varVolt_S52_3-63e14_elecs_230k
.pdf, id=1750, 569.12625pt x 410.53375pt>
File: 03_measurement_results/scripts/plots/pulsesVolt/varVolt_S52_3-63e14_elecs
_230k.pdf Graphic file (type pdf)

<use 03_measurement_results/scripts/plots/pulsesVolt/varVolt_S52_3-63e14_elecs_
230k.pdf>
Package pdftex.def Info: 03_measurement_results/scripts/plots/pulsesVolt/varVol
t_S52_3-63e14_elecs_230k.pdf used on input line 533.
(pdftex.def)             Requested size: 203.80193pt x 147.009pt.

<03_measurement_results/scripts/plots/pulsesVolt/varVolt_S52_3-63e14_holes_230k
.pdf, id=1751, 569.12625pt x 410.53375pt>
File: 03_measurement_results/scripts/plots/pulsesVolt/varVolt_S52_3-63e14_holes
_230k.pdf Graphic file (type pdf)

<use 03_measurement_results/scripts/plots/pulsesVolt/varVolt_S52_3-63e14_holes_
230k.pdf>
Package pdftex.def Info: 03_measurement_results/scripts/plots/pulsesVolt/varVol
t_S52_3-63e14_holes_230k.pdf used on input line 534.
(pdftex.def)             Requested size: 203.80193pt x 147.009pt.

<03_measurement_results/scripts/plots/pulsesVolt/varVolt_S52_3-63e14_elecs_260k
.pdf, id=1752, 569.12625pt x 410.53375pt>
File: 03_measurement_results/scripts/plots/pulsesVolt/varVolt_S52_3-63e14_elecs
_260k.pdf Graphic file (type pdf)

<use 03_measurement_results/scripts/plots/pulsesVolt/varVolt_S52_3-63e14_elecs_
260k.pdf>
Package pdftex.def Info: 03_measurement_results/scripts/plots/pulsesVolt/varVol
t_S52_3-63e14_elecs_260k.pdf used on input line 535.
(pdftex.def)             Requested size: 203.80193pt x 147.009pt.

<03_measurement_results/scripts/plots/pulsesVolt/varVolt_S52_3-63e14_holes_260k
.pdf, id=1753, 569.12625pt x 410.53375pt>
File: 03_measurement_results/scripts/plots/pulsesVolt/varVolt_S52_3-63e14_holes
_260k.pdf Graphic file (type pdf)

<use 03_measurement_results/scripts/plots/pulsesVolt/varVolt_S52_3-63e14_holes_
260k.pdf>
Package pdftex.def Info: 03_measurement_results/scripts/plots/pulsesVolt/varVol
t_S52_3-63e14_holes_260k.pdf used on input line 536.
(pdftex.def)             Requested size: 203.80193pt x 147.009pt.

Overfull \hbox (5.28387pt too wide) in paragraph at lines 532--538
[][] 
 []

File: 03_measurement_results/scripts/plots/pulses/S37_elecs.pdf Graphic file (t
ype pdf)
<use 03_measurement_results/scripts/plots/pulses/S37_elecs.pdf>
Package pdftex.def Info: 03_measurement_results/scripts/plots/pulses/S37_elecs.
pdf used on input line 548.
(pdftex.def)             Requested size: 203.80193pt x 147.009pt.
File: 03_measurement_results/scripts/plots/pulses/S37_holes.pdf Graphic file (t
ype pdf)

<use 03_measurement_results/scripts/plots/pulses/S37_holes.pdf>
Package pdftex.def Info: 03_measurement_results/scripts/plots/pulses/S37_holes.
pdf used on input line 549.
(pdftex.def)             Requested size: 203.80193pt x 147.009pt.

<03_measurement_results/scripts/plots/pulses/S79_1e14_elecs.pdf, id=1754, 569.1
2625pt x 410.53375pt>
File: 03_measurement_results/scripts/plots/pulses/S79_1e14_elecs.pdf Graphic fi
le (type pdf)

<use 03_measurement_results/scripts/plots/pulses/S79_1e14_elecs.pdf>
Package pdftex.def Info: 03_measurement_results/scripts/plots/pulses/S79_1e14_e
lecs.pdf used on input line 550.
(pdftex.def)             Requested size: 203.80193pt x 147.009pt.

<03_measurement_results/scripts/plots/pulses/S79_1e14_holes.pdf, id=1755, 569.1
2625pt x 410.53375pt>
File: 03_measurement_results/scripts/plots/pulses/S79_1e14_holes.pdf Graphic fi
le (type pdf)

<use 03_measurement_results/scripts/plots/pulses/S79_1e14_holes.pdf>
Package pdftex.def Info: 03_measurement_results/scripts/plots/pulses/S79_1e14_h
oles.pdf used on input line 551.
(pdftex.def)             Requested size: 203.80193pt x 147.009pt.

<03_measurement_results/scripts/plots/pulses/S52_3-63e14_elecs.pdf, id=1756, 56
9.12625pt x 410.53375pt>
File: 03_measurement_results/scripts/plots/pulses/S52_3-63e14_elecs.pdf Graphic
 file (type pdf)

<use 03_measurement_results/scripts/plots/pulses/S52_3-63e14_elecs.pdf>
Package pdftex.def Info: 03_measurement_results/scripts/plots/pulses/S52_3-63e1
4_elecs.pdf used on input line 552.
(pdftex.def)             Requested size: 203.80193pt x 147.009pt.

<03_measurement_results/scripts/plots/pulses/S52_3-63e14_holes.pdf, id=1757, 56
9.12625pt x 410.53375pt>
File: 03_measurement_results/scripts/plots/pulses/S52_3-63e14_holes.pdf Graphic
 file (type pdf)

<use 03_measurement_results/scripts/plots/pulses/S52_3-63e14_holes.pdf>
Package pdftex.def Info: 03_measurement_results/scripts/plots/pulses/S52_3-63e1
4_holes.pdf used on input line 553.
(pdftex.def)             Requested size: 203.80193pt x 147.009pt.

Overfull \hbox (5.28387pt too wide) in paragraph at lines 547--555
[][] 
 []


<03_measurement_results/scripts/plots/charge500V.pdf, id=1758, 569.12625pt x 41
0.53375pt>
File: 03_measurement_results/scripts/plots/charge500V.pdf Graphic file (type pd
f)
 <use 03_measurement_results/scripts/plots/charge500V.pdf>
Package pdftex.def Info: 03_measurement_results/scripts/plots/charge500V.pdf us
ed on input line 567.
(pdftex.def)             Requested size: 303.53267pt x 218.95998pt.
 [55 <./03_measurement_results/scripts/plots/pulsesVolt/varVolt_S52_3-63e14_ele
cs_230k.pdf, page is rotated 90 degrees> <./03_measurement_results/scripts/plot
s/pulsesVolt/varVolt_S52_3-63e14_holes_230k.pdf, page is rotated 90 degrees> <.
/03_measurement_results/scripts/plots/pulsesVolt/varVolt_S52_3-63e14_elecs_260k
.pdf, page is rotated 90 degrees> <./03_measurement_results/scripts/plots/pulse
sVolt/varVolt_S52_3-63e14_holes_260k.pdf, page is rotated 90 degrees>] [56 <./0
3_measurement_results/scripts/plots/pulses/S79_1e14_elecs.pdf, page is rotated 
90 degrees> <./03_measurement_results/scripts/plots/pulses/S79_1e14_holes.pdf, 
page is rotated 90 degrees> <./03_measurement_results/scripts/plots/pulses/S52_
3-63e14_elecs.pdf, page is rotated 90 degrees> <./03_measurement_results/script
s/plots/pulses/S52_3-63e14_holes.pdf, page is rotated 90 degrees>]
<03_measurement_results/scripts/plots/charge-500V.pdf, id=2110, 569.12625pt x 4
10.53375pt>
File: 03_measurement_results/scripts/plots/charge-500V.pdf Graphic file (type p
df)
 <use 03_measurement_results/scripts/plots/charge-500V.pdf>
Package pdftex.def Info: 03_measurement_results/scripts/plots/charge-500V.pdf u
sed on input line 579.
(pdftex.def)             Requested size: 303.53267pt x 218.95998pt.

<03_measurement_results/scripts/plots/taunew/lifetimevstempE.pdf, id=2111, 569.
12625pt x 410.53375pt>
File: 03_measurement_results/scripts/plots/taunew/lifetimevstempE.pdf Graphic f
ile (type pdf)

<use 03_measurement_results/scripts/plots/taunew/lifetimevstempE.pdf>
Package pdftex.def Info: 03_measurement_results/scripts/plots/taunew/lifetimevs
tempE.pdf used on input line 591.
(pdftex.def)             Requested size: 203.80193pt x 147.009pt.

<03_measurement_results/scripts/plots/taunew/lifetimevstempH.pdf, id=2112, 569.
12625pt x 410.53375pt>
File: 03_measurement_results/scripts/plots/taunew/lifetimevstempH.pdf Graphic f
ile (type pdf)

<use 03_measurement_results/scripts/plots/taunew/lifetimevstempH.pdf>
Package pdftex.def Info: 03_measurement_results/scripts/plots/taunew/lifetimevs
tempH.pdf used on input line 592.
(pdftex.def)             Requested size: 203.80193pt x 147.009pt.

Overfull \hbox (5.28384pt too wide) in paragraph at lines 590--594
[][] 
 []

[57 <./03_measurement_results/scripts/plots/charge500V.pdf, page is rotated 90 
degrees>] [58 <./03_measurement_results/scripts/plots/charge-500V.pdf, page is 
rotated 90 degrees> <./03_measurement_results/scripts/plots/taunew/lifetimevste
mpE.pdf, page is rotated 90 degrees> <./03_measurement_results/scripts/plots/ta
unew/lifetimevstempH.pdf, page is rotated 90 degrees>]
<03_measurement_results/scripts/plots/taunew/avglifetime1.pdf, id=2293, 569.126
25pt x 410.53375pt>
File: 03_measurement_results/scripts/plots/taunew/avglifetime1.pdf Graphic file
 (type pdf)

<use 03_measurement_results/scripts/plots/taunew/avglifetime1.pdf>
Package pdftex.def Info: 03_measurement_results/scripts/plots/taunew/avglifetim
e1.pdf used on input line 608.
(pdftex.def)             Requested size: 303.53267pt x 218.95998pt.
 [59 <./03_measurement_results/scripts/plots/taunew/avglifetime1.pdf, page is r
otated 90 degrees>]) [60]
\openout2 = `04_charge_monitoring/chapter.aux'.

 (./04_charge_monitoring/chapter.tex
Chapter 4.
[61



]
<../scripts/04_charge_monitoring/plots/detArea.pdf, id=2346, 569.12625pt x 410.
53375pt>
File: ../scripts/04_charge_monitoring/plots/detArea.pdf Graphic file (type pdf)

 <use ../scripts/04_charge_monitoring/plots/detArea.pdf>
Package pdftex.def Info: ../scripts/04_charge_monitoring/plots/detArea.pdf used
 on input line 19.
(pdftex.def)             Requested size: 303.53267pt x 218.95998pt.
 [62 <../scripts/04_charge_monitoring/plots/detArea.pdf, page is rotated 90 deg
rees>]
<04_charge_monitoring/pics/wafer.jpg, id=2394, 703.62875pt x 561.09625pt>
File: 04_charge_monitoring/pics/wafer.jpg Graphic file (type jpg)

<use 04_charge_monitoring/pics/wafer.jpg>
Package pdftex.def Info: 04_charge_monitoring/pics/wafer.jpg used on input line
 53.
(pdftex.def)             Requested size: 303.53267pt x 242.04579pt.


Package Fancyhdr Warning: \headheight is too small (13.59999pt): 
 Make it at least 25.16252pt.
 We now make it that large for the rest of the document.
 This may cause the page layout to be inconsistent, however.

[63] <04_charge_monitoring/pics/fei41.png, id=2399, 806.01125pt x 768.8725pt>
File: 04_charge_monitoring/pics/fei41.png Graphic file (type png)

<use 04_charge_monitoring/pics/fei41.png>
Package pdftex.def Info: 04_charge_monitoring/pics/fei41.png used on input line
 69.
(pdftex.def)             Requested size: 260.17464pt x 248.17946pt.
 [64 <./04_charge_monitoring/pics/wafer.jpg>]
<04_charge_monitoring/pics/analogPix.png, id=2403, 1266.7325pt x 691.58376pt>
File: 04_charge_monitoring/pics/analogPix.png Graphic file (type png)

<use 04_charge_monitoring/pics/analogPix.png>
Package pdftex.def Info: 04_charge_monitoring/pics/analogPix.png used on input 
line 78.
(pdftex.def)             Requested size: 303.53267pt x 165.70912pt.
 [65 <./04_charge_monitoring/pics/fei41.png>] [66 <./04_charge_monitoring/pics/
analogPix.png>]
<04_charge_monitoring/pics/mod1.jpeg, id=2410, 426.80597pt x 283.50488pt>
File: 04_charge_monitoring/pics/mod1.jpeg Graphic file (type jpg)

<use 04_charge_monitoring/pics/mod1.jpeg>
Package pdftex.def Info: 04_charge_monitoring/pics/mod1.jpeg used on input line
 106.
(pdftex.def)             Requested size: 303.53267pt x 201.6316pt.
 [67 <./04_charge_monitoring/pics/mod1.jpeg>]
<../scripts/04_charge_monitoring/plots/MSBM-34-occ.pdf, id=2414, 569.12625pt x 
410.53375pt>
File: ../scripts/04_charge_monitoring/plots/MSBM-34-occ.pdf Graphic file (type 
pdf)
 <use ../scripts/04_charge_monitoring/plots/MSBM-34-occ.pdf>
Package pdftex.def Info: ../scripts/04_charge_monitoring/plots/MSBM-34-occ.pdf 
used on input line 133.
(pdftex.def)             Requested size: 195.12767pt x 140.75104pt.

<../scripts/04_charge_monitoring/plots/MDBM-23-occ.pdf, id=2415, 569.12625pt x 
410.53375pt>
File: ../scripts/04_charge_monitoring/plots/MDBM-23-occ.pdf Graphic file (type 
pdf)
 <use ../scripts/04_charge_monitoring/plots/MDBM-23-occ.pdf>
Package pdftex.def Info: ../scripts/04_charge_monitoring/plots/MDBM-23-occ.pdf 
used on input line 134.
(pdftex.def)             Requested size: 195.12767pt x 140.75104pt.

<../scripts/04_charge_monitoring/plots/disconnectedregion1.pdf, id=2416, 569.12
625pt x 410.53375pt>
File: ../scripts/04_charge_monitoring/plots/disconnectedregion1.pdf Graphic fil
e (type pdf)

<use ../scripts/04_charge_monitoring/plots/disconnectedregion1.pdf>
Package pdftex.def Info: ../scripts/04_charge_monitoring/plots/disconnectedregi
on1.pdf used on input line 144.
(pdftex.def)             Requested size: 303.53267pt x 218.95998pt.
 [68]
<../scripts/04_charge_monitoring/plots/MSBM-34-eff.pdf, id=2420, 569.12625pt x 
410.53375pt>
File: ../scripts/04_charge_monitoring/plots/MSBM-34-eff.pdf Graphic file (type 
pdf)
 <use ../scripts/04_charge_monitoring/plots/MSBM-34-eff.pdf>
Package pdftex.def Info: ../scripts/04_charge_monitoring/plots/MSBM-34-eff.pdf 
used on input line 160.
(pdftex.def)             Requested size: 195.12767pt x 140.75104pt.

<../scripts/04_charge_monitoring/plots/MDBM-23-eff.pdf, id=2421, 569.12625pt x 
410.53375pt>
File: ../scripts/04_charge_monitoring/plots/MDBM-23-eff.pdf Graphic file (type 
pdf)
 <use ../scripts/04_charge_monitoring/plots/MDBM-23-eff.pdf>
Package pdftex.def Info: ../scripts/04_charge_monitoring/plots/MDBM-23-eff.pdf 
used on input line 161.
(pdftex.def)             Requested size: 195.12767pt x 140.75104pt.

[69 <../scripts/04_charge_monitoring/plots/MSBM-34-occ.pdf, page is rotated 90 
degrees> <../scripts/04_charge_monitoring/plots/MDBM-23-occ.pdf, page is rotate
d 90 degrees> <../scripts/04_charge_monitoring/plots/disconnectedregion1.pdf, p
age is rotated 90 degrees>]
<../scripts/04_charge_monitoring/plots/pseudoefficiency1.pdf, id=2555, 569.1262
5pt x 410.53375pt>
File: ../scripts/04_charge_monitoring/plots/pseudoefficiency1.pdf Graphic file 
(type pdf)

<use ../scripts/04_charge_monitoring/plots/pseudoefficiency1.pdf>
Package pdftex.def Info: ../scripts/04_charge_monitoring/plots/pseudoefficiency
1.pdf used on input line 170.
(pdftex.def)             Requested size: 303.53267pt x 218.95998pt.
 [70 <../scripts/04_charge_monitoring/plots/MSBM-34-eff.pdf, page is rotated 90
 degrees> <../scripts/04_charge_monitoring/plots/MDBM-23-eff.pdf, page is rotat
ed 90 degrees> <../scripts/04_charge_monitoring/plots/pseudoefficiency1.pdf, pa
ge is rotated 90 degrees>]
<04_charge_monitoring/pics/erratic1.jpg, id=2689, 618.05907pt x 225.09094pt>
File: 04_charge_monitoring/pics/erratic1.jpg Graphic file (type jpg)

<use 04_charge_monitoring/pics/erratic1.jpg>
Package pdftex.def Info: 04_charge_monitoring/pics/erratic1.jpg used on input l
ine 185.
(pdftex.def)             Requested size: 303.53267pt x 110.54623pt.
 [71 <./04_charge_monitoring/pics/erratic1.jpg>]
<../scripts/04_charge_monitoring/plots/map.pdf, id=2693, 569.12625pt x 410.5337
5pt>
File: ../scripts/04_charge_monitoring/plots/map.pdf Graphic file (type pdf)
 <use ../scripts/04_charge_monitoring/plots/map.pdf>
Package pdftex.def Info: ../scripts/04_charge_monitoring/plots/map.pdf used on 
input line 202.
(pdftex.def)             Requested size: 195.12767pt x 140.75104pt.

<../scripts/04_charge_monitoring/plots/distribution.pdf, id=2694, 569.12625pt x
 410.53375pt>
File: ../scripts/04_charge_monitoring/plots/distribution.pdf Graphic file (type
 pdf)
 <use ../scripts/04_charge_monitoring/plots/distribution.pdf>
Package pdftex.def Info: ../scripts/04_charge_monitoring/plots/distribution.pdf
 used on input line 203.
(pdftex.def)             Requested size: 195.12767pt x 140.75104pt.

<../scripts/04_charge_monitoring/plots/production1.pdf, id=2695, 569.12625pt x 
410.53375pt>
File: ../scripts/04_charge_monitoring/plots/production1.pdf Graphic file (type 
pdf)
 <use ../scripts/04_charge_monitoring/plots/production1.pdf>
Package pdftex.def Info: ../scripts/04_charge_monitoring/plots/production1.pdf 
used on input line 217.
(pdftex.def)             Requested size: 303.53267pt x 218.95998pt.

[72 <../scripts/04_charge_monitoring/plots/map.pdf, page is rotated 90 degrees>
 <../scripts/04_charge_monitoring/plots/distribution.pdf, page is rotated 90 de
grees>] [73 <../scripts/04_charge_monitoring/plots/production1.pdf, page is rot
ated 90 degrees>]
<04_charge_monitoring/pics/DBM-installed-colour1.jpg, id=2831, 2276.505pt x 171
0.39pt>
File: 04_charge_monitoring/pics/DBM-installed-colour1.jpg Graphic file (type jp
g)
 <use 04_charge_monitoring/pics/DBM-installed-colour1.jpg>
Package pdftex.def Info: 04_charge_monitoring/pics/DBM-installed-colour1.jpg us
ed on input line 253.
(pdftex.def)             Requested size: 303.53267pt x 228.04796pt.
 [74 <./04_charge_monitoring/pics/DBM-installed-colour1.jpg>]
<../scripts/04_charge_monitoring/plots/DBM-positioning.pdf, id=2836, 2163.08125
pt x 682.55pt>
File: ../scripts/04_charge_monitoring/plots/DBM-positioning.pdf Graphic file (t
ype pdf)
 <use ../scripts/04_charge_monitoring/plots/DBM-positioning.pdf>
Package pdftex.def Info: ../scripts/04_charge_monitoring/plots/DBM-positioning.
pdf used on input line 261.
(pdftex.def)             Requested size: 303.53267pt x 95.77505pt.

<04_charge_monitoring/pics/occupancy.png, id=2837, 696.6025pt x 476.78125pt>
File: 04_charge_monitoring/pics/occupancy.png Graphic file (type png)

<use 04_charge_monitoring/pics/occupancy.png>
Package pdftex.def Info: 04_charge_monitoring/pics/occupancy.png used on input 
line 279.
(pdftex.def)             Requested size: 303.53267pt x 207.74736pt.

<../scripts/04_charge_monitoring/plots/z-r-distance.pdf, id=2838, 242.9075pt x 
179.16937pt>
File: ../scripts/04_charge_monitoring/plots/z-r-distance.pdf Graphic file (type
 pdf)
 <use ../scripts/04_charge_monitoring/plots/z-r-distance.pdf>
Package pdftex.def Info: ../scripts/04_charge_monitoring/plots/z-r-distance.pdf
 used on input line 287.
(pdftex.def)             Requested size: 303.53267pt x 223.88461pt.

[75 <../scripts/04_charge_monitoring/plots/DBM-positioning.pdf>]
<../scripts/04_charge_monitoring/plots/D0.pdf, id=2859, 569.12625pt x 410.53375
pt>
File: ../scripts/04_charge_monitoring/plots/D0.pdf Graphic file (type pdf)
 <use ../scripts/04_charge_monitoring/plots/D0.pdf>
Package pdftex.def Info: ../scripts/04_charge_monitoring/plots/D0.pdf used on i
nput line 297.
(pdftex.def)             Requested size: 303.53267pt x 218.95998pt.

<../scripts/04_charge_monitoring/plots/Z0.pdf, id=2860, 569.12625pt x 410.53375
pt>
File: ../scripts/04_charge_monitoring/plots/Z0.pdf Graphic file (type pdf)
 <use ../scripts/04_charge_monitoring/plots/Z0.pdf>
Package pdftex.def Info: ../scripts/04_charge_monitoring/plots/Z0.pdf used on i
nput line 298.
(pdftex.def)             Requested size: 303.53267pt x 218.95998pt.
) [76 <./04_charge_monitoring/pics/occupancy.png> <../scripts/04_charge_monitor
ing/plots/z-r-distance.pdf>] [77 <../scripts/04_charge_monitoring/plots/D0.pdf,
 page is rotated 90 degrees> <../scripts/04_charge_monitoring/plots/Z0.pdf, pag
e is rotated 90 degrees>] [78]
\openout2 = `05_current_monitoring/chapter.aux'.

 (./05_current_monitoring/chapter.tex
Chapter 5.
[79



] [80] [81]
<../../../CIVIDEC/dataRead/data/plots/pulse/alpha2params.pdf, id=2985, 569.1262
5pt x 410.53375pt>
File: ../../../CIVIDEC/dataRead/data/plots/pulse/alpha2params.pdf Graphic file 
(type pdf)

<use ../../../CIVIDEC/dataRead/data/plots/pulse/alpha2params.pdf>
Package pdftex.def Info: ../../../CIVIDEC/dataRead/data/plots/pulse/alpha2param
s.pdf used on input line 70.
(pdftex.def)             Requested size: 303.53267pt x 218.95998pt.

<05_current_monitoring/plots/formfac1.pdf, id=2986, 2067.725pt x 652.4375pt>
File: 05_current_monitoring/plots/formfac1.pdf Graphic file (type pdf)

<use 05_current_monitoring/plots/formfac1.pdf>
Package pdftex.def Info: 05_current_monitoring/plots/formfac1.pdf used on input
 line 78.
(pdftex.def)             Requested size: 303.53267pt x 95.77077pt.
 [82 <../../../CIVIDEC/dataRead/data/plots/pulse/alpha2params.pdf, page is rota
ted 90 degrees> <./05_current_monitoring/plots/formfac1.pdf>] [83]
<05_current_monitoring/plots/application.pdf, id=3076, 318.18875pt x 175.15437p
t>
File: 05_current_monitoring/plots/application.pdf Graphic file (type pdf)
 <use 05_current_monitoring/plots/application.pdf>
Package pdftex.def Info: 05_current_monitoring/plots/application.pdf used on in
put line 112.
(pdftex.def)             Requested size: 303.53267pt x 167.08525pt.

<05_current_monitoring/plots/analysis1.pdf, id=3077, 2720.1625pt x 1776.6375pt>
File: 05_current_monitoring/plots/analysis1.pdf Graphic file (type pdf)
<use 05_current_monitoring/plots/analysis1.pdf>
Package pdftex.def Info: 05_current_monitoring/plots/analysis1.pdf used on inpu
t line 134.
(pdftex.def)             Requested size: 303.53267pt x 198.25009pt.
 [84 <./05_current_monitoring/plots/application.pdf>] [85 <./05_current_monitor
ing/plots/analysis1.pdf>]
[86]
<05_current_monitoring/plots/pulse1.pdf, id=3119, 4727.6625pt x 2459.1875pt>
File: 05_current_monitoring/plots/pulse1.pdf Graphic file (type pdf)

<use 05_current_monitoring/plots/pulse1.pdf>
Package pdftex.def Info: 05_current_monitoring/plots/pulse1.pdf used on input l
ine 181.
(pdftex.def)             Requested size: 303.53267pt x 157.86401pt.
 [87 <./05_current_monitoring/plots/pulse1.pdf>]
<05_current_monitoring/plots/width2.pdf, id=3144, 3227.05624pt x 642.4pt>
File: 05_current_monitoring/plots/width2.pdf Graphic file (type pdf)

<use 05_current_monitoring/plots/width2.pdf>
Package pdftex.def Info: 05_current_monitoring/plots/width2.pdf used on input l
ine 192.
(pdftex.def)             Requested size: 411.93767pt x 81.99557pt.

<05_current_monitoring/plots/area2.pdf, id=3145, 3227.05624pt x 843.15pt>
File: 05_current_monitoring/plots/area2.pdf Graphic file (type pdf)

<use 05_current_monitoring/plots/area2.pdf>
Package pdftex.def Info: 05_current_monitoring/plots/area2.pdf used on input li
ne 199.
(pdftex.def)             Requested size: 411.93767pt x 107.6192pt.

<05_current_monitoring/plots/vector_clean.pdf, id=3146, 351.81438pt x 139.52126
pt>
File: 05_current_monitoring/plots/vector_clean.pdf Graphic file (type pdf)
 <use 05_current_monitoring/plots/vector_clean.pdf>
Package pdftex.def Info: 05_current_monitoring/plots/vector_clean.pdf used on i
nput line 210.
(pdftex.def)             Requested size: 390.25534pt x 154.7661pt.
 [88 <./05_current_monitoring/plots/width2.pdf> <./05_current_monitoring/plots/
area2.pdf>]
<05_current_monitoring/plots/logic1.pdf, id=3191, 160.09813pt x 41.15375pt>
File: 05_current_monitoring/plots/logic1.pdf Graphic file (type pdf)

<use 05_current_monitoring/plots/logic1.pdf>
Package pdftex.def Info: 05_current_monitoring/plots/logic1.pdf used on input l
ine 227.
(pdftex.def)             Requested size: 203.80193pt x 52.38899pt.

<05_current_monitoring/plots/logic2.pdf, id=3192, 137.01187pt x 63.73813pt>
File: 05_current_monitoring/plots/logic2.pdf Graphic file (type pdf)

<use 05_current_monitoring/plots/logic2.pdf>
Package pdftex.def Info: 05_current_monitoring/plots/logic2.pdf used on input l
ine 228.
(pdftex.def)             Requested size: 203.80193pt x 94.81624pt.

Overfull \hbox (5.28387pt too wide) in paragraph at lines 226--230
[][] 
 []

<05_current_monitoring/plots/algobase.pdf, id=3193, 1530.71875pt x 983.675pt>
File: 05_current_monitoring/plots/algobase.pdf Graphic file (type pdf)

<use 05_current_monitoring/plots/algobase.pdf>
Package pdftex.def Info: 05_current_monitoring/plots/algobase.pdf used on input
 line 235.
(pdftex.def)             Requested size: 303.53267pt x 195.05043pt.
 [89 <./05_current_monitoring/plots/vector_clean.pdf> <./05_current_monitoring/
plots/logic1.pdf> <./05_current_monitoring/plots/logic2.pdf>]
<05_current_monitoring/plots/controller.pdf, id=3249, 1761.58125pt x 1590.94376
pt>
File: 05_current_monitoring/plots/controller.pdf Graphic file (type pdf)
 <use 05_current_monitoring/plots/controller.pdf>
Package pdftex.def Info: 05_current_monitoring/plots/controller.pdf used on inp
ut line 249.
(pdftex.def)             Requested size: 260.17464pt x 234.96562pt.
 [90 <./05_current_monitoring/plots/algobase.pdf>] [91 <./05_current_monitoring
/plots/controller.pdf>]
<../scripts/05_current_monitoring/PulseGenTests/plots/freq.pdf, id=3292, 569.12
625pt x 368.37625pt>
File: ../scripts/05_current_monitoring/PulseGenTests/plots/freq.pdf Graphic fil
e (type pdf)

<use ../scripts/05_current_monitoring/PulseGenTests/plots/freq.pdf>
Package pdftex.def Info: ../scripts/05_current_monitoring/PulseGenTests/plots/f
req.pdf used on input line 302.
(pdftex.def)             Requested size: 303.53267pt x 196.47508pt.

<../scripts/05_current_monitoring/PulseGenTests/plots/ratioAmpl1.pdf, id=3293, 
569.12625pt x 368.37625pt>
File: ../scripts/05_current_monitoring/PulseGenTests/plots/ratioAmpl1.pdf Graph
ic file (type pdf)

<use ../scripts/05_current_monitoring/PulseGenTests/plots/ratioAmpl1.pdf>
Package pdftex.def Info: ../scripts/05_current_monitoring/PulseGenTests/plots/r
atioAmpl1.pdf used on input line 313.
(pdftex.def)             Requested size: 203.80193pt x 131.91272pt.

<../scripts/05_current_monitoring/PulseGenTests/plots/ratioWidth1.pdf, id=3294,
 569.12625pt x 368.37625pt>
File: ../scripts/05_current_monitoring/PulseGenTests/plots/ratioWidth1.pdf Grap
hic file (type pdf)

<use ../scripts/05_current_monitoring/PulseGenTests/plots/ratioWidth1.pdf>
Package pdftex.def Info: ../scripts/05_current_monitoring/PulseGenTests/plots/r
atioWidth1.pdf used on input line 314.
(pdftex.def)             Requested size: 203.80193pt x 131.91272pt.

Overfull \hbox (5.28387pt too wide) in paragraph at lines 312--316
[][] 
 []

[92 <../scripts/05_current_monitoring/PulseGenTests/plots/freq.pdf, page is rot
ated 90 degrees>]
<../scripts/05_current_monitoring/PulseGenTests/plots/snrAmpl1.pdf, id=3342, 56
9.12625pt x 368.37625pt>
File: ../scripts/05_current_monitoring/PulseGenTests/plots/snrAmpl1.pdf Graphic
 file (type pdf)

<use ../scripts/05_current_monitoring/PulseGenTests/plots/snrAmpl1.pdf>
Package pdftex.def Info: ../scripts/05_current_monitoring/PulseGenTests/plots/s
nrAmpl1.pdf used on input line 327.
(pdftex.def)             Requested size: 203.80193pt x 131.91272pt.

<../scripts/05_current_monitoring/PulseGenTests/plots/snrWidth1.pdf, id=3343, 5
69.12625pt x 368.37625pt>
File: ../scripts/05_current_monitoring/PulseGenTests/plots/snrWidth1.pdf Graphi
c file (type pdf)

<use ../scripts/05_current_monitoring/PulseGenTests/plots/snrWidth1.pdf>
Package pdftex.def Info: ../scripts/05_current_monitoring/PulseGenTests/plots/s
nrWidth1.pdf used on input line 329.
(pdftex.def)             Requested size: 203.80193pt x 131.91272pt.

<../scripts/05_current_monitoring/PulseGenTests/plots/snrArea1.pdf, id=3344, 56
9.12625pt x 368.37625pt>
File: ../scripts/05_current_monitoring/PulseGenTests/plots/snrArea1.pdf Graphic
 file (type pdf)

<use ../scripts/05_current_monitoring/PulseGenTests/plots/snrArea1.pdf>
Package pdftex.def Info: ../scripts/05_current_monitoring/PulseGenTests/plots/s
nrArea1.pdf used on input line 332.
(pdftex.def)             Requested size: 203.80193pt x 131.91272pt.

Overfull \hbox (5.28387pt too wide) in paragraph at lines 326--334
[][] 
 []

[93 <../scripts/05_current_monitoring/PulseGenTests/plots/ratioAmpl1.pdf, page 
is rotated 90 degrees> <../scripts/05_current_monitoring/PulseGenTests/plots/ra
tioWidth1.pdf, page is rotated 90 degrees> <../scripts/05_current_monitoring/Pu
lseGenTests/plots/snrAmpl1.pdf, page is rotated 90 degrees> <../scripts/05_curr
ent_monitoring/PulseGenTests/plots/snrWidth1.pdf, page is rotated 90 degrees> <
../scripts/05_current_monitoring/PulseGenTests/plots/snrArea1.pdf, page is rota
ted 90 degrees>]
<../scripts/05_current_monitoring/plot4alpha/plots/4alphaCompare.pdf, id=3565, 
569.12625pt x 364.36125pt>
File: ../scripts/05_current_monitoring/plot4alpha/plots/4alphaCompare.pdf Graph
ic file (type pdf)

<use ../scripts/05_current_monitoring/plot4alpha/plots/4alphaCompare.pdf>
Package pdftex.def Info: ../scripts/05_current_monitoring/plot4alpha/plots/4alp
haCompare.pdf used on input line 350.
(pdftex.def)             Requested size: 303.53267pt x 194.33366pt.

[94 <../scripts/05_current_monitoring/plot4alpha/plots/4alphaCompare.pdf, page 
is rotated 90 degrees>] [95]
<../../../CIVIDEC/dataRead/data/plots/reportATI/27-pulse-background-1.pdf, id=3
615, 569.12625pt x 410.53375pt>
File: ../../../CIVIDEC/dataRead/data/plots/reportATI/27-pulse-background-1.pdf 
Graphic file (type pdf)

<use ../../../CIVIDEC/dataRead/data/plots/reportATI/27-pulse-background-1.pdf>
Package pdftex.def Info: ../../../CIVIDEC/dataRead/data/plots/reportATI/27-puls
e-background-1.pdf used on input line 403.
(pdftex.def)             Requested size: 190.79385pt x 137.62518pt.

<../../../CIVIDEC/dataRead/data/plots/reportATI/10-pulse-alpha-e-0.pdf, id=3616
, 569.12625pt x 410.53375pt>
File: ../../../CIVIDEC/dataRead/data/plots/reportATI/10-pulse-alpha-e-0.pdf Gra
phic file (type pdf)

<use ../../../CIVIDEC/dataRead/data/plots/reportATI/10-pulse-alpha-e-0.pdf>
Package pdftex.def Info: ../../../CIVIDEC/dataRead/data/plots/reportATI/10-puls
e-alpha-e-0.pdf used on input line 404.
(pdftex.def)             Requested size: 190.79385pt x 137.62518pt.

<../../../CIVIDEC/dataRead/data/plots/reportATI/18-pulse-alpha-h-0.pdf, id=3617
, 569.12625pt x 410.53375pt>
File: ../../../CIVIDEC/dataRead/data/plots/reportATI/18-pulse-alpha-h-0.pdf Gra
phic file (type pdf)

<use ../../../CIVIDEC/dataRead/data/plots/reportATI/18-pulse-alpha-h-0.pdf>
Package pdftex.def Info: ../../../CIVIDEC/dataRead/data/plots/reportATI/18-puls
e-alpha-h-0.pdf used on input line 405.
(pdftex.def)             Requested size: 190.79385pt x 137.62518pt.

<../../../CIVIDEC/dataRead/data/plots/reportATI/13-pulse-beta-0.pdf, id=3618, 5
69.12625pt x 410.53375pt>
File: ../../../CIVIDEC/dataRead/data/plots/reportATI/13-pulse-beta-0.pdf Graphi
c file (type pdf)

<use ../../../CIVIDEC/dataRead/data/plots/reportATI/13-pulse-beta-0.pdf>
Package pdftex.def Info: ../../../CIVIDEC/dataRead/data/plots/reportATI/13-puls
e-beta-0.pdf used on input line 406.
(pdftex.def)             Requested size: 190.79385pt x 137.62518pt.

<../../../CIVIDEC/dataRead/data/plots/reportATI/12-pulse-gamma-0.pdf, id=3619, 
569.12625pt x 410.53375pt>
File: ../../../CIVIDEC/dataRead/data/plots/reportATI/12-pulse-gamma-0.pdf Graph
ic file (type pdf)

<use ../../../CIVIDEC/dataRead/data/plots/reportATI/12-pulse-gamma-0.pdf>
Package pdftex.def Info: ../../../CIVIDEC/dataRead/data/plots/reportATI/12-puls
e-gamma-0.pdf used on input line 407.
(pdftex.def)             Requested size: 190.79385pt x 137.62518pt.

<../../../CIVIDEC/dataRead/data/plots/reportATI/15-pulse-neutron-0.pdf, id=3620
, 569.12625pt x 410.53375pt>
File: ../../../CIVIDEC/dataRead/data/plots/reportATI/15-pulse-neutron-0.pdf Gra
phic file (type pdf)

<use ../../../CIVIDEC/dataRead/data/plots/reportATI/15-pulse-neutron-0.pdf>
Package pdftex.def Info: ../../../CIVIDEC/dataRead/data/plots/reportATI/15-puls
e-neutron-0.pdf used on input line 408.
(pdftex.def)             Requested size: 190.79385pt x 137.62518pt.

[96 <../../../CIVIDEC/dataRead/data/plots/reportATI/27-pulse-background-1.pdf, 
page is rotated 90 degrees> <../../../CIVIDEC/dataRead/data/plots/reportATI/10-
pulse-alpha-e-0.pdf, page is rotated 90 degrees> <../../../CIVIDEC/dataRead/dat
a/plots/reportATI/18-pulse-alpha-h-0.pdf, page is rotated 90 degrees> <../../..
/CIVIDEC/dataRead/data/plots/reportATI/13-pulse-beta-0.pdf, page is rotated 90 
degrees> <../../../CIVIDEC/dataRead/data/plots/reportATI/12-pulse-gamma-0.pdf, 
page is rotated 90 degrees> <../../../CIVIDEC/dataRead/data/plots/reportATI/15-
pulse-neutron-0.pdf, page is rotated 90 degrees>] [97


]
<../../../CIVIDEC/dataRead/data/plots/reportATI/10-scatter-0_add4.pdf, id=3886,
 329.76741pt x 453.53691pt>
File: ../../../CIVIDEC/dataRead/data/plots/reportATI/10-scatter-0_add4.pdf Grap
hic file (type pdf)

<use ../../../CIVIDEC/dataRead/data/plots/reportATI/10-scatter-0_add4.pdf>
Package pdftex.def Info: ../../../CIVIDEC/dataRead/data/plots/reportATI/10-scat
ter-0_add4.pdf used on input line 462.
(pdftex.def)             Requested size: 429.28616pt x 590.43529pt.

<../../../CIVIDEC/dataRead/data/plots/reportATI/18-scatter-0.pdf, id=3887, 531.
9875pt x 739.76375pt>
File: ../../../CIVIDEC/dataRead/data/plots/reportATI/18-scatter-0.pdf Graphic f
ile (type pdf)

<use ../../../CIVIDEC/dataRead/data/plots/reportATI/18-scatter-0.pdf>
Package pdftex.def Info: ../../../CIVIDEC/dataRead/data/plots/reportATI/18-scat
ter-0.pdf used on input line 470.
(pdftex.def)             Requested size: 429.28616pt x 596.95906pt.

<../../../CIVIDEC/dataRead/data/plots/reportATI/10-area-0.pdf, id=3888, 569.126
25pt x 410.53375pt>
File: ../../../CIVIDEC/dataRead/data/plots/reportATI/10-area-0.pdf Graphic file
 (type pdf)

<use ../../../CIVIDEC/dataRead/data/plots/reportATI/10-area-0.pdf>
Package pdftex.def Info: ../../../CIVIDEC/dataRead/data/plots/reportATI/10-area
-0.pdf used on input line 480.
(pdftex.def)             Requested size: 303.53267pt x 218.95998pt.

<../../../CIVIDEC/dataRead/data/plots/reportATI/18-area-0.pdf, id=3889, 569.126
25pt x 410.53375pt>
File: ../../../CIVIDEC/dataRead/data/plots/reportATI/18-area-0.pdf Graphic file
 (type pdf)

<use ../../../CIVIDEC/dataRead/data/plots/reportATI/18-area-0.pdf>
Package pdftex.def Info: ../../../CIVIDEC/dataRead/data/plots/reportATI/18-area
-0.pdf used on input line 481.
(pdftex.def)             Requested size: 303.53267pt x 218.95998pt.
 [98]

LaTeX Warning: Text page 99 contains only floats.


Overfull \vbox (4.20529pt too high) has occurred while \output is active []


[99 <../../../CIVIDEC/dataRead/data/plots/reportATI/10-scatter-0_add4.pdf>]

LaTeX Warning: Text page 100 contains only floats.

[100 <../../../CIVIDEC/dataRead/data/plots/reportATI/18-scatter-0.pdf>]
[101 <../../../CIVIDEC/dataRead/data/plots/reportATI/10-area-0.pdf, page is rot
ated 90 degrees> <../../../CIVIDEC/dataRead/data/plots/reportATI/18-area-0.pdf,
 page is rotated 90 degrees>]

LaTeX Warning: No positions in optional float specifier.
               Default added (so using `tbp') on input line 493.


<../../../CIVIDEC/dataRead/data/plots/reportATI/13-scatter-0.pdf, id=4058, 531.
9875pt x 739.76375pt>
File: ../../../CIVIDEC/dataRead/data/plots/reportATI/13-scatter-0.pdf Graphic f
ile (type pdf)

<use ../../../CIVIDEC/dataRead/data/plots/reportATI/13-scatter-0.pdf>
Package pdftex.def Info: ../../../CIVIDEC/dataRead/data/plots/reportATI/13-scat
ter-0.pdf used on input line 495.
(pdftex.def)             Requested size: 429.28616pt x 596.95906pt.


LaTeX Warning: No positions in optional float specifier.
               Default added (so using `tbp') on input line 501.


<../../../CIVIDEC/dataRead/data/plots/reportATI/12-scatter-0.pdf, id=4059, 531.
9875pt x 739.76375pt>
File: ../../../CIVIDEC/dataRead/data/plots/reportATI/12-scatter-0.pdf Graphic f
ile (type pdf)

<use ../../../CIVIDEC/dataRead/data/plots/reportATI/12-scatter-0.pdf>
Package pdftex.def Info: ../../../CIVIDEC/dataRead/data/plots/reportATI/12-scat
ter-0.pdf used on input line 503.
(pdftex.def)             Requested size: 429.28616pt x 596.95906pt.


LaTeX Warning: No positions in optional float specifier.
               Default added (so using `tbp') on input line 508.


<../../../CIVIDEC/dataRead/data/plots/reportATI/13-area-0.pdf, id=4060, 569.126
25pt x 410.53375pt>
File: ../../../CIVIDEC/dataRead/data/plots/reportATI/13-area-0.pdf Graphic file
 (type pdf)

<use ../../../CIVIDEC/dataRead/data/plots/reportATI/13-area-0.pdf>
Package pdftex.def Info: ../../../CIVIDEC/dataRead/data/plots/reportATI/13-area
-0.pdf used on input line 511.
(pdftex.def)             Requested size: 303.53267pt x 218.95998pt.

<../../../CIVIDEC/dataRead/data/plots/reportATI/12-area-0.pdf, id=4061, 569.126
25pt x 410.53375pt>
File: ../../../CIVIDEC/dataRead/data/plots/reportATI/12-area-0.pdf Graphic file
 (type pdf)

<use ../../../CIVIDEC/dataRead/data/plots/reportATI/12-area-0.pdf>
Package pdftex.def Info: ../../../CIVIDEC/dataRead/data/plots/reportATI/12-area
-0.pdf used on input line 512.
(pdftex.def)             Requested size: 303.53267pt x 218.95998pt.
 [102

]
[103 <../../../CIVIDEC/dataRead/data/plots/reportATI/13-scatter-0.pdf>]
[104 <../../../CIVIDEC/dataRead/data/plots/reportATI/12-scatter-0.pdf>]
[105 <../../../CIVIDEC/dataRead/data/plots/reportATI/13-area-0.pdf, page is rot
ated 90 degrees> <../../../CIVIDEC/dataRead/data/plots/reportATI/12-area-0.pdf,
 page is rotated 90 degrees>] [106

]

LaTeX Warning: No positions in optional float specifier.
               Default added (so using `tbp') on input line 622.


<../../../CIVIDEC/dataRead/data/plots/triga-08-scatter-1_add2.pdf, id=4250, 329
.76741pt x 170.7165pt>
File: ../../../CIVIDEC/dataRead/data/plots/triga-08-scatter-1_add2.pdf Graphic 
file (type pdf)

<use ../../../CIVIDEC/dataRead/data/plots/triga-08-scatter-1_add2.pdf>
Package pdftex.def Info: ../../../CIVIDEC/dataRead/data/plots/triga-08-scatter-
1_add2.pdf used on input line 624.
(pdftex.def)             Requested size: 429.28616pt x 222.24661pt.
 [107]
<../../../CIVIDEC/dataRead/data/plots/triga-08-area-0.pdf, id=4255, 569.12625pt
 x 410.53375pt>
File: ../../../CIVIDEC/dataRead/data/plots/triga-08-area-0.pdf Graphic file (ty
pe pdf)
 <use ../../../CIVIDEC/dataRead/data/plots/triga-08-area-0.pdf>
Package pdftex.def Info: ../../../CIVIDEC/dataRead/data/plots/triga-08-area-0.p
df used on input line 635.
(pdftex.def)             Requested size: 303.53267pt x 218.95998pt.

[108 <../../../CIVIDEC/dataRead/data/plots/triga-08-scatter-1_add2.pdf> <../../
../CIVIDEC/dataRead/data/plots/triga-08-area-0.pdf, page is rotated 90 degrees>
] [109]

LaTeX Warning: No positions in optional float specifier.
               Default added (so using `tbp') on input line 683.


<../../../CIVIDEC/dataRead/data/plots/reportATI/15-scatter-0_add2.pdf, id=4334,
 329.76741pt x 453.53691pt>
File: ../../../CIVIDEC/dataRead/data/plots/reportATI/15-scatter-0_add2.pdf Grap
hic file (type pdf)

<use ../../../CIVIDEC/dataRead/data/plots/reportATI/15-scatter-0_add2.pdf>
Package pdftex.def Info: ../../../CIVIDEC/dataRead/data/plots/reportATI/15-scat
ter-0_add2.pdf used on input line 685.
(pdftex.def)             Requested size: 429.28616pt x 590.43529pt.


LaTeX Warning: No positions in optional float specifier.
               Default added (so using `tbp') on input line 690.


<../../../CIVIDEC/dataRead/data/plots/reportATI/15-area-4.pdf, id=4335, 569.126
25pt x 410.53375pt>
File: ../../../CIVIDEC/dataRead/data/plots/reportATI/15-area-4.pdf Graphic file
 (type pdf)

<use ../../../CIVIDEC/dataRead/data/plots/reportATI/15-area-4.pdf>
Package pdftex.def Info: ../../../CIVIDEC/dataRead/data/plots/reportATI/15-area
-4.pdf used on input line 692.
(pdftex.def)             Requested size: 303.53267pt x 218.95998pt.
 [110]
[111 <../../../CIVIDEC/dataRead/data/plots/reportATI/15-scatter-0_add2.pdf>]

LaTeX Warning: No positions in optional float specifier.
               Default added (so using `tbp') on input line 723.


<../../../CIVIDEC/dataRead/data/plots/epfl-scatter-1_add2.pdf, id=4372, 329.767
41pt x 453.53691pt>
File: ../../../CIVIDEC/dataRead/data/plots/epfl-scatter-1_add2.pdf Graphic file
 (type pdf)

<use ../../../CIVIDEC/dataRead/data/plots/epfl-scatter-1_add2.pdf>
Package pdftex.def Info: ../../../CIVIDEC/dataRead/data/plots/epfl-scatter-1_ad
d2.pdf used on input line 725.
(pdftex.def)             Requested size: 429.28616pt x 590.43529pt.


LaTeX Warning: No positions in optional float specifier.
               Default added (so using `tbp') on input line 730.


<../../../CIVIDEC/dataRead/data/plots/epfl-area-1.pdf, id=4373, 569.12625pt x 4
10.53375pt>
File: ../../../CIVIDEC/dataRead/data/plots/epfl-area-1.pdf Graphic file (type p
df)
 <use ../../../CIVIDEC/dataRead/data/plots/epfl-area-1.pdf>
Package pdftex.def Info: ../../../CIVIDEC/dataRead/data/plots/epfl-area-1.pdf u
sed on input line 732.
(pdftex.def)             Requested size: 303.53267pt x 218.95998pt.
 [112 <../../../CIVIDEC/dataRead/data/plots/reportATI/15-area-4.pdf, page is ro
tated 90 degrees>] [113 <../../../CIVIDEC/dataRead/data/plots/epfl-scatter-1_ad
d2.pdf>]) [114 <../../../CIVIDEC/dataRead/data/plots/epfl-area-1.pdf, page is r
otated 90 degrees>] (./phdthesismain.bbl
Underfull \hbox (badness 10000) in paragraph at lines 37--39
[]\OT1/cmr/m/it/10.95 Atominstitut, Tech-ni-cal Uni-ver-sity of Vi-enna, Aus-tr
ia\OT1/cmr/m/n/10.95 .
 []

Missing character: There is no  in font cmti10!
[115


] [116]
Missing character: There is no  in font cmr10!
Missing character: There is no  in font cmr10!
LaTeX Font Info:    Try loading font information for OMS+cmr on input line 210.

 (/usr/local/texlive/2015/texmf-dist/tex/latex/base/omscmr.fd
File: omscmr.fd 2014/09/29 v2.5h Standard LaTeX font definitions
)
LaTeX Font Info:    Font shape `OMS/cmr/m/it' in size <10.95> not available
(Font)              Font shape `OMS/cmsy/m/n' tried instead on input line 210.

[117]
Missing character: There is no  in font cmr10!
Missing character: There is no  in font cmr10!
Missing character: There is no  in font cmr10!
Missing character: There is no  in font cmr10!
 [118] [119]) [120] (./phdthesismain.aux (./01_introduction/chapter.aux)
(./02_pulse_formation/chapter.aux) (./03_measurement_results/chapter.aux)
(./04_charge_monitoring/chapter.aux) (./05_current_monitoring/chapter.aux))

LaTeX Warning: There were multiply-defined labels.

 ) 
Here is how much of TeX's memory you used:
 5864 strings out of 493089
 121511 string characters out of 6134843
 132955 words of memory out of 5000000
 8695 multiletter control sequences out of 15000+600000
 18879 words of font info for 69 fonts, out of 8000000 for 9000
 1141 hyphenation exceptions out of 8191
 38i,16n,49p,2146b,456s stack positions out of 5000i,500n,10000p,200000b,80000s
{/usr/local/texlive/2015/texmf-dist/fonts/enc/dvips/cm-super/cm-super-ts1.enc
}</usr/local/texlive/2015/texmf-dist/fonts/type1/public/amsfonts/cm/cmbx10.pfb>
</usr/local/texlive/2015/texmf-dist/fonts/type1/public/amsfonts/cm/cmbx12.pfb><
/usr/local/texlive/2015/texmf-dist/fonts/type1/public/amsfonts/cm/cmbx8.pfb></u
sr/local/texlive/2015/texmf-dist/fonts/type1/public/amsfonts/cm/cmbxti10.pfb></
usr/local/texlive/2015/texmf-dist/fonts/type1/public/amsfonts/cm/cmex10.pfb></u
sr/local/texlive/2015/texmf-dist/fonts/type1/public/amsfonts/cm/cmmi10.pfb></us
r/local/texlive/2015/texmf-dist/fonts/type1/public/amsfonts/cm/cmmi6.pfb></usr/
local/texlive/2015/texmf-dist/fonts/type1/public/amsfonts/cm/cmmi8.pfb></usr/lo
cal/texlive/2015/texmf-dist/fonts/type1/public/amsfonts/cm/cmmi9.pfb></usr/loca
l/texlive/2015/texmf-dist/fonts/type1/public/amsfonts/cm/cmr10.pfb></usr/local/
texlive/2015/texmf-dist/fonts/type1/public/amsfonts/cm/cmr12.pfb></usr/local/te
xlive/2015/texmf-dist/fonts/type1/public/amsfonts/cm/cmr5.pfb></usr/local/texli
ve/2015/texmf-dist/fonts/type1/public/amsfonts/cm/cmr6.pfb></usr/local/texlive/
2015/texmf-dist/fonts/type1/public/amsfonts/cm/cmr8.pfb></usr/local/texlive/201
5/texmf-dist/fonts/type1/public/amsfonts/cm/cmr9.pfb></usr/local/texlive/2015/t
exmf-dist/fonts/type1/public/amsfonts/cm/cmsl10.pfb></usr/local/texlive/2015/te
xmf-dist/fonts/type1/public/amsfonts/cm/cmsy10.pfb></usr/local/texlive/2015/tex
mf-dist/fonts/type1/public/amsfonts/cm/cmsy6.pfb></usr/local/texlive/2015/texmf
-dist/fonts/type1/public/amsfonts/cm/cmsy8.pfb></usr/local/texlive/2015/texmf-d
ist/fonts/type1/public/amsfonts/cm/cmsy9.pfb></usr/local/texlive/2015/texmf-dis
t/fonts/type1/public/amsfonts/cm/cmti10.pfb></usr/local/texlive/2015/texmf-dist
/fonts/type1/public/amsfonts/cm/cmti12.pfb></usr/local/texlive/2015/texmf-dist/
fonts/type1/public/amsfonts/euler/eurm10.pfb></usr/local/texlive/2015/texmf-dis
t/fonts/type1/public/amsfonts/euler/eurm7.pfb></usr/local/texlive/2015/texmf-di
st/fonts/type1/public/cm-super/sfrm1095.pfb>
Output written on phdthesismain.pdf (124 pages, 19564988 bytes).
PDF statistics:
 4603 PDF objects out of 5155 (max. 8388607)
 2253 compressed objects within 23 object streams
 0 named destinations out of 1000 (max. 500000)
 666 words of extra memory for PDF output out of 10000 (max. 10000000)

