\BOOKMARK [1][-]{section.1}{\376\377\000R\000a\000d\000i\000a\000t\000i\000o\000n\000-\000i\000n\000d\000u\000c\000e\000d\000\040\000c\000u\000r\000r\000e\000n\000t\000\040\000s\000i\000g\000n\000a\000l\000s}{}% 1
\BOOKMARK [1][-]{section.2}{\376\377\000M\000o\000t\000i\000v\000a\000t\000i\000o\000n}{}% 2
\BOOKMARK [1][-]{section.3}{\376\377\000R\000e\000q\000u\000i\000r\000e\000m\000e\000n\000t\000s}{}% 3
\BOOKMARK [1][-]{section.4}{\376\377\000D\000e\000v\000i\000c\000e\000\040\000s\000p\000e\000c\000i\000f\000i\000c\000a\000t\000i\000o\000n\000s}{}% 4
\BOOKMARK [1][-]{section.5}{\376\377\000P\000u\000l\000s\000e\000\040\000p\000a\000r\000a\000m\000e\000t\000e\000r\000s}{}% 5
\BOOKMARK [1][-]{section.6}{\376\377\000D\000e\000s\000c\000r\000i\000p\000t\000i\000o\000n\000\040\000o\000f\000\040\000t\000h\000e\000\040\000f\000i\000r\000m\000w\000a\000r\000e}{}% 6
\BOOKMARK [2][-]{subsection.6.1}{\376\377\000D\000e\000s\000i\000g\000n\000\040\000c\000o\000n\000s\000t\000r\000a\000i\000n\000t\000s}{section.6}% 7
\BOOKMARK [2][-]{subsection.6.2}{\376\377\000A\000n\000a\000l\000y\000s\000i\000s\000\040\000m\000o\000d\000u\000l\000e}{section.6}% 8
\BOOKMARK [2][-]{subsection.6.3}{\376\377\000A\000r\000e\000a\000\040\000a\000n\000d\000\040\000w\000i\000d\000t\000h\000\040\000m\000e\000a\000s\000u\000r\000e\000m\000e\000n\000t}{section.6}% 9
\BOOKMARK [1][-]{section.7}{\376\377\000C\000o\000n\000t\000r\000o\000l\000\040\000a\000n\000d\000\040\000d\000a\000t\000a\000\040\000i\000n\000t\000e\000r\000f\000a\000c\000e}{}% 10
\BOOKMARK [2][-]{subsection.7.1}{\376\377\000S\000o\000f\000t\000w\000a\000r\000e}{section.7}% 11
\BOOKMARK [2][-]{subsection.7.2}{\376\377\000D\000a\000t\000a\000\040\000r\000e\000a\000d\000o\000u\000t}{section.7}% 12
\BOOKMARK [1][-]{section.8}{\376\377\000P\000e\000r\000f\000o\000r\000m\000a\000n\000c\000e\000\040\000r\000e\000s\000u\000l\000t\000s}{}% 13
\BOOKMARK [2][-]{subsection.8.1}{\376\377\000T\000e\000s\000t\000s\000\040\000w\000i\000t\000h\000\040\000a\000\040\000p\000u\000l\000s\000e\000\040\000g\000e\000n\000e\000r\000a\000t\000o\000r}{section.8}% 14
\BOOKMARK [3][-]{subsubsection.8.1.1}{\376\377\000T\000r\000i\000g\000g\000e\000r\000\040\000r\000a\000t\000e}{subsection.8.1}% 15
\BOOKMARK [3][-]{subsubsection.8.1.2}{\376\377\000L\000i\000n\000e\000a\000r\000i\000t\000y}{subsection.8.1}% 16
\BOOKMARK [3][-]{subsubsection.8.1.3}{\376\377\000S\000t\000a\000b\000i\000l\000i\000t\000y}{subsection.8.1}% 17
\BOOKMARK [3][-]{subsubsection.8.1.4}{\376\377\000C\000o\000n\000c\000l\000u\000s\000i\000o\000n}{subsection.8.1}% 18
\BOOKMARK [2][-]{subsection.8.2}{\376\377\000C\000o\000m\000p\000a\000r\000i\000s\000o\000n\000\040\000b\000e\000t\000w\000e\000e\000n\000\040\000t\000h\000e\000\040\000c\000h\000a\000r\000g\000e\000-\000s\000e\000n\000s\000i\000t\000i\000v\000e\000\040\000a\000n\000d\000\040\000c\000u\000r\000r\000e\000n\000t\000\040\000s\000p\000e\000c\000t\000r\000o\000s\000c\000o\000p\000y}{section.8}% 19
\BOOKMARK [1][-]{section.9}{\376\377\000S\000o\000u\000r\000c\000e\000\040\000c\000a\000l\000i\000b\000r\000a\000t\000i\000o\000n}{}% 20
\BOOKMARK [2][-]{subsection.9.1}{\376\377\000S\000o\000u\000r\000c\000e\000\040\000m\000e\000a\000s\000u\000r\000e\000m\000e\000n\000t\000s\000\040\040\023\000\040\000s\000c\000a\000t\000t\000e\000r\000\040\000p\000l\000o\000t\000s}{section.9}% 21
\BOOKMARK [3][-]{subsubsection.9.1.1}{\376\377\0002\0004\0001\000A\000m\000\040\000s\000o\000u\000r\000c\000e}{subsection.9.1}% 22
\BOOKMARK [3][-]{subsubsection.9.1.2}{\376\377\0009\0000\000S\000r\000\040\000a\000n\000d\000\040\0006\0000\000C\000o\000\040\000s\000o\000u\000r\000c\000e}{subsection.9.1}% 23
\BOOKMARK [1][-]{section.10}{\376\377\000A\000p\000p\000l\000i\000c\000a\000t\000i\000o\000n\000s\000\040\000i\000n\000\040\000n\000e\000u\000t\000r\000o\000n\000\040\000i\000n\000s\000t\000r\000u\000m\000e\000n\000t\000a\000t\000i\000o\000n}{}% 24
\BOOKMARK [2][-]{subsection.10.1}{\376\377\000T\000h\000e\000r\000m\000a\000l\000\040\000n\000e\000u\000t\000r\000o\000n\000\040\000f\000l\000u\000x\000\040\000m\000o\000n\000i\000t\000o\000r\000i\000n\000g}{section.10}% 25
\BOOKMARK [3][-]{subsubsection.10.1.1}{\376\377\000M\000e\000a\000s\000u\000r\000e\000m\000e\000n\000t\000s}{subsection.10.1}% 26
\BOOKMARK [3][-]{subsubsection.10.1.2}{\376\377\000R\000e\000s\000u\000l\000t\000s\000\040\000a\000n\000d\000\040\000d\000i\000s\000c\000u\000s\000s\000i\000o\000n}{subsection.10.1}% 27
\BOOKMARK [3][-]{subsubsection.10.1.3}{\376\377\000C\000o\000n\000c\000l\000u\000s\000i\000o\000n}{subsection.10.1}% 28
\BOOKMARK [2][-]{subsection.10.2}{\376\377\000F\000u\000s\000i\000o\000n\000\040\000p\000o\000w\000e\000r\000\040\000m\000o\000n\000i\000t\000o\000r\000i\000n\000g}{section.10}% 29
\BOOKMARK [3][-]{subsubsection.10.2.1}{\376\377\000M\000e\000a\000s\000u\000r\000e\000m\000e\000n\000t\000s}{subsection.10.2}% 30
\BOOKMARK [3][-]{subsubsection.10.2.2}{\376\377\000R\000e\000s\000u\000l\000t\000s\000\040\000a\000n\000d\000\040\000d\000i\000s\000c\000u\000s\000s\000i\000o\000n}{subsection.10.2}% 31
\BOOKMARK [3][-]{subsubsection.10.2.3}{\376\377\000C\000o\000n\000c\000l\000u\000s\000i\000o\000n}{subsection.10.2}% 32
\BOOKMARK [1][-]{section.11}{\376\377\000C\000o\000n\000c\000l\000u\000s\000i\000o\000n}{}% 33
