This is pdfTeX, Version 3.14159265-2.6-1.40.16 (TeX Live 2015) (preloaded format=pdflatex 2016.4.6)  22 MAY 2016 18:54
entering extended mode
 restricted \write18 enabled.
 file:line:error style messages enabled.
 %&-line parsing enabled.
**Seminar_Digital_Design.tex
(./Seminar_Digital_Design.tex
LaTeX2e <2015/01/01>
Babel <3.9l> and hyphenation patterns for 79 languages loaded.
(/usr/local/texlive/2015/texmf-dist/tex/latex/base/article.cls
Document Class: article 2014/09/29 v1.4h Standard LaTeX document class
(/usr/local/texlive/2015/texmf-dist/tex/latex/base/size11.clo
File: size11.clo 2014/09/29 v1.4h Standard LaTeX file (size option)
)
\c@part=\count79
\c@section=\count80
\c@subsection=\count81
\c@subsubsection=\count82
\c@paragraph=\count83
\c@subparagraph=\count84
\c@figure=\count85
\c@table=\count86
\abovecaptionskip=\skip41
\belowcaptionskip=\skip42
\bibindent=\dimen102
)
(/usr/local/texlive/2015/texmf-dist/tex/latex/geometry/geometry.sty
Package: geometry 2010/09/12 v5.6 Page Geometry

(/usr/local/texlive/2015/texmf-dist/tex/latex/graphics/keyval.sty
Package: keyval 2014/10/28 v1.15 key=value parser (DPC)
\KV@toks@=\toks14
)
(/usr/local/texlive/2015/texmf-dist/tex/generic/oberdiek/ifpdf.sty
Package: ifpdf 2011/01/30 v2.3 Provides the ifpdf switch (HO)
Package ifpdf Info: pdfTeX in PDF mode is detected.
)
(/usr/local/texlive/2015/texmf-dist/tex/generic/oberdiek/ifvtex.sty
Package: ifvtex 2010/03/01 v1.5 Detect VTeX and its facilities (HO)
Package ifvtex Info: VTeX not detected.
)
(/usr/local/texlive/2015/texmf-dist/tex/generic/ifxetex/ifxetex.sty
Package: ifxetex 2010/09/12 v0.6 Provides ifxetex conditional
)
\Gm@cnth=\count87
\Gm@cntv=\count88
\c@Gm@tempcnt=\count89
\Gm@bindingoffset=\dimen103
\Gm@wd@mp=\dimen104
\Gm@odd@mp=\dimen105
\Gm@even@mp=\dimen106
\Gm@layoutwidth=\dimen107
\Gm@layoutheight=\dimen108
\Gm@layouthoffset=\dimen109
\Gm@layoutvoffset=\dimen110
\Gm@dimlist=\toks15
)
(/usr/local/texlive/2015/texmf-dist/tex/latex/amsmath/amsmath.sty
Package: amsmath 2013/01/14 v2.14 AMS math features
\@mathmargin=\skip43

For additional information on amsmath, use the `?' option.
(/usr/local/texlive/2015/texmf-dist/tex/latex/amsmath/amstext.sty
Package: amstext 2000/06/29 v2.01

(/usr/local/texlive/2015/texmf-dist/tex/latex/amsmath/amsgen.sty
File: amsgen.sty 1999/11/30 v2.0
\@emptytoks=\toks16
\ex@=\dimen111
))
(/usr/local/texlive/2015/texmf-dist/tex/latex/amsmath/amsbsy.sty
Package: amsbsy 1999/11/29 v1.2d
\pmbraise@=\dimen112
)
(/usr/local/texlive/2015/texmf-dist/tex/latex/amsmath/amsopn.sty
Package: amsopn 1999/12/14 v2.01 operator names
)
\inf@bad=\count90
LaTeX Info: Redefining \frac on input line 210.
\uproot@=\count91
\leftroot@=\count92
LaTeX Info: Redefining \overline on input line 306.
\classnum@=\count93
\DOTSCASE@=\count94
LaTeX Info: Redefining \ldots on input line 378.
LaTeX Info: Redefining \dots on input line 381.
LaTeX Info: Redefining \cdots on input line 466.
\Mathstrutbox@=\box26
\strutbox@=\box27
\big@size=\dimen113
LaTeX Font Info:    Redeclaring font encoding OML on input line 566.
LaTeX Font Info:    Redeclaring font encoding OMS on input line 567.
\macc@depth=\count95
\c@MaxMatrixCols=\count96
\dotsspace@=\muskip10
\c@parentequation=\count97
\dspbrk@lvl=\count98
\tag@help=\toks17
\row@=\count99
\column@=\count100
\maxfields@=\count101
\andhelp@=\toks18
\eqnshift@=\dimen114
\alignsep@=\dimen115
\tagshift@=\dimen116
\tagwidth@=\dimen117
\totwidth@=\dimen118
\lineht@=\dimen119
\@envbody=\toks19
\multlinegap=\skip44
\multlinetaggap=\skip45
\mathdisplay@stack=\toks20
LaTeX Info: Redefining \[ on input line 2665.
LaTeX Info: Redefining \] on input line 2666.
)
(/usr/local/texlive/2015/texmf-dist/tex/latex/graphics/color.sty
Package: color 2014/10/28 v1.1a Standard LaTeX Color (DPC)

(/usr/local/texlive/2015/texmf-dist/tex/latex/latexconfig/color.cfg
File: color.cfg 2007/01/18 v1.5 color configuration of teTeX/TeXLive
)
Package color Info: Driver file: pdftex.def on input line 142.

(/usr/local/texlive/2015/texmf-dist/tex/latex/pdftex-def/pdftex.def
File: pdftex.def 2011/05/27 v0.06d Graphics/color for pdfTeX

(/usr/local/texlive/2015/texmf-dist/tex/generic/oberdiek/infwarerr.sty
Package: infwarerr 2010/04/08 v1.3 Providing info/warning/error messages (HO)
)
(/usr/local/texlive/2015/texmf-dist/tex/generic/oberdiek/ltxcmds.sty
Package: ltxcmds 2011/11/09 v1.22 LaTeX kernel commands for general use (HO)
)
\Gread@gobject=\count102
))
(/usr/local/texlive/2015/texmf-dist/tex/latex/graphics/graphics.sty
Package: graphics 2014/10/28 v1.0p Standard LaTeX Graphics (DPC,SPQR)

(/usr/local/texlive/2015/texmf-dist/tex/latex/graphics/trig.sty
Package: trig 1999/03/16 v1.09 sin cos tan (DPC)
)
(/usr/local/texlive/2015/texmf-dist/tex/latex/latexconfig/graphics.cfg
File: graphics.cfg 2010/04/23 v1.9 graphics configuration of TeX Live
)
Package graphics Info: Driver file: pdftex.def on input line 94.
)
(/usr/local/texlive/2015/texmf-dist/tex/latex/amsfonts/amssymb.sty
Package: amssymb 2013/01/14 v3.01 AMS font symbols

(/usr/local/texlive/2015/texmf-dist/tex/latex/amsfonts/amsfonts.sty
Package: amsfonts 2013/01/14 v3.01 Basic AMSFonts support
\symAMSa=\mathgroup4
\symAMSb=\mathgroup5
LaTeX Font Info:    Overwriting math alphabet `\mathfrak' in version `bold'
(Font)                  U/euf/m/n --> U/euf/b/n on input line 106.
))
(/usr/local/texlive/2015/texmf-dist/tex/latex/caption/caption.sty
Package: caption 2013/05/02 v3.3-89 Customizing captions (AR)

(/usr/local/texlive/2015/texmf-dist/tex/latex/caption/caption3.sty
Package: caption3 2013/05/02 v1.6-88 caption3 kernel (AR)
Package caption3 Info: TeX engine: e-TeX on input line 57.
\captionmargin=\dimen120
\captionmargin@=\dimen121
\captionwidth=\dimen122
\caption@tempdima=\dimen123
\caption@indent=\dimen124
\caption@parindent=\dimen125
\caption@hangindent=\dimen126
)
\c@ContinuedFloat=\count103
)
(/usr/local/texlive/2015/texmf-dist/tex/latex/was/upgreek.sty
Package: upgreek 2003/02/12 v2.0 (WaS)
Package upgreek Info: Using Euler Roman for upright Greek on input line 31.
\symugrf@m=\mathgroup6
LaTeX Font Info:    Overwriting symbol font `ugrf@m' in version `bold'
(Font)                  U/eur/m/n --> U/eur/b/n on input line 38.
)
(/usr/local/texlive/2015/texmf-dist/tex/latex/subfig/subfig.sty
Package: subfig 2005/06/28 ver: 1.3 subfig package
\c@KVtest=\count104
\sf@farskip=\skip46
\sf@captopadj=\dimen127
\sf@capskip=\skip47
\sf@nearskip=\skip48
\c@subfigure=\count105
\c@subfigure@save=\count106
\c@lofdepth=\count107
\c@subtable=\count108
\c@subtable@save=\count109
\c@lotdepth=\count110
\sf@top=\skip49
\sf@bottom=\skip50
)
(/usr/local/texlive/2015/texmf-dist/tex/latex/graphics/graphicx.sty
Package: graphicx 2014/10/28 v1.0g Enhanced LaTeX Graphics (DPC,SPQR)
\Gin@req@height=\dimen128
\Gin@req@width=\dimen129
)
(/usr/local/texlive/2015/texmf-dist/tex/generic/babel/babel.sty
Package: babel 2014/09/25 3.9l The Babel package

(/usr/local/texlive/2015/texmf-dist/tex/generic/babel-english/english.ldf
Language: english 2012/08/20 v3.3p English support from the babel system

(/usr/local/texlive/2015/texmf-dist/tex/generic/babel/babel.def
File: babel.def 2014/09/25 3.9l Babel common definitions
\babel@savecnt=\count111
\U@D=\dimen130
)
\l@canadian = a dialect from \language\l@american 
\l@australian = a dialect from \language\l@british 
\l@newzealand = a dialect from \language\l@british 
))
(/usr/local/texlive/2015/texmf-dist/tex/latex/base/fontenc.sty
Package: fontenc 2005/09/27 v1.99g Standard LaTeX package

(/usr/local/texlive/2015/texmf-dist/tex/latex/cyrillic/t2aenc.def
File: t2aenc.def 2005/09/27 v1.0i Cyrillic encoding definition file
)
LaTeX Font Info:    Try loading font information for T2A+cmr on input line 105.


(/usr/local/texlive/2015/texmf-dist/tex/latex/cyrillic/t2acmr.fd
File: t2acmr.fd 2001/08/11 v1.0a Computer Modern Cyrillic font definitions
))
(/usr/local/texlive/2015/texmf-dist/tex/latex/base/inputenc.sty
Package: inputenc 2015/03/17 v1.2c Input encoding file
\inpenc@prehook=\toks21
\inpenc@posthook=\toks22

(/usr/local/texlive/2015/texmf-dist/tex/latex/base/utf8.def
File: utf8.def 2014/09/29 v1.1m UTF-8 support for inputenc
Now handling font encoding OML ...
... no UTF-8 mapping file for font encoding OML
Now handling font encoding T1 ...
... processing UTF-8 mapping file for font encoding T1

(/usr/local/texlive/2015/texmf-dist/tex/latex/base/t1enc.dfu
File: t1enc.dfu 2014/09/29 v1.1m UTF-8 support for inputenc
   defining Unicode char U+00A1 (decimal 161)
   defining Unicode char U+00A3 (decimal 163)
   defining Unicode char U+00AB (decimal 171)
   defining Unicode char U+00BB (decimal 187)
   defining Unicode char U+00BF (decimal 191)
   defining Unicode char U+00C0 (decimal 192)
   defining Unicode char U+00C1 (decimal 193)
   defining Unicode char U+00C2 (decimal 194)
   defining Unicode char U+00C3 (decimal 195)
   defining Unicode char U+00C4 (decimal 196)
   defining Unicode char U+00C5 (decimal 197)
   defining Unicode char U+00C6 (decimal 198)
   defining Unicode char U+00C7 (decimal 199)
   defining Unicode char U+00C8 (decimal 200)
   defining Unicode char U+00C9 (decimal 201)
   defining Unicode char U+00CA (decimal 202)
   defining Unicode char U+00CB (decimal 203)
   defining Unicode char U+00CC (decimal 204)
   defining Unicode char U+00CD (decimal 205)
   defining Unicode char U+00CE (decimal 206)
   defining Unicode char U+00CF (decimal 207)
   defining Unicode char U+00D0 (decimal 208)
   defining Unicode char U+00D1 (decimal 209)
   defining Unicode char U+00D2 (decimal 210)
   defining Unicode char U+00D3 (decimal 211)
   defining Unicode char U+00D4 (decimal 212)
   defining Unicode char U+00D5 (decimal 213)
   defining Unicode char U+00D6 (decimal 214)
   defining Unicode char U+00D8 (decimal 216)
   defining Unicode char U+00D9 (decimal 217)
   defining Unicode char U+00DA (decimal 218)
   defining Unicode char U+00DB (decimal 219)
   defining Unicode char U+00DC (decimal 220)
   defining Unicode char U+00DD (decimal 221)
   defining Unicode char U+00DE (decimal 222)
   defining Unicode char U+00DF (decimal 223)
   defining Unicode char U+00E0 (decimal 224)
   defining Unicode char U+00E1 (decimal 225)
   defining Unicode char U+00E2 (decimal 226)
   defining Unicode char U+00E3 (decimal 227)
   defining Unicode char U+00E4 (decimal 228)
   defining Unicode char U+00E5 (decimal 229)
   defining Unicode char U+00E6 (decimal 230)
   defining Unicode char U+00E7 (decimal 231)
   defining Unicode char U+00E8 (decimal 232)
   defining Unicode char U+00E9 (decimal 233)
   defining Unicode char U+00EA (decimal 234)
   defining Unicode char U+00EB (decimal 235)
   defining Unicode char U+00EC (decimal 236)
   defining Unicode char U+00ED (decimal 237)
   defining Unicode char U+00EE (decimal 238)
   defining Unicode char U+00EF (decimal 239)
   defining Unicode char U+00F0 (decimal 240)
   defining Unicode char U+00F1 (decimal 241)
   defining Unicode char U+00F2 (decimal 242)
   defining Unicode char U+00F3 (decimal 243)
   defining Unicode char U+00F4 (decimal 244)
   defining Unicode char U+00F5 (decimal 245)
   defining Unicode char U+00F6 (decimal 246)
   defining Unicode char U+00F8 (decimal 248)
   defining Unicode char U+00F9 (decimal 249)
   defining Unicode char U+00FA (decimal 250)
   defining Unicode char U+00FB (decimal 251)
   defining Unicode char U+00FC (decimal 252)
   defining Unicode char U+00FD (decimal 253)
   defining Unicode char U+00FE (decimal 254)
   defining Unicode char U+00FF (decimal 255)
   defining Unicode char U+0102 (decimal 258)
   defining Unicode char U+0103 (decimal 259)
   defining Unicode char U+0104 (decimal 260)
   defining Unicode char U+0105 (decimal 261)
   defining Unicode char U+0106 (decimal 262)
   defining Unicode char U+0107 (decimal 263)
   defining Unicode char U+010C (decimal 268)
   defining Unicode char U+010D (decimal 269)
   defining Unicode char U+010E (decimal 270)
   defining Unicode char U+010F (decimal 271)
   defining Unicode char U+0110 (decimal 272)
   defining Unicode char U+0111 (decimal 273)
   defining Unicode char U+0118 (decimal 280)
   defining Unicode char U+0119 (decimal 281)
   defining Unicode char U+011A (decimal 282)
   defining Unicode char U+011B (decimal 283)
   defining Unicode char U+011E (decimal 286)
   defining Unicode char U+011F (decimal 287)
   defining Unicode char U+0130 (decimal 304)
   defining Unicode char U+0131 (decimal 305)
   defining Unicode char U+0132 (decimal 306)
   defining Unicode char U+0133 (decimal 307)
   defining Unicode char U+0139 (decimal 313)
   defining Unicode char U+013A (decimal 314)
   defining Unicode char U+013D (decimal 317)
   defining Unicode char U+013E (decimal 318)
   defining Unicode char U+0141 (decimal 321)
   defining Unicode char U+0142 (decimal 322)
   defining Unicode char U+0143 (decimal 323)
   defining Unicode char U+0144 (decimal 324)
   defining Unicode char U+0147 (decimal 327)
   defining Unicode char U+0148 (decimal 328)
   defining Unicode char U+014A (decimal 330)
   defining Unicode char U+014B (decimal 331)
   defining Unicode char U+0150 (decimal 336)
   defining Unicode char U+0151 (decimal 337)
   defining Unicode char U+0152 (decimal 338)
   defining Unicode char U+0153 (decimal 339)
   defining Unicode char U+0154 (decimal 340)
   defining Unicode char U+0155 (decimal 341)
   defining Unicode char U+0158 (decimal 344)
   defining Unicode char U+0159 (decimal 345)
   defining Unicode char U+015A (decimal 346)
   defining Unicode char U+015B (decimal 347)
   defining Unicode char U+015E (decimal 350)
   defining Unicode char U+015F (decimal 351)
   defining Unicode char U+0160 (decimal 352)
   defining Unicode char U+0161 (decimal 353)
   defining Unicode char U+0162 (decimal 354)
   defining Unicode char U+0163 (decimal 355)
   defining Unicode char U+0164 (decimal 356)
   defining Unicode char U+0165 (decimal 357)
   defining Unicode char U+016E (decimal 366)
   defining Unicode char U+016F (decimal 367)
   defining Unicode char U+0170 (decimal 368)
   defining Unicode char U+0171 (decimal 369)
   defining Unicode char U+0178 (decimal 376)
   defining Unicode char U+0179 (decimal 377)
   defining Unicode char U+017A (decimal 378)
   defining Unicode char U+017B (decimal 379)
   defining Unicode char U+017C (decimal 380)
   defining Unicode char U+017D (decimal 381)
   defining Unicode char U+017E (decimal 382)
   defining Unicode char U+200C (decimal 8204)
   defining Unicode char U+2013 (decimal 8211)
   defining Unicode char U+2014 (decimal 8212)
   defining Unicode char U+2018 (decimal 8216)
   defining Unicode char U+2019 (decimal 8217)
   defining Unicode char U+201A (decimal 8218)
   defining Unicode char U+201C (decimal 8220)
   defining Unicode char U+201D (decimal 8221)
   defining Unicode char U+201E (decimal 8222)
   defining Unicode char U+2030 (decimal 8240)
   defining Unicode char U+2031 (decimal 8241)
   defining Unicode char U+2039 (decimal 8249)
   defining Unicode char U+203A (decimal 8250)
   defining Unicode char U+2423 (decimal 9251)
)
Now handling font encoding OT1 ...
... processing UTF-8 mapping file for font encoding OT1

(/usr/local/texlive/2015/texmf-dist/tex/latex/base/ot1enc.dfu
File: ot1enc.dfu 2014/09/29 v1.1m UTF-8 support for inputenc
   defining Unicode char U+00A1 (decimal 161)
   defining Unicode char U+00A3 (decimal 163)
   defining Unicode char U+00B8 (decimal 184)
   defining Unicode char U+00BF (decimal 191)
   defining Unicode char U+00C5 (decimal 197)
   defining Unicode char U+00C6 (decimal 198)
   defining Unicode char U+00D8 (decimal 216)
   defining Unicode char U+00DF (decimal 223)
   defining Unicode char U+00E6 (decimal 230)
   defining Unicode char U+00EC (decimal 236)
   defining Unicode char U+00ED (decimal 237)
   defining Unicode char U+00EE (decimal 238)
   defining Unicode char U+00EF (decimal 239)
   defining Unicode char U+00F8 (decimal 248)
   defining Unicode char U+0131 (decimal 305)
   defining Unicode char U+0141 (decimal 321)
   defining Unicode char U+0142 (decimal 322)
   defining Unicode char U+0152 (decimal 338)
   defining Unicode char U+0153 (decimal 339)
   defining Unicode char U+2013 (decimal 8211)
   defining Unicode char U+2014 (decimal 8212)
   defining Unicode char U+2018 (decimal 8216)
   defining Unicode char U+2019 (decimal 8217)
   defining Unicode char U+201C (decimal 8220)
   defining Unicode char U+201D (decimal 8221)
)
Now handling font encoding OMS ...
... processing UTF-8 mapping file for font encoding OMS

(/usr/local/texlive/2015/texmf-dist/tex/latex/base/omsenc.dfu
File: omsenc.dfu 2014/09/29 v1.1m UTF-8 support for inputenc
   defining Unicode char U+00A7 (decimal 167)
   defining Unicode char U+00B6 (decimal 182)
   defining Unicode char U+00B7 (decimal 183)
   defining Unicode char U+2020 (decimal 8224)
   defining Unicode char U+2021 (decimal 8225)
   defining Unicode char U+2022 (decimal 8226)
)
Now handling font encoding OMX ...
... no UTF-8 mapping file for font encoding OMX
Now handling font encoding U ...
... no UTF-8 mapping file for font encoding U
Now handling font encoding T2A ...
... processing UTF-8 mapping file for font encoding T2A

(/usr/local/texlive/2015/texmf-dist/tex/latex/base/t2aenc.dfu
File: t2aenc.dfu 2014/09/29 v1.1m UTF-8 support for inputenc
   defining Unicode char U+00A4 (decimal 164)
   defining Unicode char U+00A7 (decimal 167)
   defining Unicode char U+00AB (decimal 171)
   defining Unicode char U+00BB (decimal 187)
   defining Unicode char U+0131 (decimal 305)
   defining Unicode char U+0400 (decimal 1024)
   defining Unicode char U+0401 (decimal 1025)
   defining Unicode char U+0402 (decimal 1026)
   defining Unicode char U+0403 (decimal 1027)
   defining Unicode char U+0404 (decimal 1028)
   defining Unicode char U+0405 (decimal 1029)
   defining Unicode char U+0406 (decimal 1030)
   defining Unicode char U+0407 (decimal 1031)
   defining Unicode char U+0408 (decimal 1032)
   defining Unicode char U+0409 (decimal 1033)
   defining Unicode char U+040A (decimal 1034)
   defining Unicode char U+040B (decimal 1035)
   defining Unicode char U+040C (decimal 1036)
   defining Unicode char U+040D (decimal 1037)
   defining Unicode char U+040E (decimal 1038)
   defining Unicode char U+040F (decimal 1039)
   defining Unicode char U+0410 (decimal 1040)
   defining Unicode char U+0411 (decimal 1041)
   defining Unicode char U+0412 (decimal 1042)
   defining Unicode char U+0413 (decimal 1043)
   defining Unicode char U+0414 (decimal 1044)
   defining Unicode char U+0415 (decimal 1045)
   defining Unicode char U+0416 (decimal 1046)
   defining Unicode char U+0417 (decimal 1047)
   defining Unicode char U+0418 (decimal 1048)
   defining Unicode char U+0419 (decimal 1049)
   defining Unicode char U+041A (decimal 1050)
   defining Unicode char U+041B (decimal 1051)
   defining Unicode char U+041C (decimal 1052)
   defining Unicode char U+041D (decimal 1053)
   defining Unicode char U+041E (decimal 1054)
   defining Unicode char U+041F (decimal 1055)
   defining Unicode char U+0420 (decimal 1056)
   defining Unicode char U+0421 (decimal 1057)
   defining Unicode char U+0422 (decimal 1058)
   defining Unicode char U+0423 (decimal 1059)
   defining Unicode char U+0424 (decimal 1060)
   defining Unicode char U+0425 (decimal 1061)
   defining Unicode char U+0426 (decimal 1062)
   defining Unicode char U+0427 (decimal 1063)
   defining Unicode char U+0428 (decimal 1064)
   defining Unicode char U+0429 (decimal 1065)
   defining Unicode char U+042A (decimal 1066)
   defining Unicode char U+042B (decimal 1067)
   defining Unicode char U+042C (decimal 1068)
   defining Unicode char U+042D (decimal 1069)
   defining Unicode char U+042E (decimal 1070)
   defining Unicode char U+042F (decimal 1071)
   defining Unicode char U+0430 (decimal 1072)
   defining Unicode char U+0431 (decimal 1073)
   defining Unicode char U+0432 (decimal 1074)
   defining Unicode char U+0433 (decimal 1075)
   defining Unicode char U+0434 (decimal 1076)
   defining Unicode char U+0435 (decimal 1077)
   defining Unicode char U+0436 (decimal 1078)
   defining Unicode char U+0437 (decimal 1079)
   defining Unicode char U+0438 (decimal 1080)
   defining Unicode char U+0439 (decimal 1081)
   defining Unicode char U+043A (decimal 1082)
   defining Unicode char U+043B (decimal 1083)
   defining Unicode char U+043C (decimal 1084)
   defining Unicode char U+043D (decimal 1085)
   defining Unicode char U+043E (decimal 1086)
   defining Unicode char U+043F (decimal 1087)
   defining Unicode char U+0440 (decimal 1088)
   defining Unicode char U+0441 (decimal 1089)
   defining Unicode char U+0442 (decimal 1090)
   defining Unicode char U+0443 (decimal 1091)
   defining Unicode char U+0444 (decimal 1092)
   defining Unicode char U+0445 (decimal 1093)
   defining Unicode char U+0446 (decimal 1094)
   defining Unicode char U+0447 (decimal 1095)
   defining Unicode char U+0448 (decimal 1096)
   defining Unicode char U+0449 (decimal 1097)
   defining Unicode char U+044A (decimal 1098)
   defining Unicode char U+044B (decimal 1099)
   defining Unicode char U+044C (decimal 1100)
   defining Unicode char U+044D (decimal 1101)
   defining Unicode char U+044E (decimal 1102)
   defining Unicode char U+044F (decimal 1103)
   defining Unicode char U+0450 (decimal 1104)
   defining Unicode char U+0451 (decimal 1105)
   defining Unicode char U+0452 (decimal 1106)
   defining Unicode char U+0453 (decimal 1107)
   defining Unicode char U+0454 (decimal 1108)
   defining Unicode char U+0455 (decimal 1109)
   defining Unicode char U+0456 (decimal 1110)
   defining Unicode char U+0457 (decimal 1111)
   defining Unicode char U+0458 (decimal 1112)
   defining Unicode char U+0459 (decimal 1113)
   defining Unicode char U+045A (decimal 1114)
   defining Unicode char U+045B (decimal 1115)
   defining Unicode char U+045C (decimal 1116)
   defining Unicode char U+045D (decimal 1117)
   defining Unicode char U+045E (decimal 1118)
   defining Unicode char U+045F (decimal 1119)
   defining Unicode char U+0490 (decimal 1168)
   defining Unicode char U+0491 (decimal 1169)
   defining Unicode char U+0492 (decimal 1170)
   defining Unicode char U+0493 (decimal 1171)
   defining Unicode char U+0496 (decimal 1174)
   defining Unicode char U+0497 (decimal 1175)
   defining Unicode char U+0498 (decimal 1176)
   defining Unicode char U+0499 (decimal 1177)
   defining Unicode char U+049A (decimal 1178)
   defining Unicode char U+049B (decimal 1179)
   defining Unicode char U+049C (decimal 1180)
   defining Unicode char U+049D (decimal 1181)
   defining Unicode char U+04A0 (decimal 1184)
   defining Unicode char U+04A1 (decimal 1185)
   defining Unicode char U+04A2 (decimal 1186)
   defining Unicode char U+04A3 (decimal 1187)
   defining Unicode char U+04A4 (decimal 1188)
   defining Unicode char U+04A5 (decimal 1189)
   defining Unicode char U+04AA (decimal 1194)
   defining Unicode char U+04AB (decimal 1195)
   defining Unicode char U+04AE (decimal 1198)
   defining Unicode char U+04AF (decimal 1199)
   defining Unicode char U+04B0 (decimal 1200)
   defining Unicode char U+04B1 (decimal 1201)
   defining Unicode char U+04B2 (decimal 1202)
   defining Unicode char U+04B3 (decimal 1203)
   defining Unicode char U+04B6 (decimal 1206)
   defining Unicode char U+04B7 (decimal 1207)
   defining Unicode char U+04B8 (decimal 1208)
   defining Unicode char U+04B9 (decimal 1209)
   defining Unicode char U+04BA (decimal 1210)
   defining Unicode char U+04BB (decimal 1211)
   defining Unicode char U+04C0 (decimal 1216)
   defining Unicode char U+04C1 (decimal 1217)
   defining Unicode char U+04C2 (decimal 1218)
   defining Unicode char U+04D0 (decimal 1232)
   defining Unicode char U+04D1 (decimal 1233)
   defining Unicode char U+04D2 (decimal 1234)
   defining Unicode char U+04D3 (decimal 1235)
   defining Unicode char U+04D4 (decimal 1236)
   defining Unicode char U+04D5 (decimal 1237)
   defining Unicode char U+04D6 (decimal 1238)
   defining Unicode char U+04D7 (decimal 1239)
   defining Unicode char U+04D8 (decimal 1240)
   defining Unicode char U+04D9 (decimal 1241)
   defining Unicode char U+04DA (decimal 1242)
   defining Unicode char U+04DB (decimal 1243)
   defining Unicode char U+04DC (decimal 1244)
   defining Unicode char U+04DD (decimal 1245)
   defining Unicode char U+04DE (decimal 1246)
   defining Unicode char U+04DF (decimal 1247)
   defining Unicode char U+04E2 (decimal 1250)
   defining Unicode char U+04E3 (decimal 1251)
   defining Unicode char U+04E4 (decimal 1252)
   defining Unicode char U+04E5 (decimal 1253)
   defining Unicode char U+04E6 (decimal 1254)
   defining Unicode char U+04E7 (decimal 1255)
   defining Unicode char U+04E8 (decimal 1256)
   defining Unicode char U+04E9 (decimal 1257)
   defining Unicode char U+04EC (decimal 1260)
   defining Unicode char U+04ED (decimal 1261)
   defining Unicode char U+04EE (decimal 1262)
   defining Unicode char U+04EF (decimal 1263)
   defining Unicode char U+04F0 (decimal 1264)
   defining Unicode char U+04F1 (decimal 1265)
   defining Unicode char U+04F2 (decimal 1266)
   defining Unicode char U+04F3 (decimal 1267)
   defining Unicode char U+04F4 (decimal 1268)
   defining Unicode char U+04F5 (decimal 1269)
   defining Unicode char U+04F8 (decimal 1272)
   defining Unicode char U+04F9 (decimal 1273)
   defining Unicode char U+200C (decimal 8204)
   defining Unicode char U+2013 (decimal 8211)
   defining Unicode char U+2014 (decimal 8212)
   defining Unicode char U+2018 (decimal 8216)
   defining Unicode char U+2019 (decimal 8217)
   defining Unicode char U+201C (decimal 8220)
   defining Unicode char U+201D (decimal 8221)
   defining Unicode char U+201E (decimal 8222)
   defining Unicode char U+2030 (decimal 8240)
   defining Unicode char U+2031 (decimal 8241)
   defining Unicode char U+2116 (decimal 8470)
   defining Unicode char U+2329 (decimal 9001)
   defining Unicode char U+232A (decimal 9002)
   defining Unicode char U+2423 (decimal 9251)
)
   defining Unicode char U+00A9 (decimal 169)
   defining Unicode char U+00AA (decimal 170)
   defining Unicode char U+00AE (decimal 174)
   defining Unicode char U+00BA (decimal 186)
   defining Unicode char U+02C6 (decimal 710)
   defining Unicode char U+02DC (decimal 732)
   defining Unicode char U+200C (decimal 8204)
   defining Unicode char U+2026 (decimal 8230)
   defining Unicode char U+2122 (decimal 8482)
   defining Unicode char U+2423 (decimal 9251)
))
(/usr/local/texlive/2015/texmf-dist/tex/latex/hyperref/hyperref.sty
Package: hyperref 2012/11/06 v6.83m Hypertext links for LaTeX

(/usr/local/texlive/2015/texmf-dist/tex/generic/oberdiek/hobsub-hyperref.sty
Package: hobsub-hyperref 2012/05/28 v1.13 Bundle oberdiek, subset hyperref (HO)


(/usr/local/texlive/2015/texmf-dist/tex/generic/oberdiek/hobsub-generic.sty
Package: hobsub-generic 2012/05/28 v1.13 Bundle oberdiek, subset generic (HO)
Package: hobsub 2012/05/28 v1.13 Construct package bundles (HO)
Package hobsub Info: Skipping package `infwarerr' (already loaded).
Package hobsub Info: Skipping package `ltxcmds' (already loaded).
Package: ifluatex 2010/03/01 v1.3 Provides the ifluatex switch (HO)
Package ifluatex Info: LuaTeX not detected.
Package hobsub Info: Skipping package `ifvtex' (already loaded).
Package: intcalc 2007/09/27 v1.1 Expandable calculations with integers (HO)
Package hobsub Info: Skipping package `ifpdf' (already loaded).
Package: etexcmds 2011/02/16 v1.5 Avoid name clashes with e-TeX commands (HO)
Package etexcmds Info: Could not find \expanded.
(etexcmds)             That can mean that you are not using pdfTeX 1.50 or
(etexcmds)             that some package has redefined \expanded.
(etexcmds)             In the latter case, load this package earlier.
Package: kvsetkeys 2012/04/25 v1.16 Key value parser (HO)
Package: kvdefinekeys 2011/04/07 v1.3 Define keys (HO)
Package: pdftexcmds 2011/11/29 v0.20 Utility functions of pdfTeX for LuaTeX (HO
)
Package pdftexcmds Info: LuaTeX not detected.
Package pdftexcmds Info: \pdf@primitive is available.
Package pdftexcmds Info: \pdf@ifprimitive is available.
Package pdftexcmds Info: \pdfdraftmode found.
Package: pdfescape 2011/11/25 v1.13 Implements pdfTeX's escape features (HO)
Package: bigintcalc 2012/04/08 v1.3 Expandable calculations on big integers (HO
)
Package: bitset 2011/01/30 v1.1 Handle bit-vector datatype (HO)
Package: uniquecounter 2011/01/30 v1.2 Provide unlimited unique counter (HO)
)
Package hobsub Info: Skipping package `hobsub' (already loaded).
Package: letltxmacro 2010/09/02 v1.4 Let assignment for LaTeX macros (HO)
Package: hopatch 2012/05/28 v1.2 Wrapper for package hooks (HO)
Package: xcolor-patch 2011/01/30 xcolor patch
Package: atveryend 2011/06/30 v1.8 Hooks at the very end of document (HO)
Package atveryend Info: \enddocument detected (standard20110627).
Package: atbegshi 2011/10/05 v1.16 At begin shipout hook (HO)
Package: refcount 2011/10/16 v3.4 Data extraction from label references (HO)
Package: hycolor 2011/01/30 v1.7 Color options for hyperref/bookmark (HO)
)
(/usr/local/texlive/2015/texmf-dist/tex/latex/oberdiek/auxhook.sty
Package: auxhook 2011/03/04 v1.3 Hooks for auxiliary files (HO)
)
(/usr/local/texlive/2015/texmf-dist/tex/latex/oberdiek/kvoptions.sty
Package: kvoptions 2011/06/30 v3.11 Key value format for package options (HO)
)
\@linkdim=\dimen131
\Hy@linkcounter=\count112
\Hy@pagecounter=\count113

(/usr/local/texlive/2015/texmf-dist/tex/latex/hyperref/pd1enc.def
File: pd1enc.def 2012/11/06 v6.83m Hyperref: PDFDocEncoding definition (HO)
Now handling font encoding PD1 ...
... no UTF-8 mapping file for font encoding PD1
)
\Hy@SavedSpaceFactor=\count114

(/usr/local/texlive/2015/texmf-dist/tex/latex/latexconfig/hyperref.cfg
File: hyperref.cfg 2002/06/06 v1.2 hyperref configuration of TeXLive
)
Package hyperref Info: Option `unicode' set `true' on input line 4319.

(/usr/local/texlive/2015/texmf-dist/tex/latex/hyperref/puenc.def
File: puenc.def 2012/11/06 v6.83m Hyperref: PDF Unicode definition (HO)
Now handling font encoding PU ...
... no UTF-8 mapping file for font encoding PU
)
Package hyperref Info: Hyper figures OFF on input line 4443.
Package hyperref Info: Link nesting OFF on input line 4448.
Package hyperref Info: Hyper index ON on input line 4451.
Package hyperref Info: Plain pages OFF on input line 4458.
Package hyperref Info: Backreferencing OFF on input line 4463.
Package hyperref Info: Implicit mode ON; LaTeX internals redefined.
Package hyperref Info: Bookmarks ON on input line 4688.
\c@Hy@tempcnt=\count115

(/usr/local/texlive/2015/texmf-dist/tex/latex/url/url.sty
\Urlmuskip=\muskip11
Package: url 2013/09/16  ver 3.4  Verb mode for urls, etc.
)
LaTeX Info: Redefining \url on input line 5041.
\XeTeXLinkMargin=\dimen132
\Fld@menulength=\count116
\Field@Width=\dimen133
\Fld@charsize=\dimen134
Package hyperref Info: Hyper figures OFF on input line 6295.
Package hyperref Info: Link nesting OFF on input line 6300.
Package hyperref Info: Hyper index ON on input line 6303.
Package hyperref Info: backreferencing OFF on input line 6310.
Package hyperref Info: Link coloring OFF on input line 6315.
Package hyperref Info: Link coloring with OCG OFF on input line 6320.
Package hyperref Info: PDF/A mode OFF on input line 6325.
LaTeX Info: Redefining \ref on input line 6365.
LaTeX Info: Redefining \pageref on input line 6369.
\Hy@abspage=\count117
\c@Item=\count118
\c@Hfootnote=\count119
)

Package hyperref Message: Driver: hpdftex.

(/usr/local/texlive/2015/texmf-dist/tex/latex/hyperref/hpdftex.def
File: hpdftex.def 2012/11/06 v6.83m Hyperref driver for pdfTeX
\Fld@listcount=\count120
\c@bookmark@seq@number=\count121

(/usr/local/texlive/2015/texmf-dist/tex/latex/oberdiek/rerunfilecheck.sty
Package: rerunfilecheck 2011/04/15 v1.7 Rerun checks for auxiliary files (HO)
Package uniquecounter Info: New unique counter `rerunfilecheck' on input line 2
82.
)
\Hy@SectionHShift=\skip51
)
(/usr/local/texlive/2015/texmf-dist/tex/latex/float/float.sty
Package: float 2001/11/08 v1.3d Float enhancements (AL)
\c@float@type=\count122
\float@exts=\toks23
\float@box=\box28
\@float@everytoks=\toks24
\@floatcapt=\box29
)
(/usr/local/texlive/2015/texmf-dist/tex/latex/tools/enumerate.sty
Package: enumerate 2014/10/28 v3.00 enumerate extensions (DPC)
\@enLab=\toks25
)
(/usr/local/texlive/2015/texmf-dist/tex/latex/enumitem/enumitem.sty
Package: enumitem 2011/09/28 v3.5.2 Customized lists
\labelindent=\skip52
\enit@outerparindent=\dimen135
\enit@toks=\toks26
\enit@inbox=\box30
\enitdp@description=\count123
)
(/usr/local/texlive/2015/texmf-dist/tex/latex/cases/cases.sty
Package: cases 2002/05/02 ver 2.5 
)
(/usr/local/texlive/2015/texmf-dist/tex/latex/titlepic/titlepic.sty
Package: titlepic 2009/08/03 1.1 Package to display a picture on the title page

)
(./Seminar_Digital_Design.aux (./Seminar_Digital_Design/chapter.aux))
\openout1 = `Seminar_Digital_Design.aux'.

LaTeX Font Info:    Checking defaults for OML/cmm/m/it on input line 35.
LaTeX Font Info:    ... okay on input line 35.
LaTeX Font Info:    Checking defaults for T1/cmr/m/n on input line 35.
LaTeX Font Info:    ... okay on input line 35.
LaTeX Font Info:    Checking defaults for OT1/cmr/m/n on input line 35.
LaTeX Font Info:    ... okay on input line 35.
LaTeX Font Info:    Checking defaults for OMS/cmsy/m/n on input line 35.
LaTeX Font Info:    ... okay on input line 35.
LaTeX Font Info:    Checking defaults for OMX/cmex/m/n on input line 35.
LaTeX Font Info:    ... okay on input line 35.
LaTeX Font Info:    Checking defaults for U/cmr/m/n on input line 35.
LaTeX Font Info:    ... okay on input line 35.
LaTeX Font Info:    Checking defaults for T2A/cmr/m/n on input line 35.
LaTeX Font Info:    ... okay on input line 35.
LaTeX Font Info:    Checking defaults for PD1/pdf/m/n on input line 35.
LaTeX Font Info:    ... okay on input line 35.
LaTeX Font Info:    Checking defaults for PU/pdf/m/n on input line 35.
LaTeX Font Info:    ... okay on input line 35.

*geometry* driver: auto-detecting
*geometry* detected driver: pdftex
*geometry* verbose mode - [ preamble ] result:
* driver: pdftex
* paper: a4paper
* layout: <same size as paper>
* layoutoffset:(h,v)=(0.0pt,0.0pt)
* modes: 
* h-part:(L,W,R)=(81.94394pt, 433.62pt, 81.94394pt)
* v-part:(T,H,B)=(48.93872pt, 722.7pt, 73.40813pt)
* \paperwidth=597.50787pt
* \paperheight=845.04684pt
* \textwidth=433.62pt
* \textheight=722.7pt
* \oddsidemargin=9.67395pt
* \evensidemargin=9.67395pt
* \topmargin=-60.33127pt
* \headheight=12.0pt
* \headsep=25.0pt
* \topskip=11.0pt
* \footskip=30.0pt
* \marginparwidth=59.0pt
* \marginparsep=10.0pt
* \columnsep=10.0pt
* \skip\footins=10.0pt plus 4.0pt minus 2.0pt
* \hoffset=0.0pt
* \voffset=0.0pt
* \mag=1000
* \@twocolumnfalse
* \@twosidefalse
* \@mparswitchfalse
* \@reversemarginfalse
* (1in=72.27pt=25.4mm, 1cm=28.453pt)

(/usr/local/texlive/2015/texmf-dist/tex/context/base/supp-pdf.mkii
[Loading MPS to PDF converter (version 2006.09.02).]
\scratchcounter=\count124
\scratchdimen=\dimen136
\scratchbox=\box31
\nofMPsegments=\count125
\nofMParguments=\count126
\everyMPshowfont=\toks27
\MPscratchCnt=\count127
\MPscratchDim=\dimen137
\MPnumerator=\count128
\makeMPintoPDFobject=\count129
\everyMPtoPDFconversion=\toks28
) (/usr/local/texlive/2015/texmf-dist/tex/latex/oberdiek/epstopdf-base.sty
Package: epstopdf-base 2010/02/09 v2.5 Base part for package epstopdf

(/usr/local/texlive/2015/texmf-dist/tex/latex/oberdiek/grfext.sty
Package: grfext 2010/08/19 v1.1 Manage graphics extensions (HO)
)
Package grfext Info: Graphics extension search list:
(grfext)             [.png,.pdf,.jpg,.mps,.jpeg,.jbig2,.jb2,.PNG,.PDF,.JPG,.JPE
G,.JBIG2,.JB2,.eps]
(grfext)             \AppendGraphicsExtensions on input line 452.

(/usr/local/texlive/2015/texmf-dist/tex/latex/latexconfig/epstopdf-sys.cfg
File: epstopdf-sys.cfg 2010/07/13 v1.3 Configuration of (r)epstopdf for TeX Liv
e
))
Package caption Info: Begin \AtBeginDocument code.
Package caption Info: subfig package v1.3 is loaded.
Package caption Info: float package is loaded.
Package caption Info: hyperref package is loaded.
Package caption Info: End \AtBeginDocument code.
\AtBeginShipoutBox=\box32
Package hyperref Info: Link coloring OFF on input line 35.

(/usr/local/texlive/2015/texmf-dist/tex/latex/hyperref/nameref.sty
Package: nameref 2012/10/27 v2.43 Cross-referencing by name of section

(/usr/local/texlive/2015/texmf-dist/tex/generic/oberdiek/gettitlestring.sty
Package: gettitlestring 2010/12/03 v1.4 Cleanup title references (HO)
)
\c@section@level=\count130
)
LaTeX Info: Redefining \ref on input line 35.
LaTeX Info: Redefining \pageref on input line 35.
LaTeX Info: Redefining \nameref on input line 35.

(./Seminar_Digital_Design.out) (./Seminar_Digital_Design.out)
\@outlinefile=\write3
\openout3 = `Seminar_Digital_Design.out'.

LaTeX Font Info:    Try loading font information for U+msa on input line 36.

(/usr/local/texlive/2015/texmf-dist/tex/latex/amsfonts/umsa.fd
File: umsa.fd 2013/01/14 v3.01 AMS symbols A
)
LaTeX Font Info:    Try loading font information for U+msb on input line 36.

(/usr/local/texlive/2015/texmf-dist/tex/latex/amsfonts/umsb.fd
File: umsb.fd 2013/01/14 v3.01 AMS symbols B
)
<01_introduction/pics/cividecpcvd.png, id=136, 284.56313pt x 187.70125pt>
File: 01_introduction/pics/cividecpcvd.png Graphic file (type png)

<use 01_introduction/pics/cividecpcvd.png>
Package pdftex.def Info: 01_introduction/pics/cividecpcvd.png used on input lin
e 36.
(pdftex.def)             Requested size: 346.89731pt x 228.84053pt.
 [1

{/usr/local/texlive/2015/texmf-var/fonts/map/pdftex/updmap/pdftex.map} <./01_in
troduction/pics/cividecpcvd.png>]
\openout2 = `Seminar_Digital_Design/chapter.aux'.


(./Seminar_Digital_Design/chapter.tex
<02_pulse_formation/pics/plots/driftboth.pdf, id=148, 189.20688pt x 139.52126pt
>
File: 02_pulse_formation/pics/plots/driftboth.pdf Graphic file (type pdf)
 <use 02_pulse_formation/pics/plots/driftboth.pdf>
Package pdftex.def Info: 02_pulse_formation/pics/plots/driftboth.pdf used on in
put line 11.
(pdftex.def)             Requested size: 303.53267pt x 223.84743pt.
pdfTeX warning (ext4): destination with the same identifier (name{page.1}) has 
been already used, duplicate ignored
<to be read again> 
                   \relax 
l.31 
      [1

 <./02_pulse_formation/pics/plots/driftboth.pdf>]

Package caption Warning: The option `hypcap=true' will be ignored for this
(caption)                particular \caption on input line 50.
See the caption package documentation for explanation.

[2]
<../../../CIVIDEC/dataRead/data/plots/pulse/alpha2params.pdf, id=199, 569.12625
pt x 410.53375pt>
File: ../../../CIVIDEC/dataRead/data/plots/pulse/alpha2params.pdf Graphic file 
(type pdf)

<use ../../../CIVIDEC/dataRead/data/plots/pulse/alpha2params.pdf>
Package pdftex.def Info: ../../../CIVIDEC/dataRead/data/plots/pulse/alpha2param
s.pdf used on input line 67.
(pdftex.def)             Requested size: 303.53267pt x 218.95998pt.

<05_current_monitoring/plots/formfac1.pdf, id=200, 2067.725pt x 652.4375pt>
File: 05_current_monitoring/plots/formfac1.pdf Graphic file (type pdf)

<use 05_current_monitoring/plots/formfac1.pdf>
Package pdftex.def Info: 05_current_monitoring/plots/formfac1.pdf used on input
 line 75.
(pdftex.def)             Requested size: 303.53267pt x 95.77077pt.
 [3 <../../../CIVIDEC/dataRead/data/plots/pulse/alpha2params.pdf, page is rotat
ed 90 degrees>]
<05_current_monitoring/plots/application.pdf, id=253, 318.18875pt x 175.15437pt
>
File: 05_current_monitoring/plots/application.pdf Graphic file (type pdf)
 <use 05_current_monitoring/plots/application.pdf>
Package pdftex.def Info: 05_current_monitoring/plots/application.pdf used on in
put line 109.
(pdftex.def)             Requested size: 303.53267pt x 167.08525pt.
 [4 <./05_current_monitoring/plots/formfac1.pdf> <./05_current_monitoring/plots
/application.pdf>]
<05_current_monitoring/plots/analysis1.pdf, id=316, 2720.1625pt x 1776.6375pt>
File: 05_current_monitoring/plots/analysis1.pdf Graphic file (type pdf)

<use 05_current_monitoring/plots/analysis1.pdf>
Package pdftex.def Info: 05_current_monitoring/plots/analysis1.pdf used on inpu
t line 130.
(pdftex.def)             Requested size: 303.53267pt x 198.25009pt.
 [5 <./05_current_monitoring/plots/analysis1.pdf>] [6]
<05_current_monitoring/plots/pulse1.pdf, id=350, 4727.6625pt x 2459.1875pt>
File: 05_current_monitoring/plots/pulse1.pdf Graphic file (type pdf)

<use 05_current_monitoring/plots/pulse1.pdf>
Package pdftex.def Info: 05_current_monitoring/plots/pulse1.pdf used on input l
ine 177.
(pdftex.def)             Requested size: 303.53267pt x 157.86401pt.

<05_current_monitoring/plots/width2.pdf, id=353, 3227.05624pt x 642.4pt>
File: 05_current_monitoring/plots/width2.pdf Graphic file (type pdf)

<use 05_current_monitoring/plots/width2.pdf>
Package pdftex.def Info: 05_current_monitoring/plots/width2.pdf used on input l
ine 188.
(pdftex.def)             Requested size: 411.93767pt x 81.99557pt.

<05_current_monitoring/plots/area2.pdf, id=354, 3227.05624pt x 843.15pt>
File: 05_current_monitoring/plots/area2.pdf Graphic file (type pdf)

<use 05_current_monitoring/plots/area2.pdf>
Package pdftex.def Info: 05_current_monitoring/plots/area2.pdf used on input li
ne 195.
(pdftex.def)             Requested size: 411.93767pt x 107.6192pt.
 [7 <./05_current_monitoring/plots/pulse1.pdf> <./05_current_monitoring/plots/w
idth2.pdf>]
<05_current_monitoring/plots/controller.pdf, id=402, 1761.58125pt x 1590.94376p
t>
File: 05_current_monitoring/plots/controller.pdf Graphic file (type pdf)
 <use 05_current_monitoring/plots/controller.pdf>
Package pdftex.def Info: 05_current_monitoring/plots/controller.pdf used on inp
ut line 245.
(pdftex.def)             Requested size: 260.17464pt x 234.96562pt.
 [8 <./05_current_monitoring/plots/area2.pdf> <./05_current_monitoring/plots/co
ntroller.pdf>]
<../scripts/05_current_monitoring/PulseGenTests/plots/freq.pdf, id=445, 569.126
25pt x 368.37625pt>
File: ../scripts/05_current_monitoring/PulseGenTests/plots/freq.pdf Graphic fil
e (type pdf)

<use ../scripts/05_current_monitoring/PulseGenTests/plots/freq.pdf>
Package pdftex.def Info: ../scripts/05_current_monitoring/PulseGenTests/plots/f
req.pdf used on input line 298.
(pdftex.def)             Requested size: 303.53267pt x 196.47508pt.
 [9 <../scripts/05_current_monitoring/PulseGenTests/plots/freq.pdf, page is rot
ated 90 degrees>]
<../scripts/05_current_monitoring/PulseGenTests/plots/ratioAmpl1.pdf, id=497, 5
69.12625pt x 368.37625pt>
File: ../scripts/05_current_monitoring/PulseGenTests/plots/ratioAmpl1.pdf Graph
ic file (type pdf)

<use ../scripts/05_current_monitoring/PulseGenTests/plots/ratioAmpl1.pdf>
Package pdftex.def Info: ../scripts/05_current_monitoring/PulseGenTests/plots/r
atioAmpl1.pdf used on input line 309.
(pdftex.def)             Requested size: 203.80193pt x 131.91272pt.

<../scripts/05_current_monitoring/PulseGenTests/plots/ratioWidth1.pdf, id=498, 
569.12625pt x 368.37625pt>
File: ../scripts/05_current_monitoring/PulseGenTests/plots/ratioWidth1.pdf Grap
hic file (type pdf)

<use ../scripts/05_current_monitoring/PulseGenTests/plots/ratioWidth1.pdf>
Package pdftex.def Info: ../scripts/05_current_monitoring/PulseGenTests/plots/r
atioWidth1.pdf used on input line 310.
(pdftex.def)             Requested size: 203.80193pt x 131.91272pt.

Overfull \hbox (5.24496pt too wide) in paragraph at lines 308--312
[][] 
 []


<../scripts/05_current_monitoring/PulseGenTests/plots/snrAmpl1.pdf, id=502, 569
.12625pt x 368.37625pt>
File: ../scripts/05_current_monitoring/PulseGenTests/plots/snrAmpl1.pdf Graphic
 file (type pdf)

<use ../scripts/05_current_monitoring/PulseGenTests/plots/snrAmpl1.pdf>
Package pdftex.def Info: ../scripts/05_current_monitoring/PulseGenTests/plots/s
nrAmpl1.pdf used on input line 323.
(pdftex.def)             Requested size: 203.80193pt x 131.91272pt.

<../scripts/05_current_monitoring/PulseGenTests/plots/snrWidth1.pdf, id=503, 56
9.12625pt x 368.37625pt>
File: ../scripts/05_current_monitoring/PulseGenTests/plots/snrWidth1.pdf Graphi
c file (type pdf)

<use ../scripts/05_current_monitoring/PulseGenTests/plots/snrWidth1.pdf>
Package pdftex.def Info: ../scripts/05_current_monitoring/PulseGenTests/plots/s
nrWidth1.pdf used on input line 325.
(pdftex.def)             Requested size: 203.80193pt x 131.91272pt.

<../scripts/05_current_monitoring/PulseGenTests/plots/snrArea1.pdf, id=504, 569
.12625pt x 368.37625pt>
File: ../scripts/05_current_monitoring/PulseGenTests/plots/snrArea1.pdf Graphic
 file (type pdf)

<use ../scripts/05_current_monitoring/PulseGenTests/plots/snrArea1.pdf>
Package pdftex.def Info: ../scripts/05_current_monitoring/PulseGenTests/plots/s
nrArea1.pdf used on input line 328.
(pdftex.def)             Requested size: 203.80193pt x 131.91272pt.

Overfull \hbox (5.24496pt too wide) in paragraph at lines 322--330
[][] 
 []


<../scripts/05_current_monitoring/plot4alpha/plots/4alphaCompare.pdf, id=505, 5
69.12625pt x 364.36125pt>
File: ../scripts/05_current_monitoring/plot4alpha/plots/4alphaCompare.pdf Graph
ic file (type pdf)

<use ../scripts/05_current_monitoring/plot4alpha/plots/4alphaCompare.pdf>
Package pdftex.def Info: ../scripts/05_current_monitoring/plot4alpha/plots/4alp
haCompare.pdf used on input line 346.
(pdftex.def)             Requested size: 303.53267pt x 194.33366pt.

[10 <../scripts/05_current_monitoring/PulseGenTests/plots/ratioAmpl1.pdf, page 
is rotated 90 degrees> <../scripts/05_current_monitoring/PulseGenTests/plots/ra
tioWidth1.pdf, page is rotated 90 degrees>]

Package caption Warning: The option `hypcap=true' will be ignored for this
(caption)                particular \caption on input line 385.
See the caption package documentation for explanation.

[11 <../scripts/05_current_monitoring/PulseGenTests/plots/snrAmpl1.pdf, page is
 rotated 90 degrees> <../scripts/05_current_monitoring/PulseGenTests/plots/snrW
idth1.pdf, page is rotated 90 degrees> <../scripts/05_current_monitoring/PulseG
enTests/plots/snrArea1.pdf, page is rotated 90 degrees> <../scripts/05_current_
monitoring/plot4alpha/plots/4alphaCompare.pdf, page is rotated 90 degrees>]
[12]
<../../../CIVIDEC/dataRead/data/plots/reportATI/27-pulse-background-1.pdf, id=8
03, 569.12625pt x 410.53375pt>
File: ../../../CIVIDEC/dataRead/data/plots/reportATI/27-pulse-background-1.pdf 
Graphic file (type pdf)

<use ../../../CIVIDEC/dataRead/data/plots/reportATI/27-pulse-background-1.pdf>
Package pdftex.def Info: ../../../CIVIDEC/dataRead/data/plots/reportATI/27-puls
e-background-1.pdf used on input line 402.
(pdftex.def)             Requested size: 190.79385pt x 137.62518pt.

<../../../CIVIDEC/dataRead/data/plots/reportATI/10-pulse-alpha-e-0.pdf, id=804,
 569.12625pt x 410.53375pt>
File: ../../../CIVIDEC/dataRead/data/plots/reportATI/10-pulse-alpha-e-0.pdf Gra
phic file (type pdf)

<use ../../../CIVIDEC/dataRead/data/plots/reportATI/10-pulse-alpha-e-0.pdf>
Package pdftex.def Info: ../../../CIVIDEC/dataRead/data/plots/reportATI/10-puls
e-alpha-e-0.pdf used on input line 403.
(pdftex.def)             Requested size: 190.79385pt x 137.62518pt.

<../../../CIVIDEC/dataRead/data/plots/reportATI/18-pulse-alpha-h-0.pdf, id=805,
 569.12625pt x 410.53375pt>
File: ../../../CIVIDEC/dataRead/data/plots/reportATI/18-pulse-alpha-h-0.pdf Gra
phic file (type pdf)

<use ../../../CIVIDEC/dataRead/data/plots/reportATI/18-pulse-alpha-h-0.pdf>
Package pdftex.def Info: ../../../CIVIDEC/dataRead/data/plots/reportATI/18-puls
e-alpha-h-0.pdf used on input line 404.
(pdftex.def)             Requested size: 190.79385pt x 137.62518pt.

<../../../CIVIDEC/dataRead/data/plots/reportATI/13-pulse-beta-0.pdf, id=806, 56
9.12625pt x 410.53375pt>
File: ../../../CIVIDEC/dataRead/data/plots/reportATI/13-pulse-beta-0.pdf Graphi
c file (type pdf)

<use ../../../CIVIDEC/dataRead/data/plots/reportATI/13-pulse-beta-0.pdf>
Package pdftex.def Info: ../../../CIVIDEC/dataRead/data/plots/reportATI/13-puls
e-beta-0.pdf used on input line 405.
(pdftex.def)             Requested size: 190.79385pt x 137.62518pt.

<../../../CIVIDEC/dataRead/data/plots/reportATI/12-pulse-gamma-0.pdf, id=807, 5
69.12625pt x 410.53375pt>
File: ../../../CIVIDEC/dataRead/data/plots/reportATI/12-pulse-gamma-0.pdf Graph
ic file (type pdf)

<use ../../../CIVIDEC/dataRead/data/plots/reportATI/12-pulse-gamma-0.pdf>
Package pdftex.def Info: ../../../CIVIDEC/dataRead/data/plots/reportATI/12-puls
e-gamma-0.pdf used on input line 406.
(pdftex.def)             Requested size: 190.79385pt x 137.62518pt.

<../../../CIVIDEC/dataRead/data/plots/reportATI/15-pulse-neutron-0.pdf, id=808,
 569.12625pt x 410.53375pt>
File: ../../../CIVIDEC/dataRead/data/plots/reportATI/15-pulse-neutron-0.pdf Gra
phic file (type pdf)

<use ../../../CIVIDEC/dataRead/data/plots/reportATI/15-pulse-neutron-0.pdf>
Package pdftex.def Info: ../../../CIVIDEC/dataRead/data/plots/reportATI/15-puls
e-neutron-0.pdf used on input line 407.
(pdftex.def)             Requested size: 190.79385pt x 137.62518pt.

[13 <../../../CIVIDEC/dataRead/data/plots/reportATI/27-pulse-background-1.pdf, 
page is rotated 90 degrees> <../../../CIVIDEC/dataRead/data/plots/reportATI/10-
pulse-alpha-e-0.pdf, page is rotated 90 degrees> <../../../CIVIDEC/dataRead/dat
a/plots/reportATI/18-pulse-alpha-h-0.pdf, page is rotated 90 degrees> <../../..
/CIVIDEC/dataRead/data/plots/reportATI/13-pulse-beta-0.pdf, page is rotated 90 
degrees> <../../../CIVIDEC/dataRead/data/plots/reportATI/12-pulse-gamma-0.pdf, 
page is rotated 90 degrees> <../../../CIVIDEC/dataRead/data/plots/reportATI/15-
pulse-neutron-0.pdf, page is rotated 90 degrees>]
LaTeX Font Info:    Try loading font information for OMS+cmr on input line 417.


(/usr/local/texlive/2015/texmf-dist/tex/latex/base/omscmr.fd
File: omscmr.fd 2014/09/29 v2.5h Standard LaTeX font definitions
)
LaTeX Font Info:    Font shape `OMS/cmr/m/n' in size <10.95> not available
(Font)              Font shape `OMS/cmsy/m/n' tried instead on input line 417.


Package hyperref Warning: Token not allowed in a PDF string (Unicode):
(hyperref)                removing `math shift' on input line 439.


Package hyperref Warning: Token not allowed in a PDF string (Unicode):
(hyperref)                removing `superscript' on input line 439.


Package hyperref Warning: Token not allowed in a PDF string (Unicode):
(hyperref)                removing `math shift' on input line 439.

[14


]
<../../../CIVIDEC/dataRead/data/plots/reportATI/10-scatter-0_add4.pdf, id=1094,
 329.76741pt x 453.53691pt>
File: ../../../CIVIDEC/dataRead/data/plots/reportATI/10-scatter-0_add4.pdf Grap
hic file (type pdf)

<use ../../../CIVIDEC/dataRead/data/plots/reportATI/10-scatter-0_add4.pdf>
Package pdftex.def Info: ../../../CIVIDEC/dataRead/data/plots/reportATI/10-scat
ter-0_add4.pdf used on input line 461.
(pdftex.def)             Requested size: 429.28616pt x 590.43529pt.

<../../../CIVIDEC/dataRead/data/plots/reportATI/18-scatter-0.pdf, id=1095, 531.
9875pt x 739.76375pt>
File: ../../../CIVIDEC/dataRead/data/plots/reportATI/18-scatter-0.pdf Graphic f
ile (type pdf)

<use ../../../CIVIDEC/dataRead/data/plots/reportATI/18-scatter-0.pdf>
Package pdftex.def Info: ../../../CIVIDEC/dataRead/data/plots/reportATI/18-scat
ter-0.pdf used on input line 469.
(pdftex.def)             Requested size: 429.28616pt x 596.95906pt.

<../../../CIVIDEC/dataRead/data/plots/reportATI/10-area-0.pdf, id=1098, 569.126
25pt x 410.53375pt>
File: ../../../CIVIDEC/dataRead/data/plots/reportATI/10-area-0.pdf Graphic file
 (type pdf)

<use ../../../CIVIDEC/dataRead/data/plots/reportATI/10-area-0.pdf>
Package pdftex.def Info: ../../../CIVIDEC/dataRead/data/plots/reportATI/10-area
-0.pdf used on input line 479.
(pdftex.def)             Requested size: 303.53267pt x 218.95998pt.

<../../../CIVIDEC/dataRead/data/plots/reportATI/18-area-0.pdf, id=1099, 569.126
25pt x 410.53375pt>
File: ../../../CIVIDEC/dataRead/data/plots/reportATI/18-area-0.pdf Graphic file
 (type pdf)

<use ../../../CIVIDEC/dataRead/data/plots/reportATI/18-area-0.pdf>
Package pdftex.def Info: ../../../CIVIDEC/dataRead/data/plots/reportATI/18-area
-0.pdf used on input line 480.
(pdftex.def)             Requested size: 303.53267pt x 218.95998pt.
 [15]
[16 <../../../CIVIDEC/dataRead/data/plots/reportATI/10-scatter-0_add4.pdf>]
[17 <../../../CIVIDEC/dataRead/data/plots/reportATI/18-scatter-0.pdf>] [18 <../
../../CIVIDEC/dataRead/data/plots/reportATI/10-area-0.pdf, page is rotated 90 d
egrees> <../../../CIVIDEC/dataRead/data/plots/reportATI/18-area-0.pdf, page is 
rotated 90 degrees>]

Package hyperref Warning: Token not allowed in a PDF string (Unicode):
(hyperref)                removing `math shift' on input line 487.


Package hyperref Warning: Token not allowed in a PDF string (Unicode):
(hyperref)                removing `superscript' on input line 487.


Package hyperref Warning: Token not allowed in a PDF string (Unicode):
(hyperref)                removing `math shift' on input line 487.


Package hyperref Warning: Token not allowed in a PDF string (Unicode):
(hyperref)                removing `math shift' on input line 487.


Package hyperref Warning: Token not allowed in a PDF string (Unicode):
(hyperref)                removing `superscript' on input line 487.


Package hyperref Warning: Token not allowed in a PDF string (Unicode):
(hyperref)                removing `math shift' on input line 487.


LaTeX Warning: No positions in optional float specifier.
               Default added (so using `tbp') on input line 492.


<../../../CIVIDEC/dataRead/data/plots/reportATI/13-scatter-0.pdf, id=1279, 531.
9875pt x 739.76375pt>
File: ../../../CIVIDEC/dataRead/data/plots/reportATI/13-scatter-0.pdf Graphic f
ile (type pdf)

<use ../../../CIVIDEC/dataRead/data/plots/reportATI/13-scatter-0.pdf>
Package pdftex.def Info: ../../../CIVIDEC/dataRead/data/plots/reportATI/13-scat
ter-0.pdf used on input line 494.
(pdftex.def)             Requested size: 429.28616pt x 596.95906pt.


LaTeX Warning: No positions in optional float specifier.
               Default added (so using `tbp') on input line 500.


<../../../CIVIDEC/dataRead/data/plots/reportATI/12-scatter-0.pdf, id=1280, 531.
9875pt x 739.76375pt>
File: ../../../CIVIDEC/dataRead/data/plots/reportATI/12-scatter-0.pdf Graphic f
ile (type pdf)

<use ../../../CIVIDEC/dataRead/data/plots/reportATI/12-scatter-0.pdf>
Package pdftex.def Info: ../../../CIVIDEC/dataRead/data/plots/reportATI/12-scat
ter-0.pdf used on input line 502.
(pdftex.def)             Requested size: 429.28616pt x 596.95906pt.


LaTeX Warning: No positions in optional float specifier.
               Default added (so using `tbp') on input line 507.


<../../../CIVIDEC/dataRead/data/plots/reportATI/13-area-0.pdf, id=1281, 569.126
25pt x 410.53375pt>
File: ../../../CIVIDEC/dataRead/data/plots/reportATI/13-area-0.pdf Graphic file
 (type pdf)

<use ../../../CIVIDEC/dataRead/data/plots/reportATI/13-area-0.pdf>
Package pdftex.def Info: ../../../CIVIDEC/dataRead/data/plots/reportATI/13-area
-0.pdf used on input line 510.
(pdftex.def)             Requested size: 303.53267pt x 218.95998pt.

<../../../CIVIDEC/dataRead/data/plots/reportATI/12-area-0.pdf, id=1282, 569.126
25pt x 410.53375pt>
File: ../../../CIVIDEC/dataRead/data/plots/reportATI/12-area-0.pdf Graphic file
 (type pdf)

<use ../../../CIVIDEC/dataRead/data/plots/reportATI/12-area-0.pdf>
Package pdftex.def Info: ../../../CIVIDEC/dataRead/data/plots/reportATI/12-area
-0.pdf used on input line 511.
(pdftex.def)             Requested size: 303.53267pt x 218.95998pt.
 [19

]
[20 <../../../CIVIDEC/dataRead/data/plots/reportATI/13-scatter-0.pdf>] [21 <../
../../CIVIDEC/dataRead/data/plots/reportATI/12-scatter-0.pdf>] [22 <../../../CI
VIDEC/dataRead/data/plots/reportATI/13-area-0.pdf, page is rotated 90 degrees> 
<../../../CIVIDEC/dataRead/data/plots/reportATI/12-area-0.pdf, page is rotated 
90 degrees>] [23

]

LaTeX Warning: No positions in optional float specifier.
               Default added (so using `tbp') on input line 621.


<../../../CIVIDEC/dataRead/data/plots/triga-08-scatter-1_add2.pdf, id=1488, 329
.76741pt x 170.7165pt>
File: ../../../CIVIDEC/dataRead/data/plots/triga-08-scatter-1_add2.pdf Graphic 
file (type pdf)

<use ../../../CIVIDEC/dataRead/data/plots/triga-08-scatter-1_add2.pdf>
Package pdftex.def Info: ../../../CIVIDEC/dataRead/data/plots/triga-08-scatter-
1_add2.pdf used on input line 623.
(pdftex.def)             Requested size: 429.28616pt x 222.24661pt.
 [24 <../../../CIVIDEC/dataRead/data/plots/triga-08-scatter-1_add2.pdf>]
<../../../CIVIDEC/dataRead/data/plots/triga-08-area-0.pdf, id=1528, 569.12625pt
 x 410.53375pt>
File: ../../../CIVIDEC/dataRead/data/plots/triga-08-area-0.pdf Graphic file (ty
pe pdf)
 <use ../../../CIVIDEC/dataRead/data/plots/triga-08-area-0.pdf>
Package pdftex.def Info: ../../../CIVIDEC/dataRead/data/plots/triga-08-area-0.p
df used on input line 634.
(pdftex.def)             Requested size: 303.53267pt x 218.95998pt.

[25 <../../../CIVIDEC/dataRead/data/plots/triga-08-area-0.pdf, page is rotated 
90 degrees>]

LaTeX Warning: No positions in optional float specifier.
               Default added (so using `tbp') on input line 682.


<../../../CIVIDEC/dataRead/data/plots/reportATI/15-scatter-0_add2.pdf, id=1586,
 329.76741pt x 453.53691pt>
File: ../../../CIVIDEC/dataRead/data/plots/reportATI/15-scatter-0_add2.pdf Grap
hic file (type pdf)

<use ../../../CIVIDEC/dataRead/data/plots/reportATI/15-scatter-0_add2.pdf>
Package pdftex.def Info: ../../../CIVIDEC/dataRead/data/plots/reportATI/15-scat
ter-0_add2.pdf used on input line 684.
(pdftex.def)             Requested size: 429.28616pt x 590.43529pt.


LaTeX Warning: No positions in optional float specifier.
               Default added (so using `tbp') on input line 689.


<../../../CIVIDEC/dataRead/data/plots/reportATI/15-area-4.pdf, id=1587, 569.126
25pt x 410.53375pt>
File: ../../../CIVIDEC/dataRead/data/plots/reportATI/15-area-4.pdf Graphic file
 (type pdf)

<use ../../../CIVIDEC/dataRead/data/plots/reportATI/15-area-4.pdf>
Package pdftex.def Info: ../../../CIVIDEC/dataRead/data/plots/reportATI/15-area
-4.pdf used on input line 691.
(pdftex.def)             Requested size: 303.53267pt x 218.95998pt.
 [26]
[27 <../../../CIVIDEC/dataRead/data/plots/reportATI/15-scatter-0_add2.pdf>])
[28 <../../../CIVIDEC/dataRead/data/plots/reportATI/15-area-4.pdf, page is rota
ted 90 degrees>] (./Seminar_Digital_Design.bbl
Underfull \hbox (badness 10000) in paragraph at lines 35--37
[]\T2A/cmr/m/it/10.95 Atominstitut, Tech-ni-cal Uni-ver-sity of Vi-enna, Aus-tr
ia\T2A/cmr/m/n/10.95 .
 []

)
Package atveryend Info: Empty hook `BeforeClearDocument' on input line 47.
 [29

]
Package atveryend Info: Empty hook `AfterLastShipout' on input line 47.
 (./Seminar_Digital_Design.aux (./Seminar_Digital_Design/chapter.aux))
Package atveryend Info: Executing hook `AtVeryEndDocument' on input line 47.
Package atveryend Info: Executing hook `AtEndAfterFileList' on input line 47.
Package rerunfilecheck Info: File `Seminar_Digital_Design.out' has not changed.

(rerunfilecheck)             Checksum: 564870F3AB2155F445720AD4247BFC10;5294.
Package atveryend Info: Empty hook `AtVeryVeryEnd' on input line 47.
 ) 
Here is how much of TeX's memory you used:
 12833 strings out of 493089
 188184 string characters out of 6134843
 264883 words of memory out of 5000000
 15989 multiletter control sequences out of 15000+600000
 22816 words of font info for 66 fonts, out of 8000000 for 9000
 1141 hyphenation exceptions out of 8191
 36i,18n,49p,1635b,578s stack positions out of 5000i,500n,10000p,200000b,80000s
{/usr/local/texlive/2015/texmf-dist/fonts/enc/dvips/cm-super/cm-super-t2a.enc
}</usr/local/texlive/2015/texmf-dist/fonts/type1/public/amsfonts/cm/cmbx8.pfb><
/usr/local/texlive/2015/texmf-dist/fonts/type1/public/amsfonts/cm/cmmi10.pfb></
usr/local/texlive/2015/texmf-dist/fonts/type1/public/amsfonts/cm/cmmi8.pfb></us
r/local/texlive/2015/texmf-dist/fonts/type1/public/amsfonts/cm/cmmi9.pfb></usr/
local/texlive/2015/texmf-dist/fonts/type1/public/amsfonts/cm/cmr10.pfb></usr/lo
cal/texlive/2015/texmf-dist/fonts/type1/public/amsfonts/cm/cmr6.pfb></usr/local
/texlive/2015/texmf-dist/fonts/type1/public/amsfonts/cm/cmr8.pfb></usr/local/te
xlive/2015/texmf-dist/fonts/type1/public/amsfonts/cm/cmsy10.pfb></usr/local/tex
live/2015/texmf-dist/fonts/type1/public/amsfonts/cm/cmsy6.pfb></usr/local/texli
ve/2015/texmf-dist/fonts/type1/public/amsfonts/cm/cmsy8.pfb></usr/local/texlive
/2015/texmf-dist/fonts/type1/public/amsfonts/euler/eurm10.pfb></usr/local/texli
ve/2015/texmf-dist/fonts/type1/public/cm-super/sfbx1095.pfb></usr/local/texlive
/2015/texmf-dist/fonts/type1/public/cm-super/sfbx1200.pfb></usr/local/texlive/2
015/texmf-dist/fonts/type1/public/cm-super/sfbx1440.pfb></usr/local/texlive/201
5/texmf-dist/fonts/type1/public/cm-super/sfrm0800.pfb></usr/local/texlive/2015/
texmf-dist/fonts/type1/public/cm-super/sfrm0900.pfb></usr/local/texlive/2015/te
xmf-dist/fonts/type1/public/cm-super/sfrm1095.pfb></usr/local/texlive/2015/texm
f-dist/fonts/type1/public/cm-super/sfrm1200.pfb></usr/local/texlive/2015/texmf-
dist/fonts/type1/public/cm-super/sfrm1728.pfb></usr/local/texlive/2015/texmf-di
st/fonts/type1/public/cm-super/sfti1095.pfb>
Output written on Seminar_Digital_Design.pdf (30 pages, 1977516 bytes).
PDF statistics:
 1773 PDF objects out of 2073 (max. 8388607)
 1045 compressed objects within 11 object streams
 116 named destinations out of 1000 (max. 500000)
 440 words of extra memory for PDF output out of 10000 (max. 10000000)

